[2026-03-10T09:15:45.359Z] === pregenerate-exegesis started ===
[2026-03-10T09:15:45.359Z]   Dry run: false, Resume: true
[2026-03-10T09:15:45.359Z]   Min importance: 8, Limit: 1
[2026-03-10T09:15:45.359Z]   Log file: /Users/benson/dev/fun/easybible/seedlight-backend/logs/pregenerate-exegesis.log
[2026-03-10T09:15:48.557Z]   Resume: 9 complete, 3593/3602 remaining
[2026-03-10T09:15:48.557Z]   Limited to 1 passages
[2026-03-10T09:15:48.557Z]   Processing 1 passages (×4 segments = 4 exegeses)
[2026-03-10T09:17:10.533Z] [1/1] 诗篇 121:7-8 (imp=10) → 4 segments (79.3s)
[2026-03-10T09:17:10.534Z] === pregenerate-exegesis done (1.4 min) ===
[2026-03-10T09:17:10.534Z]   Processed: 1, Errors: 0
[2026-03-10T09:17:11.162Z]   DB total: 40 exegeses
[2026-03-10T09:18:18.938Z] === pregenerate-exegesis started ===
[2026-03-10T09:18:18.938Z]   Dry run: false, Resume: true
[2026-03-10T09:18:18.938Z]   Min importance: 8, Limit: none
[2026-03-10T09:18:18.938Z]   Log file: /Users/benson/dev/fun/easybible/seedlight-backend/logs/pregenerate-exegesis.log
[2026-03-10T09:18:22.073Z]   Resume: 10 complete, 3592/3602 remaining
[2026-03-10T09:18:22.074Z]   Processing 3592 passages (×4 segments = 14368 exegeses)
[2026-03-10T09:20:05.248Z] [1/3592] 诗篇 84:11 (imp=10) → 4 segments (100.5s)
[2026-03-10T09:21:38.618Z] [2/3592] 诗篇 43:5 (imp=10) → 4 segments (90.7s)
[2026-03-10T09:22:32.582Z] [3/3592] 诗篇 42:11 (imp=10) → 4 segments (51.3s)
[2026-03-10T09:23:47.670Z] [4/3592] 诗篇 42:5 (imp=10) → 4 segments (71.4s)
[2026-03-10T09:25:18.233Z] [5/3592] 诗篇 42:1-2 (imp=10) → 4 segments (87.8s)
[2026-03-10T09:26:55.620Z] [6/3592] 诗篇 40:1-3 (imp=10) → 4 segments (94.7s)
[2026-03-10T09:27:52.234Z] [7/3592] 诗篇 38:21-22 (imp=10) → 4 segments (54.0s)
[2026-03-10T09:29:15.054Z] [8/3592] 诗篇 37:3-6 (imp=10) → 4 segments (79.3s)
[2026-03-10T09:30:42.492Z] [9/3592] 诗篇 33:20-22 (imp=10) → 4 segments (84.8s)
[2026-03-10T09:31:45.856Z] [10/3592] 诗篇 32:7 (imp=10) → 4 segments (60.6s)
[2026-03-10T09:33:03.068Z] [11/3592] 诗篇 32:5 (imp=10) → 4 segments (74.5s)
[2026-03-10T09:34:50.728Z] [12/3592] 诗篇 30:4-5 (imp=10) → 4 segments (104.1s)
[2026-03-10T09:36:42.960Z] [13/3592] 诗篇 30:11-12 (imp=10) → 4 segments (109.3s)
[2026-03-10T09:38:37.065Z] [14/3592] 诗篇 27:14 (imp=10) → 4 segments (111.4s)
[2026-03-10T09:40:07.937Z] [15/3592] 诗篇 27:4 (imp=10) → 4 segments (87.4s)
[2026-03-10T09:41:41.255Z] [16/3592] 诗篇 27:1 (imp=10) → 4 segments (90.7s)
[2026-03-10T09:43:31.587Z] [17/3592] 诗篇 23:1-6 (imp=10) → 4 segments (107.7s)
[2026-03-10T09:45:39.883Z] [18/3592] 诗篇 23:5-6 (imp=10) → 4 segments (124.8s)
[2026-03-10T09:46:48.222Z] [19/3592] 诗篇 23:4 (imp=10) → 4 segments (65.7s)
[2026-03-10T09:48:31.185Z] [20/3592] 诗篇 22:1-31 (imp=10) → 4 segments (100.3s)
[2026-03-10T09:49:38.024Z] [21/3592] 诗篇 22:24 (imp=10) → 4 segments (64.2s)
[2026-03-10T09:52:16.181Z] [22/3592] 诗篇 17:15 (imp=10) → 4 segments (154.6s)
[2026-03-10T09:54:08.683Z] [23/3592] 诗篇 16:11 (imp=10) → 4 segments (109.8s)
[2026-03-10T09:55:25.689Z] [24/3592] 诗篇 13:1-6 (imp=10) → 4 segments (74.3s)
[2026-03-10T09:56:32.326Z] [25/3592] 诗篇 13:5-6 (imp=10) → 4 segments (64.0s)
[2026-03-10T09:58:04.409Z] [26/3592] 箴言 29:25 (imp=10) → 4 segments (88.6s)
[2026-03-10T09:59:51.539Z] [27/3592] 箴言 25:21-22 (imp=10) → 4 segments (104.5s)
[2026-03-10T10:01:07.821Z] [28/3592] 箴言 19:23 (imp=10) → 4 segments (73.6s)
[2026-03-10T10:02:21.285Z] [29/3592] 箴言 19:21 (imp=10) → 4 segments (70.8s)
[2026-03-10T10:03:35.675Z] [30/3592] 申命记 10:12-13 (imp=10) → 4 segments (70.8s)
[2026-03-10T10:04:39.724Z] [31/3592] 申命记 8:17-18 (imp=10) → 4 segments (61.3s)
[2026-03-10T10:05:49.434Z] [32/3592] 申命记 8:3 (imp=10) → 4 segments (67.0s)
[2026-03-10T10:07:53.756Z] [33/3592] 诗篇 84:6-7 (imp=10) → 4 segments (121.6s)
[2026-03-10T10:09:04.077Z] [34/3592] 提摩太前书 3:16 (imp=10) → 4 segments (66.7s)
[2026-03-10T10:10:54.632Z] [35/3592] 提摩太前书 1:15-16 (imp=10) → 4 segments (107.9s)
[2026-03-10T10:12:16.584Z] [36/3592] 以赛亚书 64:6 (imp=10) → 4 segments (79.3s)
[2026-03-10T10:13:41.766Z] [37/3592] 诗篇 79:8-9 (imp=10) → 4 segments (82.4s)
[2026-03-10T10:15:11.296Z] [38/3592] 诗篇 79:9 (imp=10) → 4 segments (86.0s)
[2026-03-10T10:17:08.224Z] [39/3592] 以赛亚书 58:9-11 (imp=10) → 4 segments (114.3s)
[2026-03-10T10:18:41.205Z] [40/3592] 以赛亚书 57:15 (imp=10) → 4 segments (90.3s)
[2026-03-10T10:19:56.222Z] [41/3592] 以赛亚书 55:8-9 (imp=10) → 4 segments (72.3s)
[2026-03-10T10:22:07.745Z] [42/3592] 以赛亚书 55:6-7 (imp=10) → 4 segments (128.0s)
[2026-03-10T10:24:04.577Z] [43/3592] 以赛亚书 55:1-3 (imp=10) → 4 segments (114.1s)
[2026-03-10T10:25:42.274Z] [44/3592] 以赛亚书 54:9-10 (imp=10) → 4 segments (95.0s)
[2026-03-10T10:27:30.832Z] [45/3592] 以赛亚书 53:4-12 (imp=10) → 4 segments (105.0s)
[2026-03-10T10:29:06.654Z] [46/3592] 马可福音 6:50 (imp=10) → 4 segments (93.2s)
[2026-03-10T10:30:34.004Z] [47/3592] 马可福音 5:36 (imp=10) → 4 segments (84.7s)
[2026-03-10T10:32:18.445Z] [48/3592] 以赛亚书 49:13-16 (imp=10) → 4 segments (101.7s)
[2026-03-10T10:33:50.167Z] [49/3592] 箴言 28:13 (imp=10) → 4 segments (88.2s)
[2026-03-10T10:35:23.934Z] [50/3592] 以赛亚书 52:7-10 (imp=10) → 4 segments (91.1s)
[2026-03-10T10:37:17.289Z] [51/3592] 何西阿书 2:18-20 (imp=10) → 4 segments (110.7s)
[2026-03-10T10:39:05.912Z] [52/3592] 何西阿书 6:1-3 (imp=10) → 4 segments (105.1s)
[2026-03-10T10:40:57.372Z] [53/3592] 何西阿书 11:8-9 (imp=10) → 4 segments (108.8s)
[2026-03-10T10:42:30.924Z] [54/3592] 何西阿书 14:4-7 (imp=10) → 4 segments (90.9s)
[2026-03-10T10:43:26.223Z] [55/3592] 箴言 15:33 (imp=10) → 4 segments (52.6s)
[2026-03-10T10:45:21.016Z] [56/3592] 弥迦书 5:2 (imp=10) → 4 segments (111.1s)
[2026-03-10T10:47:08.427Z] [57/3592] 弥迦书 6:6-8 (imp=10) → 4 segments (104.7s)
[2026-03-10T10:49:39.946Z] [58/3592] 歌罗西书 1:15-20 (imp=10) → 4 segments (148.9s)
[2026-03-10T10:51:10.337Z] [59/3592] 歌罗西书 3:1-4 (imp=10) → 4 segments (86.9s)
[2026-03-10T10:53:24.328Z] [60/3592] 歌罗西书 3:12-14 (imp=10) → 4 segments (131.3s)
[2026-03-10T10:55:11.521Z] [61/3592] 歌罗西书 3:15-17 (imp=10) → 4 segments (104.4s)
[2026-03-10T10:57:27.852Z] [62/3592] 诗篇 100:1-5 (imp=10) → 4 segments (132.7s)
[2026-03-10T10:58:59.899Z] [63/3592] 诗篇 103:1-5 (imp=10) → 4 segments (89.3s)
[2026-03-10T11:01:41.457Z] [64/3592] 诗篇 103:8-13 (imp=10) → 4 segments (158.9s)
[2026-03-10T11:03:51.050Z] [65/3592] 马可福音 5:25-34 (imp=10) → 4 segments (126.1s)
[2026-03-10T11:04:55.319Z] [66/3592] 马可福音 5:34 (imp=10) → 4 segments (61.6s)
[2026-03-10T11:07:11.704Z] [67/3592] 马可福音 5:35-43 (imp=10) → 4 segments (133.7s)
[2026-03-10T11:08:23.423Z] [68/3592] 马太福音 28:18-20 (imp=10) → 4 segments (69.0s)
[2026-03-10T11:09:56.078Z] [69/3592] 马太福音 28:1-10 (imp=10) → 4 segments (89.1s)
[2026-03-10T11:12:05.696Z] [70/3592] 马太福音 27:51-54 (imp=10) → 4 segments (126.9s)
[2026-03-10T11:13:47.755Z] [71/3592] 马太福音 27:45-46 (imp=10) → 4 segments (99.3s)
[2026-03-10T11:14:53.495Z] [72/3592] 马太福音 28:20 (imp=10) → 4 segments (63.1s)
[2026-03-10T11:16:23.195Z] [73/3592] 约书亚记 21:43-45 (imp=10) → 4 segments (86.2s)
[2026-03-10T11:18:12.023Z] [74/3592] 约伯记 13:13-16 (imp=10) → 4 segments (106.2s)
[2026-03-10T11:20:08.310Z] [75/3592] 约书亚记 24:14-15 (imp=10) → 4 segments (113.6s)
[2026-03-10T11:21:40.122Z] [76/3592] 约书亚记 24:15 (imp=10) → 4 segments (88.2s)
[2026-03-10T11:23:20.940Z] [77/3592] 约伯记 1:20-22 (imp=10) → 4 segments (98.1s)
[2026-03-10T11:24:09.958Z] [78/3592] 约伯记 14:13-15 (imp=10) → 4 segments (46.3s)
[2026-03-10T11:25:15.174Z] [79/3592] 约伯记 19:23-27 (imp=10) → 4 segments (62.5s)
[2026-03-10T11:27:07.888Z] [80/3592] 约伯记 23:8-10 (imp=10) → 4 segments (109.2s)
[2026-03-10T11:28:14.728Z] [81/3592] 约伯记 28:28 (imp=10) → 4 segments (64.2s)
[2026-03-10T11:29:50.861Z] [82/3592] 约伯记 42:1-6 (imp=10) → 4 segments (93.5s)
[2026-03-10T11:31:37.838Z] [83/3592] 约伯记 42:5-6 (imp=10) → 4 segments (104.3s)
[2026-03-10T11:32:45.688Z] [84/3592] 约拿书 2:1-7 (imp=10) → 4 segments (64.4s)
[2026-03-10T11:34:42.693Z] [85/3592] 约拿书 4:9-11 (imp=10) → 4 segments (114.3s)
[2026-03-10T11:36:44.498Z] [86/3592] 约珥书 2:12-13 (imp=10) → 4 segments (119.1s)
[2026-03-10T11:38:45.421Z] [87/3592] 约珥书 2:28-29 (imp=10) → 4 segments (117.4s)
[2026-03-10T11:40:03.111Z] [88/3592] 约珥书 2:32 (imp=10) → 4 segments (75.0s)
[2026-03-10T11:41:17.716Z] [89/3592] 约翰一书 2:1-2 (imp=10) → 4 segments (71.9s)
[2026-03-10T11:43:21.334Z] [90/3592] 约翰一书 3:1-3 (imp=10) → 4 segments (120.8s)
[2026-03-10T11:44:57.137Z] [91/3592] 约翰一书 4:7-10 (imp=10) → 4 segments (92.2s)
[2026-03-10T11:46:58.046Z] [92/3592] 约翰一书 4:17-19 (imp=10) → 4 segments (118.3s)
[2026-03-10T11:48:33.741Z] [93/3592] 约翰一书 5:10-12 (imp=10) → 4 segments (93.0s)
[2026-03-10T11:50:10.734Z] [94/3592] 约翰一书 5:14-15 (imp=10) → 4 segments (93.5s)
[2026-03-10T11:52:02.243Z] [95/3592] 约翰福音 1:14-18 (imp=10) → 4 segments (108.7s)
[2026-03-10T11:53:20.698Z] [96/3592] 约翰福音 3:16-17 (imp=10) → 4 segments (75.8s)
[2026-03-10T11:54:39.898Z] [97/3592] 约翰福音 4:13-14 (imp=10) → 4 segments (76.5s)
[2026-03-10T11:56:22.137Z] [98/3592] 约翰福音 4:21-24 (imp=10) → 4 segments (98.8s)
[2026-03-10T11:57:44.148Z] [99/3592] 约翰福音 4:23-24 (imp=10) → 4 segments (79.3s)
[2026-03-10T11:59:51.375Z] [100/3592] 约翰福音 5:5-9 (imp=10) → 4 segments (124.6s)
[2026-03-10T12:01:38.813Z] [101/3592] 约翰福音 5:24 (imp=10) → 4 segments (103.9s)
[2026-03-10T12:03:39.048Z] [102/3592] 约翰福音 6:32-35 (imp=10) → 4 segments (117.6s)
[2026-03-10T12:05:28.098Z] [103/3592] 约翰福音 6:35 (imp=10) → 4 segments (106.3s)
[2026-03-10T12:06:50.732Z] [104/3592] 约翰福音 6:37 (imp=10) → 4 segments (79.1s)
[2026-03-10T12:08:47.657Z] [105/3592] 约翰福音 6:47-51 (imp=10) → 4 segments (114.3s)
[2026-03-10T12:10:21.314Z] [106/3592] 约翰福音 6:66-69 (imp=10) → 4 segments (91.0s)
[2026-03-10T12:12:15.917Z] [107/3592] 约翰福音 6:67-69 (imp=10) → 4 segments (111.1s)
[2026-03-10T12:13:26.893Z] [108/3592] 约翰福音 7:37-39 (imp=10) → 4 segments (68.3s)
[2026-03-10T12:16:17.234Z] [109/3592] 约翰福音 8:1-11 (imp=10) → 4 segments (167.6s)
[2026-03-10T12:17:21.549Z] [110/3592] 约翰福音 8:12 (imp=10) → 4 segments (60.8s)
[2026-03-10T12:18:38.108Z] [111/3592] 约翰福音 8:31-32 (imp=10) → 4 segments (73.9s)
[2026-03-10T12:20:27.993Z] [112/3592] 约翰福音 9:3-5 (imp=10) → 4 segments (107.2s)
[2026-03-10T12:21:57.508Z] [113/3592] 约翰福音 9:35-38 (imp=10) → 4 segments (86.8s)
[2026-03-10T12:23:25.409Z] [114/3592] 约翰福音 10:11-15 (imp=10) → 4 segments (84.4s)
[2026-03-10T12:25:22.254Z] [115/3592] 约翰福音 10:25-30 (imp=10) → 4 segments (114.2s)
[2026-03-10T12:26:45.480Z] [116/3592] 约翰福音 10:27-30 (imp=10) → 4 segments (80.6s)
[2026-03-10T12:28:15.821Z] [117/3592] 约翰福音 11:20-27 (imp=10) → 4 segments (87.7s)
[2026-03-10T12:30:00.464Z] [118/3592] 约翰福音 11:25-26 (imp=10) → 4 segments (101.1s)
[2026-03-10T12:32:02.498Z] [119/3592] 约翰福音 12:23-26 (imp=10) → 4 segments (119.4s)
[2026-03-10T12:33:20.227Z] [120/3592] 约翰福音 12:27-28 (imp=10) → 4 segments (75.0s)
[2026-03-10T12:35:31.712Z] [121/3592] 约翰福音 13:1-5 (imp=10) → 4 segments (128.0s)
[2026-03-10T12:37:10.311Z] [122/3592] 约翰福音 13:12-17 (imp=10) → 4 segments (95.9s)
[2026-03-10T12:38:43.301Z] [123/3592] 约翰福音 13:33-35 (imp=10) → 4 segments (90.3s)
[2026-03-10T12:40:17.252Z] [124/3592] 约翰福音 14:1-3 (imp=10) → 4 segments (91.3s)
[2026-03-10T12:41:55.980Z] [125/3592] 约翰福音 14:4-6 (imp=10) → 4 segments (95.1s)
[2026-03-10T12:43:39.750Z] [126/3592] 约翰福音 14:25-27 (imp=10) → 4 segments (101.1s)
[2026-03-10T12:45:17.230Z] [127/3592] 约翰福音 15:9-11 (imp=10) → 4 segments (94.8s)
[2026-03-10T12:46:46.642Z] [128/3592] 约翰福音 15:12-13 (imp=10) → 4 segments (86.7s)
[2026-03-10T12:48:27.532Z] [129/3592] 约翰福音 16:29-33 (imp=10) → 4 segments (97.4s)
[2026-03-10T12:49:24.926Z] [130/3592] 约翰福音 17:3 (imp=10) → 4 segments (54.7s)
[2026-03-10T12:51:03.162Z] [131/3592] 约翰福音 17:20-23 (imp=10) → 4 segments (95.6s)
[2026-03-10T12:53:01.248Z] [132/3592] 约翰福音 19:28-30 (imp=10) → 4 segments (115.4s)
[2026-03-10T12:54:42.240Z] [133/3592] 约翰福音 20:11-18 (imp=10) → 4 segments (97.5s)
[2026-03-10T12:57:01.111Z] [134/3592] 约翰福音 20:19-23 (imp=10) → 4 segments (136.1s)
[2026-03-10T12:58:40.906Z] [135/3592] 约翰福音 20:24-29 (imp=10) → 4 segments (97.1s)
[2026-03-10T13:00:02.097Z] [136/3592] 约翰福音 21:15-17 (imp=10) → 4 segments (77.7s)
[2026-03-10T13:01:54.391Z] [137/3592] 罗马书 1:16-17 (imp=10) → 4 segments (109.5s)
[2026-03-10T13:03:54.678Z] [138/3592] 罗马书 3:21-24 (imp=10) → 4 segments (117.6s)
[2026-03-10T13:05:37.960Z] [139/3592] 罗马书 4:17-22 (imp=10) → 4 segments (99.8s)
[2026-03-10T13:07:37.200Z] [140/3592] 罗马书 5:1-5 (imp=10) → 4 segments (116.6s)
[2026-03-10T13:09:15.987Z] [141/3592] 罗马书 5:6-11 (imp=10) → 4 segments (96.1s)
[2026-03-10T13:10:20.315Z] [142/3592] 罗马书 6:20-23 (imp=10) → 4 segments (61.7s)
[2026-03-10T13:11:55.722Z] [143/3592] 罗马书 7:21-25 (imp=10) → 4 segments (91.9s)
[2026-03-10T13:13:31.096Z] [144/3592] 罗马书 8:1-4 (imp=10) → 4 segments (92.7s)
[2026-03-10T13:16:04.722Z] [145/3592] 罗马书 8:15-17 (imp=10) → 4 segments (151.0s)
[2026-03-10T13:17:34.311Z] [146/3592] 罗马书 8:26-27 (imp=10) → 4 segments (86.1s)
[2026-03-10T13:19:10.152Z] [147/3592] 罗马书 8:28-30 (imp=10) → 4 segments (93.2s)
[2026-03-10T13:21:24.146Z] [148/3592] 罗马书 8:31-34 (imp=10) → 4 segments (131.3s)
[2026-03-10T13:22:47.973Z] [149/3592] 罗马书 8:35-39 (imp=10) → 4 segments (80.2s)
[2026-03-10T13:24:39.556Z] [150/3592] 罗马书 10:5-11 (imp=10) → 4 segments (108.9s)
[2026-03-10T13:25:47.033Z] [151/3592] 罗马书 11:33-36 (imp=10) → 4 segments (64.8s)
[2026-03-10T13:27:26.638Z] [152/3592] 罗马书 12:1-2 (imp=10) → 4 segments (96.9s)
[2026-03-10T13:28:53.042Z] [153/3592] 罗马书 14:7-9 (imp=10) → 4 segments (82.9s)
[2026-03-10T13:30:15.584Z] [154/3592] 罗马书 15:13 (imp=10) → 4 segments (79.9s)
[2026-03-10T13:31:10.357Z] [155/3592] 耶利米书 1:4-8 (imp=10) → 4 segments (52.1s)
[2026-03-10T13:34:40.892Z] [156/3592] 耶利米书 3:12-15 (imp=10) → 4 segments (207.0s)
[2026-03-10T13:36:32.821Z] [157/3592] 耶利米书 6:16-17 (imp=10) → 4 segments (109.3s)
[2026-03-10T13:38:05.493Z] [158/3592] 耶利米书 9:23-24 (imp=10) → 4 segments (90.0s)
[2026-03-10T13:39:34.316Z] [159/3592] 耶利米书 15:15-16 (imp=10) → 4 segments (86.2s)
[2026-03-10T13:41:03.333Z] [160/3592] 耶利米书 17:7-8 (imp=10) → 4 segments (85.5s)
[2026-03-10T13:42:06.113Z] [161/3592] 耶利米书 17:14 (imp=10) → 4 segments (60.1s)
[2026-03-10T13:43:43.159Z] [162/3592] 耶利米书 23:5-6 (imp=10) → 4 segments (94.3s)
[2026-03-10T13:45:14.390Z] [163/3592] 耶利米书 29:10-14 (imp=10) → 4 segments (88.6s)
[2026-03-10T13:46:54.736Z] [164/3592] 耶利米书 31:2-3 (imp=10) → 4 segments (96.8s)
[2026-03-10T13:48:39.909Z] [165/3592] 耶利米书 31:20 (imp=10) → 4 segments (102.5s)
[2026-03-10T13:50:20.327Z] [166/3592] 耶利米书 31:31-34 (imp=10) → 4 segments (97.8s)
[2026-03-10T13:52:28.584Z] [167/3592] 耶利米书 33:1-3 (imp=10) → 4 segments (124.7s)
[2026-03-10T13:54:33.452Z] [168/3592] 耶利米书 50:17-20 (imp=10) → 4 segments (122.2s)
[2026-03-10T13:55:47.646Z] [169/3592] 耶利米哀歌 3:21-24 (imp=10) → 4 segments (71.5s)
[2026-03-10T13:57:16.562Z] [170/3592] 耶利米哀歌 3:22-23 (imp=10) → 4 segments (86.2s)
[2026-03-10T13:58:50.890Z] [171/3592] 耶利米哀歌 3:19-33 (imp=10) → 4 segments (90.8s)
[2026-03-10T14:00:04.091Z] [172/3592] 耶利米哀歌 5:20-21 (imp=10) → 4 segments (70.5s)
[2026-03-10T14:01:28.393Z] [173/3592] 腓立比书 1:21 (imp=10) → 4 segments (81.6s)
[2026-03-10T14:03:08.634Z] [174/3592] 腓立比书 2:5-11 (imp=10) → 4 segments (97.6s)
[2026-03-10T14:05:30.800Z] [175/3592] 腓立比书 3:4-9 (imp=10) → 4 segments (138.6s)
[2026-03-10T14:07:15.857Z] [176/3592] 腓立比书 3:12-14 (imp=10) → 4 segments (102.4s)
[2026-03-10T14:09:29.644Z] [177/3592] 腓立比书 4:6-7 (imp=10) → 4 segments (131.1s)
[2026-03-10T14:11:04.111Z] [178/3592] 腓立比书 4:10-13 (imp=10) → 4 segments (91.0s)
[2026-03-10T14:13:06.408Z] [179/3592] 西番雅书 3:16-17 (imp=10) → 4 segments (119.5s)
[2026-03-10T14:15:04.139Z] [180/3592] 诗篇 19:7-11 (imp=10) → 4 segments (115.1s)
[2026-03-10T14:17:01.877Z] [181/3592] 诗篇 19:12-14 (imp=10) → 4 segments (114.2s)
[2026-03-10T14:18:37.678Z] [182/3592] 诗篇 21:7 (imp=10) → 4 segments (93.1s)
[2026-03-10T14:20:24.231Z] [183/3592] 诗篇 34:8-10 (imp=10) → 4 segments (103.9s)
[2026-03-10T14:22:29.750Z] [184/3592] 诗篇 34:15-18 (imp=10) → 4 segments (121.9s)
[2026-03-10T14:25:09.256Z] [185/3592] 诗篇 36:7-9 (imp=10) → 4 segments (156.9s)
[2026-03-10T14:26:41.791Z] [186/3592] 诗篇 51:1-4 (imp=10) → 4 segments (89.8s)
[2026-03-10T14:28:28.079Z] [187/3592] 诗篇 51:7-9 (imp=10) → 4 segments (102.6s)
[2026-03-10T14:29:33.625Z] [188/3592] 诗篇 51:10-12 (imp=10) → 4 segments (62.9s)
[2026-03-10T14:30:36.170Z] [189/3592] 诗篇 51:16-17 (imp=10) → 4 segments (59.8s)
[2026-03-10T14:32:27.358Z] [190/3592] 诗篇 55:22-23 (imp=10) → 4 segments (108.4s)
[2026-03-10T14:33:52.509Z] [191/3592] 诗篇 62:5-8 (imp=10) → 4 segments (81.6s)
[2026-03-10T14:35:27.110Z] [192/3592] 诗篇 63:1-2 (imp=10) → 4 segments (91.9s)
[2026-03-10T14:37:15.765Z] [193/3592] 诗篇 73:23-26 (imp=10) → 4 segments (105.7s)
[2026-03-10T14:38:53.443Z] [194/3592] 诗篇 86:15 (imp=10) → 4 segments (94.1s)
[2026-03-10T14:40:30.420Z] [195/3592] 诗篇 77:10-12 (imp=10) → 4 segments (94.3s)
[2026-03-10T14:41:59.647Z] [196/3592] 诗篇 78:38-39 (imp=10) → 4 segments (86.6s)
[2026-03-10T14:43:25.943Z] [197/3592] 诗篇 89:33-34 (imp=10) → 4 segments (83.6s)
[2026-03-10T14:44:44.217Z] [198/3592] 诗篇 91:1-4 (imp=10) → 4 segments (74.7s)
[2026-03-10T14:46:24.709Z] [199/3592] 诗篇 90:12 (imp=10) → 4 segments (97.8s)
[2026-03-10T14:48:10.369Z] [200/3592] 诗篇 91:14-16 (imp=10) → 4 segments (103.0s)
[2026-03-10T14:50:11.836Z] [201/3592] 诗篇 94:16-19 (imp=10) → 4 segments (117.9s)
[2026-03-10T14:52:00.072Z] [202/3592] 诗篇 107:23-32 (imp=10) → 4 segments (105.6s)
[2026-03-10T14:53:44.804Z] [203/3592] 诗篇 111:10 (imp=10) → 4 segments (102.1s)
[2026-03-10T14:55:25.093Z] [204/3592] 诗篇 113:7-9 (imp=10) → 4 segments (96.7s)
[2026-03-10T14:56:33.076Z] [205/3592] 诗篇 118:5-6 (imp=10) → 4 segments (65.3s)
[2026-03-10T14:58:57.929Z] [206/3592] 诗篇 119:105-112 (imp=10) → 4 segments (142.2s)
[2026-03-10T15:00:19.864Z] [207/3592] 诗篇 138:7-8 (imp=10) → 4 segments (79.3s)
[2026-03-10T15:02:21.161Z] [208/3592] 诗篇 139:1-6 (imp=10) → 4 segments (117.8s)
[2026-03-10T15:04:35.942Z] [209/3592] 诗篇 139:7-12 (imp=10) → 4 segments (132.1s)
[2026-03-10T15:06:18.426Z] [210/3592] 诗篇 139:13-16 (imp=10) → 4 segments (99.8s)
[2026-03-10T15:07:38.787Z] [211/3592] 诗篇 139:23-24 (imp=10) → 4 segments (76.9s)
[2026-03-10T15:09:08.256Z] [212/3592] 诗篇 150:6 (imp=10) → 4 segments (86.8s)
[2026-03-10T15:11:38.820Z] [213/3592] 路加福音 1:34-38 (imp=10) → 4 segments (147.8s)
[2026-03-10T15:12:57.496Z] [214/3592] 路加福音 1:37 (imp=10) → 4 segments (75.2s)
[2026-03-10T15:14:45.522Z] [215/3592] 路加福音 1:46-55 (imp=10) → 4 segments (105.4s)
[2026-03-10T15:16:09.684Z] [216/3592] 路加福音 1:78-79 (imp=10) → 4 segments (81.5s)
[2026-03-10T15:17:58.024Z] [217/3592] 路加福音 2:8-14 (imp=10) → 4 segments (104.7s)
[2026-03-10T15:19:54.126Z] [218/3592] 路加福音 3:21-22 (imp=10) → 4 segments (113.5s)
[2026-03-10T15:21:12.761Z] [219/3592] 路加福音 4:16-21 (imp=10) → 4 segments (76.0s)
[2026-03-10T15:23:02.001Z] [220/3592] 路加福音 4:18-19 (imp=10) → 4 segments (105.6s)
[2026-03-10T15:23:49.401Z]   ✗ Extract failed for 路加福音 5:31-32
[2026-03-10T15:23:49.401Z]   Raw (first 300): ```json\n{"seeker":"这段话出自《路加福音》第五章，是耶稣在回应那些批评他的宗教领袖——他们不理解，为什么一位受人尊敬的老师会和税吏、罪人同席吃饭。\n\n你有没有过这样的感觉：自己不够好，所以不敢靠近某些人，不敢走进某个地方？耶稣这句话，恰恰是在打破这种顾虑。他用了一个最简单的生活比喻：医生是为病人存在的，不是为健康的人存在的。没有人会因为"我现在不够健康"而觉得不配去看医生——恰恰相反，正因为不健康，才更需要去。\n\n耶稣这里说的"罪人"，不是一个审判的标签，而是一个诚实的描述——那些知道自己生命有些地方不对劲、需要改变的人。他说，我来，就是为了这些人。\n\n如果你曾觉
[2026-03-10T15:25:10.622Z] [222/3592] 马可福音 16:15-16 (imp=10) → 4 segments (78.6s)
[2026-03-10T15:26:43.892Z] [223/3592] 路加福音 6:27-31 (imp=10) → 4 segments (90.6s)
[2026-03-10T15:27:38.486Z] [224/3592] 路加福音 6:46-49 (imp=10) → 4 segments (51.8s)
[2026-03-10T15:29:10.405Z] [225/3592] 路加福音 7:36-50 (imp=10) → 4 segments (88.4s)
[2026-03-10T15:31:34.161Z] [226/3592] 路加福音 8:43-48 (imp=10) → 4 segments (141.1s)
[2026-03-10T15:33:06.202Z] [227/3592] 路加福音 9:23-25 (imp=10) → 4 segments (89.4s)
[2026-03-10T15:35:08.672Z] [228/3592] 路加福音 10:29-37 (imp=10) → 4 segments (118.9s)
[2026-03-10T15:37:09.473Z] [229/3592] 路加福音 11:1-4 (imp=10) → 4 segments (118.1s)
[2026-03-10T15:38:59.423Z] [230/3592] 路加福音 11:9-13 (imp=10) → 4 segments (107.3s)
[2026-03-10T15:40:01.185Z] [231/3592] 路加福音 12:22-28 (imp=10) → 4 segments (59.1s)
[2026-03-10T15:43:07.564Z] [232/3592] 路加福音 12:29-32 (imp=10) → 4 segments (182.8s)
[2026-03-10T15:45:09.907Z] [233/3592] 路加福音 15:11-20 (imp=10) → 4 segments (119.7s)
[2026-03-10T15:46:38.053Z] [234/3592] 路加福音 14:25-27 (imp=10) → 4 segments (85.5s)
[2026-03-10T15:48:25.902Z] [235/3592] 路加福音 15:20-24 (imp=10) → 4 segments (104.3s)
[2026-03-10T15:49:12.796Z] [236/3592] 路加福音 18:1-8 (imp=10) → 4 segments (44.2s)
[2026-03-10T15:51:18.423Z] [237/3592] 路加福音 18:9-14 (imp=10) → 4 segments (123.0s)
[2026-03-10T15:53:13.744Z] [238/3592] 路加福音 19:1-10 (imp=10) → 4 segments (112.7s)
[2026-03-10T15:55:56.590Z]   ✗ Extract failed for 路加福音 19:10
[2026-03-10T15:55:56.590Z]   Raw (first 300): ```json\n{"seeker":"这句话出自路加福音第十九章，是耶稣在耶利哥城遇见一位叫撒该的税吏之后说的。撒该靠多征税款致富，被整座城的人视为叛徒与骗子，几乎没有人愿意靠近他。\n\n你有没有过这样的感觉——觉得自己不属于任何地方，或者做过一些事，开始觉得自己不值得被爱？撒该大概就是这种处境。可就在那天，耶稣在拥挤的人群里抬起头，叫出了他的名字，还说要去他家里坐坐。\n\n"人子来，为要寻找、拯救失丧的人。"这里有一个词特别值得留意——"寻找"。不是等着你先来找他，而是他主动来找你。就像你丢失了一件最重要的东西，你不会坐在家里等它自己回来——你会出去找。\n\n耶稣这句话在说：他来到这个
[2026-03-10T15:57:17.712Z] [240/3592] 箴言 14:26-27 (imp=10) → 4 segments (77.5s)
[2026-03-10T15:58:48.640Z] [241/3592] 路加福音 23:32-34 (imp=10) → 4 segments (88.3s)
[2026-03-10T16:00:13.926Z] [242/3592] 路加福音 22:14-20 (imp=10) → 4 segments (82.6s)
[2026-03-10T16:01:48.105Z] [243/3592] 路加福音 22:39-42 (imp=10) → 4 segments (91.5s)
[2026-03-10T16:03:07.620Z] [244/3592] 路加福音 23:39-43 (imp=10) → 4 segments (76.0s)
[2026-03-10T16:04:37.743Z] [245/3592] 路加福音 23:44-46 (imp=10) → 4 segments (87.4s)
[2026-03-10T16:06:00.950Z] [246/3592] 路加福音 24:5-7 (imp=10) → 4 segments (80.5s)
[2026-03-10T16:07:37.620Z] [247/3592] 路加福音 24:28-32 (imp=10) → 4 segments (94.0s)
[2026-03-10T16:09:17.149Z] [248/3592] 路加福音 24:44-48 (imp=10) → 4 segments (96.0s)
[2026-03-10T16:10:54.582Z] [249/3592] 路得记 1:14-18 (imp=10) → 4 segments (94.8s)
[2026-03-10T16:12:19.202Z] [250/3592] 雅各书 5:16 (imp=10) → 4 segments (81.9s)
[2026-03-10T16:14:18.934Z] [251/3592] 诗篇 46:1-3 (imp=10) → 4 segments (116.2s)
[2026-03-10T16:16:10.538Z] [252/3592] 诗篇 46:10 (imp=10) → 4 segments (108.9s)
[2026-03-10T16:17:55.354Z] [253/3592] 阿摩司书 9:13-15 (imp=10) → 4 segments (102.2s)
[2026-03-10T16:19:35.950Z] [254/3592] 雅各书 4:7-10 (imp=10) → 4 segments (97.1s)
[2026-03-10T16:21:43.300Z] [255/3592] 雅各书 5:13-16 (imp=10) → 4 segments (124.7s)
[2026-03-10T16:23:57.909Z] [256/3592] 雅歌 8:6-7 (imp=10) → 4 segments (131.9s)
[2026-03-10T16:25:05.139Z] [257/3592] 马可福音 1:35 (imp=10) → 4 segments (63.7s)
[2026-03-10T16:26:52.609Z] [258/3592] 马可福音 2:1-5 (imp=10) → 4 segments (104.8s)
[2026-03-10T16:28:51.422Z] [259/3592] 马可福音 2:13-17 (imp=10) → 4 segments (116.1s)
[2026-03-10T16:30:15.874Z] [260/3592] 马可福音 4:35-41 (imp=10) → 4 segments (80.9s)
[2026-03-10T16:32:34.413Z] [261/3592] 马可福音 8:34-37 (imp=10) → 4 segments (135.8s)
[2026-03-10T16:34:07.364Z] [262/3592] 马可福音 9:14-24 (imp=10) → 4 segments (90.3s)
[2026-03-10T16:35:17.130Z] [263/3592] 马可福音 9:23-24 (imp=10) → 4 segments (66.2s)
[2026-03-10T16:36:50.689Z] [264/3592] 马可福音 10:35-45 (imp=10) → 4 segments (90.9s)
[2026-03-10T16:37:46.827Z] [265/3592] 马可福音 11:20-24 (imp=10) → 4 segments (53.5s)
[2026-03-10T16:39:21.291Z] [266/3592] 马可福音 12:28-34 (imp=10) → 4 segments (91.8s)
[2026-03-10T16:40:55.289Z] [267/3592] 马可福音 12:29-31 (imp=10) → 4 segments (90.5s)
[2026-03-10T16:42:39.316Z] [268/3592] 马可福音 14:22-25 (imp=10) → 4 segments (101.3s)
[2026-03-10T16:44:30.116Z] [269/3592] 马可福音 14:32-36 (imp=10) → 4 segments (108.1s)
[2026-03-10T16:46:04.401Z] [270/3592] 马可福音 15:33-34 (imp=10) → 4 segments (90.8s)
[2026-03-10T16:48:13.907Z] [271/3592] 马可福音 15:38-39 (imp=10) → 4 segments (126.8s)
[2026-03-10T16:49:40.759Z] [272/3592] 马太福音 5:3-12 (imp=10) → 4 segments (84.2s)
[2026-03-10T16:50:40.279Z] [273/3592] 马太福音 5:43-48 (imp=10) → 4 segments (56.8s)
[2026-03-10T16:52:25.283Z] [274/3592] 马太福音 6:9-13 (imp=10) → 4 segments (101.5s)
[2026-03-10T16:54:04.769Z] [275/3592] 马太福音 6:25-34 (imp=10) → 4 segments (96.8s)
[2026-03-10T16:55:32.041Z] [276/3592] 马太福音 7:7-11 (imp=10) → 4 segments (84.6s)
[2026-03-10T16:57:35.383Z] [277/3592] 马太福音 7:24-27 (imp=10) → 4 segments (119.8s)
[2026-03-10T16:59:16.103Z] [278/3592] 马太福音 8:5-13 (imp=10) → 4 segments (98.0s)
[2026-03-10T17:01:10.617Z] [279/3592] 马太福音 8:23-27 (imp=10) → 4 segments (111.8s)
[2026-03-10T17:03:33.562Z] [280/3592] 马太福音 9:20-22 (imp=10) → 4 segments (139.4s)
[2026-03-10T17:05:19.038Z] [281/3592] 马太福音 10:28-31 (imp=10) → 4 segments (102.7s)
[2026-03-10T17:06:52.178Z] [282/3592] 马太福音 10:38-39 (imp=10) → 4 segments (90.5s)
[2026-03-10T17:09:14.988Z] [283/3592] 马太福音 11:28-30 (imp=10) → 4 segments (139.3s)
[2026-03-10T17:11:10.507Z] [284/3592] 马太福音 14:24-33 (imp=10) → 4 segments (112.9s)
[2026-03-10T17:12:23.726Z] [285/3592] 马太福音 16:24-26 (imp=10) → 4 segments (70.5s)
[2026-03-10T17:14:52.317Z] [286/3592] 马太福音 18:23-35 (imp=10) → 4 segments (145.1s)
[2026-03-10T17:17:08.480Z] [287/3592] 马太福音 20:20-28 (imp=10) → 4 segments (133.5s)
[2026-03-10T17:18:47.716Z] [288/3592] 马太福音 22:37-40 (imp=10) → 4 segments (96.6s)
[2026-03-10T17:20:35.387Z] [289/3592] 马太福音 25:34-40 (imp=10) → 4 segments (104.1s)
[2026-03-10T17:22:00.573Z] [290/3592] 马太福音 25:37-40 (imp=10) → 4 segments (82.5s)
[2026-03-10T17:23:59.168Z] [291/3592] 诗篇 84:5-7 (imp=10) → 4 segments (115.9s)
[2026-03-10T17:25:27.561Z] [292/3592] 马太福音 26:26-29 (imp=10) → 4 segments (85.6s)
[2026-03-10T17:27:02.984Z] [293/3592] 马太福音 26:36-39 (imp=10) → 4 segments (91.9s)
[2026-03-10T17:28:40.111Z] [294/3592] 约书亚记 1:6-9 (imp=10) → 4 segments (94.5s)
[2026-03-10T17:30:04.668Z] [295/3592] 箴言 31:30 (imp=10) → 4 segments (81.9s)
[2026-03-10T17:31:53.874Z] [296/3592] 以弗所书 2:4-10 (imp=10) → 4 segments (106.5s)
[2026-03-10T17:34:02.085Z] [297/3592] 以弗所书 6:10-17 (imp=10) → 4 segments (124.6s)
[2026-03-10T17:35:30.804Z] [298/3592] 以斯帖记 4:13-17 (imp=10) → 4 segments (86.0s)
[2026-03-10T17:37:08.034Z] [299/3592] 以斯拉记 9:5-15 (imp=10) → 4 segments (94.6s)
[2026-03-10T17:39:36.693Z] [300/3592] 以西结书 1:22-28 (imp=10) → 4 segments (145.1s)
[2026-03-10T17:41:42.153Z] [301/3592] 以西结书 18:21-23 (imp=10) → 4 segments (122.8s)
[2026-03-10T17:43:15.547Z] [302/3592] 以西结书 18:30-32 (imp=10) → 4 segments (90.7s)
[2026-03-10T17:46:08.203Z] [303/3592] 以西结书 34:11-16 (imp=10) → 4 segments (169.1s)
[2026-03-10T17:47:39.752Z] [304/3592] 使徒行传 18:9-10 (imp=10) → 4 segments (88.9s)
[2026-03-10T17:49:39.937Z] [305/3592] 以西结书 36:24-28 (imp=10) → 4 segments (117.5s)
[2026-03-10T17:53:33.807Z] [306/3592] 以西结书 37:1-10 (imp=10) → 4 segments (230.3s)
[2026-03-10T17:54:59.652Z] [307/3592] 以西结书 48:35 (imp=10) → 4 segments (83.2s)
[2026-03-10T17:56:57.606Z] [308/3592] 以赛亚书 1:18-20 (imp=10) → 4 segments (115.3s)
[2026-03-10T17:59:05.002Z] [309/3592] 以赛亚书 6:1-4 (imp=10) → 4 segments (123.9s)
[2026-03-10T18:01:07.309Z] [310/3592] 以赛亚书 6:5-7 (imp=10) → 4 segments (119.6s)
[2026-03-10T18:02:13.170Z] [311/3592] 以赛亚书 6:8 (imp=10) → 4 segments (63.2s)
[2026-03-10T18:03:12.286Z] [312/3592] 以赛亚书 7:14-16 (imp=10) → 4 segments (56.5s)
[2026-03-10T18:04:44.305Z] [313/3592] 以赛亚书 9:6-7 (imp=10) → 4 segments (88.4s)
[2026-03-10T18:06:58.536Z] [314/3592] 以赛亚书 11:1-5 (imp=10) → 4 segments (131.5s)
[2026-03-10T18:08:53.599Z] [315/3592] 以赛亚书 11:6-9 (imp=10) → 4 segments (112.4s)
[2026-03-10T18:10:45.441Z] [316/3592] 以赛亚书 12:1-2 (imp=10) → 4 segments (108.3s)
[2026-03-10T18:12:14.952Z] [317/3592] 以赛亚书 19:23-25 (imp=10) → 4 segments (86.9s)
[2026-03-10T18:13:43.672Z] [318/3592] 以赛亚书 25:6-9 (imp=10) → 4 segments (86.0s)
[2026-03-10T18:15:49.416Z] [319/3592] 以赛亚书 26:1-4 (imp=10) → 4 segments (122.3s)
[2026-03-10T18:17:11.003Z] [320/3592] 以赛亚书 28:16-17 (imp=10) → 4 segments (78.9s)
[2026-03-10T18:18:37.146Z] [321/3592] 以赛亚书 29:13-14 (imp=10) → 4 segments (83.5s)
[2026-03-10T18:20:16.376Z] [322/3592] 以赛亚书 30:15 (imp=10) → 4 segments (96.6s)
[2026-03-10T18:22:03.885Z] [323/3592] 出埃及记 13:21-22 (imp=10) → 4 segments (104.0s)
[2026-03-10T18:23:36.176Z] [324/3592] 以赛亚书 32:15-18 (imp=10) → 4 segments (89.6s)
[2026-03-10T18:25:21.667Z] [325/3592] 以赛亚书 40:27-31 (imp=10) → 4 segments (102.8s)
[2026-03-10T18:27:42.375Z] [326/3592] 以赛亚书 41:8-10 (imp=10) → 4 segments (137.2s)
[2026-03-10T18:29:00.085Z] [327/3592] 以赛亚书 43:1-3 (imp=10) → 4 segments (75.1s)
[2026-03-10T18:30:24.910Z] [328/3592] 以赛亚书 43:4-7 (imp=10) → 4 segments (82.1s)
[2026-03-10T18:32:20.843Z] [329/3592] 以赛亚书 43:25-26 (imp=10) → 4 segments (113.1s)
[2026-03-10T18:34:21.946Z] [330/3592] 以赛亚书 44:21-22 (imp=10) → 4 segments (117.6s)
[2026-03-10T18:36:12.016Z] [331/3592] 以赛亚书 45:20-22 (imp=10) → 4 segments (107.4s)
[2026-03-10T18:38:11.375Z] [332/3592] 以赛亚书 46:3-4 (imp=10) → 4 segments (116.7s)
[2026-03-10T18:39:43.075Z] [333/3592] 以赛亚书 65:24 (imp=10) → 4 segments (88.2s)
[2026-03-10T18:41:38.089Z] [334/3592] 以赛亚书 66:1-2 (imp=10) → 4 segments (112.4s)
[2026-03-10T18:42:41.354Z] [335/3592] 传道书 3:1-8 (imp=10) → 4 segments (60.6s)
[2026-03-10T18:44:33.526Z] [336/3592] 传道书 3:9-11 (imp=10) → 4 segments (109.4s)
[2026-03-10T18:45:59.385Z] [337/3592] 传道书 4:9-12 (imp=10) → 4 segments (82.3s)
[2026-03-10T18:47:27.930Z] [338/3592] 传道书 12:13-14 (imp=10) → 4 segments (85.9s)
[2026-03-10T18:48:44.704Z] [339/3592] 但以理书 2:20-23 (imp=10) → 4 segments (74.1s)
[2026-03-10T18:50:20.020Z] [340/3592] 但以理书 3:16-18 (imp=10) → 4 segments (92.6s)
[2026-03-10T18:51:57.573Z] [341/3592] 但以理书 3:19-25 (imp=10) → 4 segments (93.9s)
[2026-03-10T18:54:08.719Z] [342/3592] 但以理书 4:34-35 (imp=10) → 4 segments (128.5s)
[2026-03-10T18:56:20.506Z] [343/3592] 但以理书 6:10 (imp=10) → 4 segments (129.1s)
[2026-03-10T18:57:51.693Z] [344/3592] 但以理书 6:21-23 (imp=10) → 4 segments (87.7s)
[2026-03-10T19:00:07.788Z] [345/3592] 但以理书 7:13-14 (imp=10) → 4 segments (133.4s)
[2026-03-10T19:01:38.981Z] [346/3592] 但以理书 9:17-19 (imp=10) → 4 segments (88.5s)
[2026-03-10T19:03:11.069Z] === pregenerate-exegesis started ===
[2026-03-10T19:03:11.070Z]   Dry run: false, Resume: true
[2026-03-10T19:03:11.070Z]   Min importance: 8, Limit: none
[2026-03-10T19:03:11.070Z]   Log file: /Users/benson/dev/fun/easybible/seedlight-backend/logs/pregenerate-exegesis.log
[2026-03-10T19:03:14.319Z]   Resume: 354 complete, 3248/3602 remaining
[2026-03-10T19:03:14.319Z]   Processing 3248 passages (×4 segments = 12992 exegeses)
[2026-03-10T19:04:21.024Z] [1/3248] 路加福音 5:31-32 (imp=10) → 4 segments (64.0s)
[2026-03-10T19:05:41.395Z] [2/3248] 路加福音 19:10 (imp=10) → 4 segments (77.7s)
[2026-03-10T19:07:58.343Z] [3/3248] 使徒行传 2:37-39 (imp=10) → 4 segments (134.3s)
[2026-03-10T19:09:28.929Z] [4/3248] 使徒行传 2:42-47 (imp=10) → 4 segments (87.0s)
[2026-03-10T19:12:03.605Z] [5/3248] 使徒行传 4:5-12 (imp=10) → 4 segments (152.0s)
[2026-03-10T19:13:34.432Z] [6/3248] 使徒行传 7:57-60 (imp=10) → 4 segments (88.2s)
[2026-03-10T19:15:49.735Z] [7/3248] 使徒行传 15:7-11 (imp=10) → 4 segments (131.8s)
[2026-03-10T19:17:53.516Z] [8/3248] 使徒行传 16:25-34 (imp=10) → 4 segments (121.1s)
[2026-03-10T19:19:37.449Z] [9/3248] 使徒行传 16:30-34 (imp=10) → 4 segments (101.3s)
[2026-03-10T19:21:05.683Z] [10/3248] 使徒行传 20:22-24 (imp=10) → 4 segments (84.6s)
[2026-03-10T19:22:47.520Z] [11/3248] 使徒行传 21:13 (imp=10) → 4 segments (99.1s)
[2026-03-10T19:25:03.706Z] [12/3248] 使徒行传 22:6-11 (imp=10) → 4 segments (133.5s)
[2026-03-10T19:26:48.939Z] [13/3248] 使徒行传 23:11 (imp=10) → 4 segments (101.4s)
[2026-03-10T19:28:19.552Z] [14/3248] 使徒行传 27:23-26 (imp=10) → 4 segments (88.0s)
[2026-03-10T19:29:57.299Z] [15/3248] 使徒行传 28:30-31 (imp=10) → 4 segments (95.1s)
[2026-03-10T19:31:28.386Z] [16/3248] 俄巴底亚书 1:21 (imp=10) → 4 segments (88.4s)
[2026-03-10T19:32:58.927Z] [17/3248] 出埃及记 2:23-25 (imp=10) → 4 segments (87.0s)
[2026-03-10T19:34:26.136Z] [18/3248] 出埃及记 3:7-10 (imp=10) → 4 segments (84.5s)
[2026-03-10T19:36:04.212Z] [19/3248] 出埃及记 3:13-15 (imp=10) → 4 segments (95.3s)
[2026-03-10T19:37:18.257Z] [20/3248] 出埃及记 6:1-8 (imp=10) → 4 segments (71.4s)
[2026-03-10T19:39:19.204Z] [21/3248] 出埃及记 12:1-14 (imp=10) → 4 segments (117.3s)
[2026-03-10T19:40:33.438Z] [22/3248] 出埃及记 12:13 (imp=10) → 4 segments (71.6s)
[2026-03-10T19:42:33.809Z] [23/3248] 出埃及记 14:10-14 (imp=10) → 4 segments (117.4s)
[2026-03-10T19:43:43.875Z] [24/3248] 出埃及记 29:45-46 (imp=10) → 4 segments (67.3s)
[2026-03-10T19:45:29.247Z] [25/3248] 出埃及记 33:12-17 (imp=10) → 4 segments (101.7s)
[2026-03-10T19:47:55.986Z] [26/3248] 出埃及记 34:5-7 (imp=10) → 4 segments (144.1s)
[2026-03-10T19:51:09.318Z] [27/3248] 出埃及记 40:34-35 (imp=10) → 4 segments (189.7s)
[2026-03-10T19:52:33.624Z] [28/3248] 列王纪上 3:6-9 (imp=10) → 4 segments (81.6s)
[2026-03-10T19:53:20.042Z] [29/3248] 列王纪上 3:10-14 (imp=10) → 4 segments (43.8s)
[2026-03-10T19:54:58.282Z] [30/3248] 列王纪上 8:27-30 (imp=10) → 4 segments (95.6s)
[2026-03-10T19:56:42.798Z] [31/3248] 列王纪上 17:10-16 (imp=10) → 4 segments (101.0s)
[2026-03-10T19:58:11.834Z] [32/3248] 列王纪上 17:13-14 (imp=10) → 4 segments (86.4s)
[2026-03-10T19:59:43.430Z] [33/3248] 列王纪上 17:19-22 (imp=10) → 4 segments (88.9s)
[2026-03-10T20:01:24.237Z] [34/3248] 列王纪上 19:11-13 (imp=10) → 4 segments (98.1s)
[2026-03-10T20:02:48.445Z] [35/3248] 利未记 19:17-18 (imp=10) → 4 segments (80.7s)
[2026-03-10T20:04:47.223Z] [36/3248] 列王纪下 13:22-23 (imp=10) → 4 segments (116.0s)
[2026-03-10T20:07:21.265Z] [37/3248] 列王纪下 19:14-19 (imp=10) → 4 segments (151.4s)
[2026-03-10T20:09:02.072Z] [38/3248] 创世记 1:26-28 (imp=10) → 4 segments (97.3s)
[2026-03-10T20:10:30.083Z] [39/3248] 创世记 12:1-3 (imp=10) → 4 segments (85.3s)
[2026-03-10T20:12:18.373Z] [40/3248] 创世记 3:1-7 (imp=10) → 4 segments (105.6s)
[2026-03-10T20:14:07.933Z] [41/3248] 创世记 3:14-15 (imp=10) → 4 segments (106.1s)
[2026-03-10T20:15:54.933Z] [42/3248] 创世记 8:20-21 (imp=10) → 4 segments (104.3s)
[2026-03-10T20:17:41.421Z] [43/3248] 创世记 9:8-17 (imp=10) → 4 segments (103.8s)
[2026-03-10T20:19:10.595Z] [44/3248] 创世记 15:1-6 (imp=10) → 4 segments (85.7s)
[2026-03-10T20:21:30.266Z] [45/3248] 创世记 18:9-15 (imp=10) → 4 segments (136.9s)
[2026-03-10T20:23:07.904Z] [46/3248] 创世记 18:22-26 (imp=10) → 4 segments (95.0s)
[2026-03-10T20:24:43.799Z] [47/3248] 创世记 22:1-10 (imp=10) → 4 segments (92.3s)
[2026-03-10T20:27:22.830Z] [48/3248] 创世记 22:11-14 (imp=10) → 4 segments (156.3s)
[2026-03-10T20:28:58.573Z] [49/3248] 创世记 28:10-15 (imp=10) → 4 segments (93.0s)
[2026-03-10T20:30:33.019Z] [50/3248] 创世记 32:22-32 (imp=10) → 4 segments (90.7s)
[2026-03-10T20:31:46.078Z] [51/3248] 创世记 50:19-21 (imp=10) → 4 segments (70.4s)
[2026-03-10T20:33:17.703Z] [52/3248] 创世记 45:1-8 (imp=10) → 4 segments (88.9s)
[2026-03-10T20:34:57.470Z] [53/3248] 利未记 9:22-24 (imp=10) → 4 segments (96.9s)
[2026-03-10T20:36:20.185Z] [54/3248] 利未记 26:40-45 (imp=10) → 4 segments (79.2s)
[2026-03-10T20:37:47.995Z] [55/3248] 利未记 26:44-45 (imp=10) → 4 segments (85.2s)
[2026-03-10T20:39:28.325Z] [56/3248] 加拉太书 6:14-15 (imp=10) → 4 segments (97.7s)
[2026-03-10T20:40:40.084Z] [57/3248] 加拉太书 2:20 (imp=10) → 4 segments (69.0s)
[2026-03-10T20:42:16.754Z] [58/3248] 加拉太书 5:22-23 (imp=10) → 4 segments (93.1s)
[2026-03-10T20:43:45.944Z] [59/3248] 历代志上 21:13 (imp=10) → 4 segments (86.5s)
[2026-03-10T20:45:20.569Z] [60/3248] 历代志上 29:14-16 (imp=10) → 4 segments (92.0s)
[2026-03-10T20:46:30.024Z] [61/3248] 历代志下 5:11-14 (imp=10) → 4 segments (66.8s)
[2026-03-10T20:48:11.263Z] [62/3248] 历代志下 7:13-16 (imp=10) → 4 segments (97.8s)
[2026-03-10T20:49:54.658Z] [63/3248] 耶利米书 10:23-24 (imp=10) → 4 segments (100.7s)
[2026-03-10T20:50:52.596Z] [64/3248] 历代志下 20:15 (imp=10) → 4 segments (55.2s)
[2026-03-10T20:52:22.116Z] [65/3248] 历代志下 20:17 ✗ Empty CLI response
[2026-03-10T20:54:00.290Z] [66/3248] 历代志下 20:5-9 (imp=10) → 4 segments (94.6s)
[2026-03-10T20:55:50.480Z] [67/3248] 历代志下 20:10-12 (imp=10) → 4 segments (107.5s)
[2026-03-10T20:56:45.591Z] [68/3248] 历代志下 20:14-17 (imp=10) → 4 segments (52.5s)
[2026-03-10T20:58:18.359Z]   ✗ Extract failed for 历代志下 30:6-9
[2026-03-10T20:58:18.359Z]   Raw (first 300): ```json\n{"seeker":"这封信写于公元前715年左右，是犹大王希西家在北方以色列亡于亚述之后，写给散落各地余民的一封邀请信。\n\n你有没有经历过与一个重要的人长久疏远，想和好却不知从何开口？这段经文讲的，正是这样一种和好的呼唤。神透过希西家的信说：不管过去发生了什么，现在转回头还不晚。这里用了一个朴素却深刻的词——"转向"，就像走错路的人停下来，掉头，朝着家的方向走。神没有说"等你变好了再来"，而是说"你转向我，我就不转脸不顾你"。\n\n这是父亲对离家孩子说的话——温柔，却是真实的应许。如果你曾觉得自己距离神太远、错误太多、没有资格靠近——这封写于三千年前的信，其实也是写给你
[2026-03-10T21:00:09.771Z] [70/3248] 历代志下 30:18-20 (imp=10) → 4 segments (107.9s)
[2026-03-10T21:01:45.750Z] [71/3248] 历代志下 32:7-8 (imp=10) → 4 segments (93.3s)
[2026-03-10T21:03:14.221Z] [72/3248] 历代志下 33:10-13 (imp=10) → 4 segments (85.7s)
[2026-03-10T21:05:08.937Z] [73/3248] 历代志下 33:12-13 (imp=10) → 4 segments (111.0s)
[2026-03-10T21:07:00.585Z] [74/3248] 启示录 2:8-11 (imp=10) → 4 segments (109.0s)
[2026-03-10T21:08:00.359Z] [75/3248] 路加福音 1:38 (imp=10) → 4 segments (57.1s)
[2026-03-10T21:09:27.521Z] [76/3248] 启示录 3:20-22 (imp=10) → 4 segments (84.5s)
[2026-03-10T21:11:34.789Z] [77/3248] 启示录 5:6-10 (imp=10) → 4 segments (123.7s)
[2026-03-10T21:12:49.900Z] [78/3248] 启示录 7:13-17 (imp=10) → 4 segments (72.5s)
[2026-03-10T21:14:18.404Z] [79/3248] 启示录 11:15-18 (imp=10) → 4 segments (85.8s)
[2026-03-10T21:15:57.751Z] [80/3248] 启示录 12:10-11 (imp=10) → 4 segments (96.7s)
[2026-03-10T21:18:02.069Z] [81/3248] 启示录 15:1-4 (imp=10) → 4 segments (120.6s)
[2026-03-10T21:19:43.353Z] [82/3248] 启示录 17:14 (imp=10) → 4 segments (98.6s)
[2026-03-10T21:21:17.354Z] [83/3248] 启示录 19:1-6 (imp=10) → 4 segments (91.4s)
[2026-03-10T21:23:06.135Z] [84/3248] 启示录 19:7-9 (imp=10) → 4 segments (105.0s)
[2026-03-10T21:24:30.690Z] [85/3248] 启示录 20:14-15 (imp=10) → 4 segments (81.9s)
[2026-03-10T21:26:02.721Z] [86/3248] 启示录 21:1-5 (imp=10) → 4 segments (89.4s)
[2026-03-10T21:27:30.025Z] [87/3248] 启示录 21:3-4 (imp=10) → 4 segments (84.6s)
[2026-03-10T21:29:34.862Z] [88/3248] 启示录 22:1-5 (imp=10) → 4 segments (121.3s)
[2026-03-10T21:30:45.809Z] [89/3248] 启示录 22:17 (imp=10) → 4 segments (68.3s)
[2026-03-10T21:32:23.639Z] [90/3248] 哈巴谷书 2:4 (imp=10) → 4 segments (95.2s)
[2026-03-10T21:34:01.593Z] [91/3248] 哈巴谷书 3:17-18 (imp=10) → 4 segments (95.3s)
[2026-03-10T21:34:59.536Z] [92/3248] 哈巴谷书 3:19 (imp=10) → 4 segments (54.4s)
[2026-03-10T21:37:11.016Z] [93/3248] 哈该书 2:3-5 (imp=10) → 4 segments (128.8s)
[2026-03-10T21:38:44.438Z] [94/3248] 哥林多前书 2:9 (imp=10) → 4 segments (90.8s)
[2026-03-10T21:40:10.121Z] [95/3248] 哥林多前书 6:18-20 (imp=10) → 4 segments (82.2s)
[2026-03-10T21:41:48.646Z] [96/3248] 哥林多前书 10:12-13 (imp=10) → 4 segments (95.8s)
[2026-03-10T21:43:33.704Z] [97/3248] 哥林多前书 13:13 (imp=10) → 4 segments (102.4s)
[2026-03-10T21:45:21.492Z] [98/3248] 哥林多前书 11:23-26 (imp=10) → 4 segments (104.3s)
[2026-03-10T21:46:22.716Z] [99/3248] 哥林多前书 13:1-3 (imp=10) → 4 segments (58.6s)
[2026-03-10T21:47:49.784Z] [100/3248] 哥林多前书 13:4-7 (imp=10) → 4 segments (84.4s)
[2026-03-10T21:49:44.367Z] [101/3248] 哥林多前书 15:54-57 (imp=10) → 4 segments (111.9s)
[2026-03-10T21:51:24.209Z] [102/3248] 哥林多前书 15:58 (imp=10) → 4 segments (96.3s)
[2026-03-10T21:53:26.609Z] [103/3248] 哥林多后书 4:7-12 (imp=10) → 4 segments (119.7s)
[2026-03-10T21:55:35.017Z] [104/3248] 哥林多后书 4:16-18 (imp=10) → 4 segments (125.7s)
[2026-03-10T21:57:06.661Z] [105/3248] 哥林多后书 5:16-17 (imp=10) → 4 segments (88.1s)
[2026-03-10T21:59:03.637Z] [106/3248] 哥林多后书 8:9 (imp=10) → 4 segments (114.3s)
[2026-03-10T22:00:47.236Z] [107/3248] 哥林多后书 13:14 (imp=10) → 4 segments (99.2s)
[2026-03-10T22:02:22.916Z] [108/3248] 哥林多后书 12:7-10 (imp=10) → 4 segments (91.1s)
[2026-03-10T22:04:28.867Z] [109/3248] 士师记 6:11-16 (imp=10) → 4 segments (122.4s)
[2026-03-10T22:06:26.068Z] [110/3248] 箴言 22:6 (imp=10) → 4 segments (114.1s)
[2026-03-10T22:07:55.655Z] [111/3248] 尼希米记 6:9 (imp=10) → 4 segments (86.1s)
[2026-03-10T22:08:52.972Z] [112/3248] 尼希米记 8:9-12 (imp=10) → 4 segments (54.7s)
[2026-03-10T22:10:05.984Z] [113/3248] 尼希米记 9:16-17 (imp=10) → 4 segments (70.3s)
[2026-03-10T22:11:42.347Z] [114/3248] 希伯来书 4:14-16 (imp=10) → 4 segments (93.7s)
[2026-03-10T22:13:46.443Z] [115/3248] 希伯来书 9:11-15 (imp=10) → 4 segments (120.5s)
[2026-03-10T22:14:56.822Z] [116/3248] 希伯来书 11:1-3 (imp=10) → 4 segments (67.7s)
[2026-03-10T22:16:34.343Z] [117/3248] 希伯来书 12:1-3 (imp=10) → 4 segments (94.8s)
[2026-03-10T22:18:14.491Z] [118/3248] 帖撒罗尼迦前书 4:15-18 (imp=10) → 4 segments (97.5s)
[2026-03-10T22:19:13.412Z] [119/3248] 帖撒罗尼迦前书 5:16-18 (imp=10) → 4 segments (55.4s)
[2026-03-10T22:21:38.918Z] [120/3248] 帖撒罗尼迦前书 5:23-24 (imp=10) → 4 segments (142.9s)
[2026-03-10T22:23:23.564Z] [121/3248] 弥迦书 7:7 (imp=10) → 4 segments (102.0s)
[2026-03-10T22:25:36.035Z] [122/3248] 弥迦书 7:8-10 (imp=10) → 4 segments (128.9s)
[2026-03-10T22:26:57.990Z] [123/3248] 弥迦书 7:18-19 (imp=10) → 4 segments (79.3s)
[2026-03-10T22:28:40.189Z] [124/3248] 彼得前书 2:9-10 (imp=10) → 4 segments (99.5s)
[2026-03-10T22:30:41.041Z] [125/3248] 彼得前书 2:21-25 (imp=10) → 4 segments (117.3s)
[2026-03-10T22:32:09.736Z] [126/3248] 彼得前书 5:7 (imp=10) → 4 segments (86.0s)
[2026-03-10T22:33:53.930Z] [127/3248] 彼得前书 5:10-11 (imp=10) → 4 segments (101.4s)
[2026-03-10T22:35:31.682Z] [128/3248] 以赛亚书 64:8 (imp=10) → 4 segments (95.0s)
[2026-03-10T22:37:01.684Z] [129/3248] 彼得后书 3:8-9 (imp=10) → 4 segments (86.5s)
[2026-03-10T22:38:42.732Z] [130/3248] 提多书 2:11-14 (imp=10) → 4 segments (98.3s)
[2026-03-10T22:40:50.865Z] [131/3248] 提多书 3:3-7 (imp=10) → 4 segments (125.5s)
[2026-03-10T22:42:27.885Z] [132/3248] 提摩太前书 6:11-12 (imp=10) → 4 segments (93.5s)
[2026-03-10T22:44:07.924Z] [133/3248] 提摩太后书 1:11-12 (imp=10) → 4 segments (97.2s)
[2026-03-10T22:46:09.194Z] [134/3248] 提摩太后书 2:11-13 (imp=10) → 4 segments (117.6s)
[2026-03-10T22:47:46.794Z] [135/3248] 提摩太后书 3:16-17 (imp=10) → 4 segments (94.0s)
[2026-03-10T22:49:36.757Z] [136/3248] 提摩太后书 4:6-8 (imp=10) → 4 segments (107.3s)
[2026-03-10T22:50:38.051Z] [137/3248] 撒母耳记上 14:6 (imp=10) → 4 segments (58.5s)
[2026-03-10T22:52:42.609Z] [138/3248] 撒母耳记上 15:22-23 (imp=10) → 4 segments (121.9s)
[2026-03-10T22:54:21.489Z] [139/3248] 撒母耳记上 16:6-7 (imp=10) → 4 segments (95.3s)
[2026-03-10T22:55:38.272Z] [140/3248] 撒母耳记上 17:41-47 (imp=10) → 4 segments (74.1s)
[2026-03-10T22:57:08.186Z] [141/3248] 撒母耳记上 24:4-7 (imp=10) → 4 segments (87.3s)
[2026-03-10T22:58:29.129Z] [142/3248] 撒母耳记上 30:6 (imp=10) → 4 segments (78.3s)
[2026-03-10T23:00:05.980Z] [143/3248] 撒母耳记下 7:12-16 (imp=10) → 4 segments (93.2s)
[2026-03-10T23:02:06.278Z] [144/3248] 撒母耳记下 7:25-29 (imp=10) → 4 segments (117.6s)
[2026-03-10T23:04:10.553Z] [145/3248] 撒母耳记下 15:24-26 (imp=10) → 4 segments (121.6s)
[2026-03-10T23:05:41.555Z] [146/3248] 撒母耳记下 16:9-13 (imp=10) → 4 segments (87.5s)
[2026-03-10T23:06:57.236Z] [147/3248] 撒母耳记下 17:14 (imp=10) → 4 segments (73.0s)
[2026-03-10T23:08:37.679Z] [148/3248] 撒母耳记下 18:33 (imp=10) → 4 segments (97.8s)
[2026-03-10T23:10:19.148Z] [149/3248] 撒母耳记下 22:29-31 (imp=10) → 4 segments (98.8s)
[2026-03-10T23:11:54.951Z] [150/3248] 撒母耳记下 22:2-4 (imp=10) → 4 segments (92.3s)
[2026-03-10T23:13:37.661Z] [151/3248] 撒母耳记下 24:14 (imp=10) → 4 segments (100.1s)
[2026-03-10T23:15:11.295Z] [152/3248] 撒迦利亚书 3:1-5 (imp=10) → 4 segments (90.9s)
[2026-03-10T23:16:18.197Z] [153/3248] 撒迦利亚书 4:1-6 (imp=10) → 4 segments (64.2s)
[2026-03-10T23:18:15.010Z] [154/3248] 撒迦利亚书 9:9-10 (imp=10) → 4 segments (113.3s)
[2026-03-10T23:20:08.140Z] [155/3248] 撒迦利亚书 12:10 ✗ 
Invalid `prisma.preGeneratedExegesis.upsert()` invocation in
/Users/benson/dev/fun/easybible/seedlight-backend/scripts/pregenerate-exegesis.ts:277:45
[2026-03-10T23:21:33.009Z] [156/3248] 民数记 6:22-27 ✗ 
Invalid `prisma.preGeneratedExegesis.upsert()` invocation:


Error occurred during query execution:
ConnectorError(ConnectorError { user_facing_error
[2026-03-10T23:23:15.338Z] [157/3248] 民数记 14:17-19 ✗ 
Invalid `prisma.preGeneratedExegesis.upsert()` invocation:


Error occurred during query execution:
ConnectorError(ConnectorError { user_facing_error
[2026-03-10T23:25:33.418Z] === pregenerate-exegesis started ===
[2026-03-10T23:25:33.419Z]   Dry run: false, Resume: true
[2026-03-10T23:25:33.419Z]   Min importance: 8, Limit: none
[2026-03-10T23:25:33.419Z]   Log file: /Users/benson/dev/fun/easybible/seedlight-backend/logs/pregenerate-exegesis.log
[2026-03-10T23:25:38.367Z]   Resume: 506 complete, 3096/3602 remaining
[2026-03-10T23:25:38.368Z]   Processing 3096 passages (×4 segments = 12384 exegeses)
[2026-03-10T23:26:58.144Z] [1/3096] 历代志下 20:17 (imp=10) → 4 segments (77.0s)
[2026-03-10T23:28:39.704Z] [2/3096] 历代志下 30:6-9 (imp=10) → 4 segments (98.9s)
[2026-03-10T23:30:22.300Z] [3/3096] 撒迦利亚书 12:10 (imp=10) → 4 segments (99.9s)
[2026-03-10T23:32:38.551Z] [4/3096] 民数记 6:22-27 (imp=10) → 4 segments (132.8s)
[2026-03-10T23:34:11.391Z] [5/3096] 民数记 14:17-19 (imp=10) → 4 segments (90.2s)
[2026-03-10T23:35:42.516Z] [6/3096] 民数记 14:18-20 (imp=10) → 4 segments (88.5s)
[2026-03-10T23:37:08.193Z] [7/3096] 民数记 15:39-41 (imp=10) → 4 segments (83.0s)
[2026-03-10T23:38:31.653Z] [8/3096] 民数记 18:20 (imp=10) → 4 segments (79.8s)
[2026-03-10T23:40:45.122Z] [9/3096] 民数记 21:4-9 (imp=10) → 4 segments (130.8s)
[2026-03-10T23:42:17.437Z] [10/3096] 箴言 18:10-11 (imp=10) → 4 segments (89.7s)
[2026-03-10T23:44:04.102Z] [11/3096] 犹大书 1:24-25 (imp=10) → 4 segments (103.0s)
[2026-03-10T23:45:20.198Z] [12/3096] 申命记 4:29-31 (imp=10) → 4 segments (73.4s)
[2026-03-10T23:46:43.468Z] [13/3096] 申命记 6:4-5 (imp=10) → 4 segments (80.6s)
[2026-03-10T23:48:55.033Z] [14/3096] 申命记 7:6-8 (imp=10) → 4 segments (128.9s)
[2026-03-10T23:50:31.636Z] [15/3096] 申命记 30:15-20 (imp=10) → 4 segments (93.1s)
[2026-03-10T23:52:06.772Z] [16/3096] 申命记 33:26-27 (imp=10) → 4 segments (92.5s)
[2026-03-10T23:53:38.900Z] [17/3096] 箴言 3:5-6 (imp=10) → 4 segments (89.4s)
[2026-03-10T23:55:04.821Z] [18/3096] 箴言 1:7 (imp=10) → 4 segments (83.3s)
[2026-03-10T23:56:42.241Z] [19/3096] 箴言 4:23 (imp=10) → 4 segments (93.9s)
[2026-03-10T23:58:14.877Z] [20/3096] 箴言 8:22-31 (imp=10) → 4 segments (89.7s)
[2026-03-10T23:59:47.340Z] [21/3096] 箴言 9:10-12 (imp=10) → 4 segments (89.8s)
[2026-03-11T00:01:51.525Z] [22/3096] 阿摩司书 5:4-6 (imp=9) → 4 segments (120.7s)
[2026-03-11T00:02:59.045Z] [23/3096] 阿摩司书 4:12 (imp=9) → 4 segments (64.8s)
[2026-03-11T00:04:16.054Z] [24/3096] 阿摩司书 4:6-11 (imp=9) → 4 segments (74.3s)
[2026-03-11T00:05:37.557Z] [25/3096] 何西阿书 10:12 (imp=9) → 4 segments (78.8s)
[2026-03-11T00:07:35.619Z] [26/3096] 何西阿书 11:1-4 (imp=9) → 4 segments (114.6s)
[2026-03-11T00:09:17.074Z] [27/3096] 提摩太前书 3:15 (imp=9) → 4 segments (98.8s)
[2026-03-11T00:11:02.526Z] [28/3096] 何西阿书 13:14 (imp=9) → 4 segments (102.8s)
[2026-03-11T00:11:59.290Z]   ✗ Extract failed for 何西阿书 14:1-3
[2026-03-11T00:11:59.290Z]   Raw (first 300): ```json\n{"seeker":"何西阿書這段話，寫於大約兩千七百年前。當時以色列是一個正在走下坡路的國家——人們背棄了曾經信靠的神，轉而依賴強大的鄰國（亞述、埃及）來保護自己，甚至自己製作偶像來崇拜。先知何西阿，就像一位憂心忡忡的朋友，寫下這段話，呼喚他們回頭。\n\n這段話讓我想到一個很普通的人生經歷：我們有時候會在錯誤的地方尋找安全感——也許是金錢、是有權力的人脈、是自己的能力和計劃。這些本身不一定是壞事，但當我們完全依賴它們，就像把全部重量壓在一根細竹竿上，遲早會跌倒。\n\n「你是因自己的罪孽跌倒了」——這裡的「跌倒」，不是說你是個壞人，而是說你走的方向讓你摔了跤。就像走夜路走偏
[2026-03-11T00:13:04.233Z] [30/3096] 弥迦书 3:8 (imp=9) → 4 segments (61.4s)
[2026-03-11T00:14:41.660Z] [31/3096] 弥迦书 4:1-5 (imp=9) → 4 segments (94.6s)
[2026-03-11T00:16:27.809Z] [32/3096] 歌罗西书 1:13-14 (imp=9) → 4 segments (103.5s)
[2026-03-11T00:18:45.406Z] [33/3096] 歌罗西书 1:9-12 (imp=9) → 4 segments (134.1s)
[2026-03-11T00:20:31.173Z] [34/3096] 歌罗西书 1:21-23 (imp=9) → 4 segments (103.1s)
[2026-03-11T00:22:50.815Z] [35/3096] 歌罗西书 2:11-15 (imp=9) → 4 segments (136.9s)
[2026-03-11T00:24:52.166Z] [36/3096] 歌罗西书 3:22-25 (imp=9) → 4 segments (117.9s)
[2026-03-11T00:26:41.655Z] [37/3096] 诗篇 102:1-11 (imp=9) → 4 segments (106.8s)
[2026-03-11T00:28:40.560Z] [38/3096] 诗篇 102:12-17 (imp=9) → 4 segments (116.2s)
[2026-03-11T00:29:46.934Z] [39/3096] 诗篇 102:23-28 (imp=9) → 4 segments (63.7s)
[2026-03-11T00:31:36.300Z] [40/3096] 诗篇 103:14-18 (imp=9) → 4 segments (105.9s)
[2026-03-11T00:33:34.646Z] [41/3096] 马可福音 5:1-20 (imp=9) → 4 segments (115.7s)
[2026-03-11T00:34:47.745Z] [42/3096] 马可福音 6:34-44 (imp=9) → 4 segments (70.4s)
[2026-03-11T00:36:37.503Z] [43/3096] 马可福音 6:37-44 (imp=9) → 4 segments (106.3s)
[2026-03-11T00:38:12.598Z] [44/3096] 马可福音 6:47-52 (imp=9) → 4 segments (92.4s)
[2026-03-11T00:40:16.856Z] [45/3096] 以赛亚书 53:7-9 (imp=9) → 4 segments (121.6s)
[2026-03-11T00:42:09.181Z] [46/3096] 以赛亚书 53:10-11 (imp=9) → 4 segments (108.9s)
[2026-03-11T00:43:37.629Z] [47/3096] 以赛亚书 53:12 (imp=9) → 4 segments (85.8s)
[2026-03-11T00:44:32.403Z] [48/3096] 以赛亚书 54:4-6 (imp=9) → 4 segments (52.1s)
[2026-03-11T00:45:53.392Z] [49/3096] 以赛亚书 54:7-8 (imp=9) → 4 segments (78.3s)
[2026-03-11T00:47:43.653Z] [50/3096] 以赛亚书 54:14-17 (imp=9) → 4 segments (106.8s)
[2026-03-11T00:49:31.157Z] [51/3096] 以赛亚书 54:17 (imp=9) → 4 segments (104.8s)
