[2026-03-10T23:54:32.711Z] === resplit-long-passages started ===
[2026-03-10T23:54:32.712Z]   Max verse span: 6
[2026-03-10T23:54:32.712Z]   Dry run: true
[2026-03-10T23:54:32.712Z]   Limit: 3
[2026-03-10T23:54:35.031Z]   Found 3 passages with span > 6
[2026-03-10T23:55:29.717Z] [1/3] 诗篇 121:1-8 (8v) → 2 passages (54.7s)
[2026-03-10T23:55:38.677Z] [2/3] 诗篇 22:1-31 (31v) → 5 passages (9.0s)
[2026-03-10T23:55:48.248Z] [3/3] 以赛亚书 53:4-12 (9v) → 3 passages (9.6s)
[2026-03-10T23:55:48.248Z] === resplit-long-passages done (1.2 min) ===
[2026-03-10T23:55:48.249Z]   Processed: 3, Created: 0, Deleted: 0, Errors: 0
[2026-03-11T00:03:09.517Z] === resplit-long-passages started ===
[2026-03-11T00:03:09.518Z]   Max verse span: 6
[2026-03-11T00:03:09.518Z]   Dry run: true
[2026-03-11T00:03:09.518Z]   Limit: 5
[2026-03-11T00:03:11.759Z]   Found 5 passages with span > 6
[2026-03-11T00:03:49.152Z] [1/5] 诗篇 121:1-8 (8v) → 2 passages (37.4s)
[2026-03-11T00:03:49.153Z]   拆分: v1-2(yearning,hopeful,humble,peaceful,trust,faith) | v3-8(peaceful,grateful,hopeful,content,fearful,waiting)
[2026-03-11T00:03:58.284Z] [2/5] 诗篇 22:1-31 (31v) → 5 passages (9.1s)
[2026-03-11T00:03:58.285Z]   拆分: v1-5(lonely,desperate,fearful,hopeful,trust,faith) | v6-11(ashamed,sorrowful,insecure,humble,yearning) | v19-21(desperate,hopeful,fearful,yearning,trust) | v22-26(grateful,joyful,hopeful,humble,content,peaceful) | v27-31(joyful,hopeful,grateful,peaceful,yearning)
[2026-03-11T00:04:06.685Z] [3/5] 以赛亚书 53:4-12 (9v) → 3 passages (8.4s)
[2026-03-11T00:04:06.685Z]   拆分: v4-6(sorrowful,guilty,humble,grateful,ashamed,peaceful) | v7-9(sorrowful,humble,peaceful,tender,grieving,heartbroken) | v10-12(hopeful,grateful,joyful,worship,yearning,content)
[2026-03-11T00:04:24.533Z] [4/5] 马可福音 5:25-34 (10v) → 2 passages (17.8s)
[2026-03-11T00:04:24.533Z]   拆分: v25-29(desperate,exhausted,hopeful,yearning,humble,fearful) | v30-34(fearful,humble,peaceful,grateful,tender)
[2026-03-11T00:04:31.396Z] [5/5] 马可福音 5:35-43 (9v) → 2 passages (6.9s)
[2026-03-11T00:04:31.396Z]   拆分: v35-40(fearful,desperate,hopeful,sorrowful,grieving,trust) | v41-43(hopeful,joyful,humble,grateful,overwhelmed,yearning)
[2026-03-11T00:04:31.396Z] === resplit-long-passages done (1.3 min) ===
[2026-03-11T00:04:31.396Z]   Processed: 5, Created: 0, Deleted: 0, Errors: 0
[2026-03-11T00:06:21.169Z] === resplit-long-passages started ===
[2026-03-11T00:06:21.170Z]   Max verse span: 6
[2026-03-11T00:06:21.171Z]   Dry run: true
[2026-03-11T00:06:21.171Z]   Limit: 2
[2026-03-11T00:06:23.367Z]   Found 2 passages with span > 6
[2026-03-11T00:07:06.951Z] [1/2] 诗篇 121:1-8 (8v) → 2 passages (43.6s)
[2026-03-11T00:07:06.952Z]   拆分: v1-4(yearning,hopeful,humble,peaceful,faith,trust,sovereignty) | v5-8(peaceful,grateful,content,hopeful,suffering,trust,covenant)
[2026-03-11T00:07:16.661Z] [2/2] 诗篇 22:1-31 (31v) → 5 passages (9.7s)
[2026-03-11T00:07:16.662Z]   拆分: v1-5(desperate,lonely,sorrowful,yearning,hopeful,trust) | v6-11(ashamed,humble,lonely,fearful,desperate,trust) | v19-21(desperate,hopeful,yearning,fearful,trust) | v22-26(grateful,joyful,hopeful,humble,peaceful,worship) | v27-31(hopeful,joyful,peaceful,grateful,worship)
[2026-03-11T00:07:16.662Z] === resplit-long-passages done (0.9 min) ===
[2026-03-11T00:07:16.662Z]   Processed: 2, Created: 0, Deleted: 0, Errors: 0
[2026-03-11T00:07:46.338Z] === resplit-long-passages started ===
[2026-03-11T00:07:46.340Z]   Max verse span: 6
[2026-03-11T00:07:46.340Z]   Dry run: true
[2026-03-11T00:07:46.340Z]   Limit: 2
[2026-03-11T00:07:48.523Z]   Found 2 passages with span > 6
[2026-03-11T00:07:55.568Z] [1/2] 诗篇 121:1-8 (8v) → 2 passages (7.0s)
[2026-03-11T00:07:55.568Z]   拆分: v1-2(yearning,hopeful,trust,humble,peaceful) | v3-8(peaceful,grateful,fearful,hopeful,content,exhausted)
[2026-03-11T00:08:05.338Z]   ⚠ 诗篇 22:1-31: missing verses [12,13,14,15,16,17,18] — accepting partial coverage
[2026-03-11T00:08:05.338Z] [2/2] 诗篇 22:1-31 (31v) → 5 passages (9.8s)
[2026-03-11T00:08:05.338Z]   拆分: v1-5(desperate,lonely,fearful,hopeful,trust,grieving) | v6-11(ashamed,lonely,sorrowful,humble,desperate,yearning) | v19-21(desperate,hopeful,yearning,fearful,trust) | v22-26(grateful,joyful,hopeful,humble,peaceful,tender) | v27-31(hopeful,joyful,grateful,peaceful,yearning)
[2026-03-11T00:08:05.338Z] === resplit-long-passages done (0.3 min) ===
[2026-03-11T00:08:05.338Z]   Processed: 2, Created: 0, Deleted: 0, Errors: 0
[2026-03-11T00:08:19.938Z] === resplit-long-passages started ===
[2026-03-11T00:08:19.939Z]   Max verse span: 6
[2026-03-11T00:08:19.939Z]   Dry run: true
[2026-03-11T00:08:19.939Z]   Limit: 2
[2026-03-11T00:08:22.129Z]   Found 2 passages with span > 6
[2026-03-11T00:08:28.347Z] [1/2] 诗篇 121:1-8 (8v) → 2 passages (6.2s)
[2026-03-11T00:08:28.348Z]   拆分: v1-4(yearning,hopeful,peaceful,trust,faith) | v5-8(peaceful,grateful,content,hopeful,fearful)
[2026-03-11T00:08:38.799Z]   ⚠ 诗篇 22:1-31: missing verses [12,13,14,15,16,17,18] — accepting partial coverage
[2026-03-11T00:08:38.800Z] [2/2] 诗篇 22:1-31 (31v) → 5 passages (10.5s)
[2026-03-11T00:08:38.800Z]   拆分: v1-5(desperate,sorrowful,lonely,fearful,hopeful,trust) | v6-11(ashamed,lonely,humble,sorrowful,desperate,trust) | v19-21(desperate,hopeful,fearful,yearning) | v22-26(grateful,joyful,humble,hopeful,peaceful) | v27-31(hopeful,joyful,peaceful,grateful,content)
[2026-03-11T00:08:38.800Z] === resplit-long-passages done (0.3 min) ===
[2026-03-11T00:08:38.800Z]   Processed: 2, Created: 0, Deleted: 0, Errors: 0
[2026-03-11T00:08:59.035Z] === resplit-long-passages started ===
[2026-03-11T00:08:59.036Z]   Max verse span: 6
[2026-03-11T00:08:59.036Z]   Dry run: true
[2026-03-11T00:08:59.036Z]   Limit: 2
[2026-03-11T00:09:01.364Z]   Found 2 passages with span > 6
[2026-03-11T00:09:06.964Z] [1/2] 诗篇 121:1-8 (8v) → 2 passages (5.6s)
[2026-03-11T00:09:06.964Z]   拆分: v1-4(yearning,hopeful,peaceful,trust,faith) | v5-8(peaceful,grateful,content,hopeful,fearful)
[2026-03-11T00:09:15.152Z]   ⚠ 诗篇 22:1-31: auto-filled missing verses [12,13,14,15,16,17,18,25,26,27,28,29,30,31]
[2026-03-11T00:09:15.152Z] [2/2] 诗篇 22:1-31 (31v) → 7 passages (8.2s)
[2026-03-11T00:09:15.152Z]   拆分: v1-5(desperate,sorrowful,lonely,hopeful,trust,fearful) | v6-11(ashamed,sorrowful,humble,lonely,desperate,trust) | v12-17(suffering,sorrowful,hopeful,faith) | v18(suffering,sorrowful,hopeful,faith) | v19-24(hopeful,desperate,grateful,peaceful,trust,joyful) | v25-30(suffering,sorrowful,hopeful,faith) | v31(suffering,sorrowful,hopeful,faith)
[2026-03-11T00:09:15.152Z] === resplit-long-passages done (0.2 min) ===
[2026-03-11T00:09:15.152Z]   Processed: 2, Created: 0, Deleted: 0, Errors: 0
[2026-03-11T00:19:32.437Z] === resplit-long-passages started ===
[2026-03-11T00:19:32.438Z]   Max verse span: 6
[2026-03-11T00:19:32.438Z]   Dry run: false
[2026-03-11T00:19:32.439Z]   Limit: none
[2026-03-11T00:19:34.640Z]   Found 1029 passages with span > 6
[2026-03-11T00:19:43.785Z] [1/1029] 诗篇 121:1-8 (8v) → 2 passages (6.6s)
[2026-03-11T00:19:43.786Z]   拆分: v1-2(yearning,hopeful,trust,humble) | v3-8(peaceful,grateful,content,fearful,hopeful)
[2026-03-11T00:19:56.659Z]   ⚠ 诗篇 22:1-31: auto-filled missing verses [12,13,14,15,16,17,18]
[2026-03-11T00:20:02.481Z] [2/1029] 诗篇 22:1-31 (31v) → 7 passages (12.9s)
[2026-03-11T00:20:02.481Z]   拆分: v1-5(desperate,lonely,sorrowful,hopeful,trust,fearful) | v6-11(ashamed,lonely,insecure,grieving,hopeful) | v12-17(suffering,sorrowful,hopeful,faith) | v18(suffering,sorrowful,hopeful,faith) | v19-21(desperate,hopeful,prayer,fearful,yearning) | v22-26(grateful,joyful,humble,peaceful,content,tender) | v27-31(joyful,hopeful,grateful,peaceful,yearning)
[2026-03-11T00:20:12.757Z] [3/1029] 以赛亚书 53:4-12 (9v) → 3 passages (7.0s)
[2026-03-11T00:20:12.757Z]   拆分: v4-6(sorrowful,grateful,humble,ashamed,hopeful,peaceful) | v7-9(sorrowful,grieving,tender,humble,heartbroken,peaceful) | v10-12(hopeful,grateful,joyful,peaceful,yearning,worship)
[2026-03-11T00:21:14.215Z] === resplit-long-passages started ===
[2026-03-11T00:21:14.217Z]   Max verse span: 6
[2026-03-11T00:21:14.217Z]   Dry run: false
[2026-03-11T00:21:14.217Z]   Limit: none
[2026-03-11T00:21:16.505Z]   Found 1025 passages with span > 6
[2026-03-11T00:21:25.578Z] [1/1025] 马可福音 5:25-34 (10v) → 2 passages (6.5s)
[2026-03-11T00:21:25.578Z]   拆分: v25-29(desperate,hopeful,exhausted,fearful,yearning,grateful) | v30-34(humble,fearful,peaceful,grateful,tender)
[2026-03-11T00:21:34.397Z] [2/1025] 马可福音 5:35-43 (9v) → 2 passages (6.2s)
[2026-03-11T00:21:34.397Z]   拆分: v35-40(fearful,sorrowful,hopeful,grieving,desperate,doubtful) | v41-43(hopeful,joyful,grateful,overwhelmed,tender,peaceful)
[2026-03-11T00:21:43.802Z] [3/1025] 马太福音 28:1-10 (10v) → 2 passages (6.9s)
[2026-03-11T00:21:43.802Z]   拆分: v1-4(fearful,overwhelmed,sorrowful,hopeful,anxious) | v5-10(fearful,joyful,hopeful,grateful,peaceful,humble,yearning)
[2026-03-11T00:21:53.658Z] [4/1025] 约拿书 2:1-7 (7v) → 2 passages (7.2s)
[2026-03-11T00:21:53.659Z]   拆分: v1-4(desperate,sorrowful,hopeful,fearful,lonely,grateful,yearning) | v5-7(overwhelmed,exhausted,hopeful,peaceful,grateful,humble)
[2026-03-11T00:22:21.642Z] [5/1025] 约翰福音 8:1-11 (11v) → 2 passages (25.3s)
[2026-03-11T00:22:21.642Z]   拆分: v1-6(anxious,fearful,sorrowful,desperate,persecution,injustice,conflict) | v7-11(hopeful,humble,peaceful,grateful,tender,guilty,ashamed)
[2026-03-11T00:22:30.388Z] [6/1025] 约翰福音 11:20-27 (8v) → 2 passages (6.2s)
[2026-03-11T00:22:30.389Z]   拆分: v20-22(sorrowful,hopeful,yearning,grieving,trust,desperate) | v23-27(hopeful,peaceful,humble,grateful,joyful,yearning)
[2026-03-11T00:22:39.493Z] [7/1025] 约翰福音 20:11-18 (8v) → 2 passages (6.0s)
[2026-03-11T00:22:39.493Z]   拆分: v11-14(sorrowful,grieving,lonely,hopeful,confused,yearning) | v15-18(joyful,hopeful,tender,grateful,yearning,peaceful)
[2026-03-11T00:22:48.410Z] [8/1025] 罗马书 10:5-11 (7v) → 2 passages (6.4s)
[2026-03-11T00:22:48.411Z]   拆分: v5-8(confused,hopeful,humble,yearning,peaceful,doubtful) | v9-11(hopeful,grateful,joyful,peaceful,content,humble)
[2026-03-11T00:22:59.103Z] [9/1025] 耶利米哀歌 3:19-33 (15v) → 3 passages (7.4s)
[2026-03-11T00:22:59.104Z]   拆分: v19-24(sorrowful,grieving,hopeful,desperate,yearning,peaceful) | v25-30(hopeful,humble,peaceful,waiting,suffering) | v31-33(hopeful,tender,peaceful,grateful,sorrowful)
[2026-03-11T00:23:07.923Z] [10/1025] 腓立比书 2:5-11 (7v) → 2 passages (6.3s)
[2026-03-11T00:23:07.923Z]   拆分: v5-8(humble,sorrowful,tender,yearning,peaceful,obedience) | v9-11(joyful,grateful,hopeful,worship,peaceful,content)
[2026-03-11T00:23:16.444Z] [11/1025] 诗篇 107:23-32 (10v) → 2 passages (5.9s)
[2026-03-11T00:23:16.444Z]   拆分: v23-27(fearful,overwhelmed,desperate,anxious,exhausted,sorrowful) | v28-32(hopeful,grateful,joyful,peaceful,worship,yearning)
[2026-03-11T00:23:25.508Z] [12/1025] 诗篇 119:105-112 (8v) → 2 passages (6.5s)
[2026-03-11T00:23:25.509Z]   拆分: v105-108(hopeful,grateful,peaceful,humble,yearning,worship) | v109-112(fearful,sorrowful,content)
[2026-03-11T00:23:33.787Z] [13/1025] 路加福音 1:46-55 (10v) → 2 passages (5.6s)
[2026-03-11T00:23:33.788Z]   拆分: v46-50(joyful,grateful,humble,peaceful,hopeful,yearning,tender) | v51-55(hopeful,grateful,peaceful,content,humble,joyful)
[2026-03-11T00:23:47.873Z] [14/1025] 路加福音 2:8-14 (7v) → 2 passages (11.4s)
[2026-03-11T00:23:47.874Z]   拆分: v8-12(fearful,hopeful,joyful,overwhelmed,humble,yearning) | v13-14(joyful,peaceful,grateful,worship)
[2026-03-11T00:23:59.011Z] [15/1025] 路加福音 7:36-50 (15v) → 4 passages (7.3s)
[2026-03-11T00:23:59.011Z]   拆分: v36-39(humble,sorrowful,ashamed,tender,yearning,grateful) | v40-43(humble,wisdom,doubtful,peaceful) | v44-47(tender,grateful,ashamed,hopeful,yearning) | v48-50(peaceful,hopeful,joyful,grateful,doubtful)
[2026-03-11T00:24:07.980Z] [16/1025] 路加福音 10:29-37 (9v) → 2 passages (6.3s)
[2026-03-11T00:24:07.980Z]   拆分: v29-32(confused,lonely,sorrowful,disappointed,suffering,injustice) | v33-37(tender,hopeful,grateful,humble,content,yearning)
[2026-03-11T00:24:16.543Z] [17/1025] 路加福音 12:22-28 (7v) → 2 passages (6.0s)
[2026-03-11T00:24:16.543Z]   拆分: v22-25(anxious,fearful,overwhelmed,peaceful,trust,hopeful,yearning) | v26-28(anxious,doubtful,insecure,humble,grateful,peaceful,hopeful)
[2026-03-11T00:24:24.980Z] [18/1025] 路加福音 15:11-20 (10v) → 2 passages (5.8s)
[2026-03-11T00:24:24.980Z]   拆分: v11-16(desperate,lonely,exhausted,sorrowful,ashamed,bitter) | v17-20(regretful,humble,hopeful,tender,grateful,yearning)
[2026-03-11T00:24:34.260Z] [19/1025] 路加福音 18:1-8 (8v) → 2 passages (6.8s)
[2026-03-11T00:24:34.260Z]   拆分: v1-5(desperate,hopeful,exhausted,yearning,frustrated) | v6-8(hopeful,peaceful,doubtful,yearning,fearful,humble)
[2026-03-11T00:24:45.042Z] [20/1025] 路加福音 19:1-10 (10v) → 2 passages (8.1s)
[2026-03-11T00:24:45.042Z]   拆分: v1-6(yearning,humble,joyful,hopeful,desperate,grateful) | v7-10(resentful,hopeful,grateful,joyful,peaceful,tender)
[2026-03-11T00:24:53.928Z] [21/1025] 路加福音 22:14-20 (7v) → 2 passages (6.4s)
[2026-03-11T00:24:53.929Z]   拆分: v14-16(tender,yearning,sorrowful,hopeful,peaceful,grateful) | v17-20(grateful,worship,humble,tender,hopeful,peaceful)
[2026-03-11T00:25:03.083Z] [22/1025] 马可福音 4:35-41 (7v) → 2 passages (6.5s)
[2026-03-11T00:25:03.083Z]   拆分: v35-38(fearful,anxious,exhausted,desperate,overwhelmed,lonely) | v39-41(fearful,hopeful,peaceful,doubtful,humble,yearning)
[2026-03-11T00:25:12.445Z] [23/1025] 马可福音 9:14-24 (11v) → 2 passages (6.8s)
[2026-03-11T00:25:12.445Z]   拆分: v14-19(confused,frustrated,desperate,anxious,hopeful,angry) | v20-24(desperate,fearful,hopeful,humble,doubtful,yearning)
[2026-03-11T00:25:26.932Z] [24/1025] 马可福音 10:35-45 (11v) → 2 passages (11.8s)
[2026-03-11T00:25:26.932Z]   拆分: v35-40(humble,confused,yearning,proud,fearful) | v41-45(angry,humble,tender,grateful,overwhelmed,peaceful)
[2026-03-11T00:25:36.628Z] [25/1025] 马可福音 12:28-34 (7v) → 2 passages (7.2s)
[2026-03-11T00:25:36.629Z]   拆分: v28-31(yearning,humble,peaceful,hopeful,love,trust) | v32-34(humble,hopeful,grateful,peaceful,wisdom,tender)
[2026-03-11T00:25:47.137Z] [26/1025] 马太福音 5:3-12 (10v) → 2 passages (7.9s)
[2026-03-11T00:25:47.137Z]   拆分: v3-6(humble,sorrowful,yearning,hopeful,peaceful,tender) | v7-12(hopeful,joyful,peaceful,grateful,fearful)
[2026-03-11T00:25:57.127Z] [27/1025] 马太福音 6:25-34 (10v) → 2 passages (7.5s)
[2026-03-11T00:25:57.127Z]   拆分: v25-30(anxious,fearful,exhausted,peaceful,trust,hopeful) | v31-34(anxious,overwhelmed,peaceful,hopeful,content,yearning)
[2026-03-11T00:26:06.453Z] [28/1025] 马太福音 8:5-13 (9v) → 2 passages (6.7s)
[2026-03-11T00:26:06.453Z]   拆分: v5-9(humble,hopeful,desperate,trust,suffering) | v10-13(hopeful,joyful,grateful,fearful,peaceful)
[2026-03-11T00:26:14.989Z] [29/1025] 马太福音 14:24-33 (10v) → 2 passages (6.0s)
[2026-03-11T00:26:14.989Z]   拆分: v24-27(fearful,anxious,overwhelmed,peaceful,hopeful,trust) | v28-33(doubtful,desperate,humble,grateful,worship)
[2026-03-11T00:26:26.622Z] [30/1025] 马太福音 18:23-35 (13v) → 3 passages (7.5s)
[2026-03-11T00:26:26.622Z]   拆分: v23-27(grateful,humble,peaceful,hopeful,tender,overwhelmed) | v28-31(angry,bitter,resentful,sorrowful,frustrated,injustice) | v32-35(fearful,guilty,ashamed,regretful,humble,desperate)
[2026-03-11T00:26:35.404Z] [31/1025] 马太福音 20:20-28 (9v) → 2 passages (6.2s)
[2026-03-11T00:26:35.404Z]   拆分: v20-23(humble,confused,yearning,proud,hopeful) | v24-28(angry,humble,sorrowful,tender,grateful,peaceful)
[2026-03-11T00:26:46.634Z] [32/1025] 马太福音 25:34-40 (7v) → 2 passages (8.2s)
[2026-03-11T00:26:46.635Z]   拆分: v34-36(grateful,hopeful,joyful,humble,tender,peaceful) | v37-40(humble,yearning,confused,tender,grateful,peaceful)
[2026-03-11T00:26:57.892Z] [33/1025] 以弗所书 2:4-10 (7v) → 2 passages (8.7s)
[2026-03-11T00:26:57.892Z]   拆分: v4-7(grateful,hopeful,joyful,peaceful,yearning,humble) | v8-10(humble,grateful,peaceful,content,hopeful)
[2026-03-11T00:27:07.117Z] [34/1025] 以弗所书 6:10-17 (8v) → 2 passages (6.5s)
[2026-03-11T00:27:07.117Z]   拆分: v10-13(fearful,overwhelmed,spiritual_warfare,trust,persecution,suffering) | v14-17(hopeful,peaceful,identity,obedience,holy_spirit,salvation)
[2026-03-11T00:27:16.573Z] [35/1025] 以斯拉记 9:5-15 (11v) → 2 passages (6.9s)
[2026-03-11T00:27:16.574Z]   拆分: v5-9(sorrowful,ashamed,humble,hopeful,grateful,desperate) | v10-15(guilty,fearful,humble,regretful,peaceful)
[2026-03-11T00:27:25.330Z] [36/1025] 以西结书 1:22-28 (7v) → 2 passages (6.1s)
[2026-03-11T00:27:25.330Z]   拆分: v22-25(fearful,overwhelmed,humble,yearning,peaceful,anxious) | v26-28(fearful,humble,yearning,overwhelmed,tender,grateful)
[2026-03-11T00:27:36.138Z] [37/1025] 以西结书 37:1-10 (10v) → 2 passages (8.3s)
[2026-03-11T00:27:36.138Z]   拆分: v1-6(hopeful,fearful,overwhelmed,yearning,doubtful,humble) | v7-10(hopeful,joyful,peaceful,grateful,trust)
[2026-03-11T00:28:02.871Z] [38/1025] 传道书 3:1-8 (8v) → 2 passages (24.1s)
[2026-03-11T00:28:02.872Z]   拆分: v1-4(peaceful,humble,sorrowful,hopeful,content,yearning) | v5-8(hopeful,peaceful,bitter,tender,waiting,transition)
[2026-03-11T00:28:11.757Z] [39/1025] 但以理书 3:19-25 (7v) → 2 passages (6.4s)
[2026-03-11T00:28:11.757Z]   拆分: v19-23(angry,fearful,suffering,persecution,overwhelmed) | v24-25(hopeful,peaceful,joyful,fearful,grateful,tender)
[2026-03-11T00:28:21.845Z] [40/1025] 使徒行传 4:5-12 (8v) → 2 passages (7.4s)
[2026-03-11T00:28:21.845Z]   拆分: v5-7(fearful,overwhelmed,persecution,anxious,humble) | v8-12(hopeful,grateful,joyful,peaceful)
[2026-03-11T00:28:30.682Z] [41/1025] 使徒行传 16:25-34 (10v) → 2 passages (6.3s)
[2026-03-11T00:28:30.682Z]   拆分: v25-28(peaceful,joyful,fearful,hopeful,grateful,worship) | v29-34(humble,hopeful,joyful,grateful,yearning,content)
[2026-03-11T00:28:39.522Z] [42/1025] 出埃及记 6:1-8 (8v) → 2 passages (6.2s)
[2026-03-11T00:28:39.524Z]   拆分: v1-3(hopeful,fearful,trust,identity) | v4-8(hopeful,grateful,sorrowful,yearning,peaceful,redemption)
[2026-03-11T00:28:50.863Z] [43/1025] 出埃及记 12:1-14 (14v) → 3 passages (8.0s)
[2026-03-11T00:28:50.863Z]   拆分: v1-6(obedience,hopeful,fearful,worship,humble,yearning) | v7-11(fearful,hopeful,peaceful,obedience,trust,grateful) | v12-14(fearful,grateful,hopeful,worship,humble,peaceful)
[2026-03-11T00:29:22.873Z] [44/1025] 列王纪上 17:10-16 (7v) → 2 passages (29.3s)
[2026-03-11T00:29:22.873Z]   拆分: v10-12(sorrowful,desperate,exhausted,grieving,financial,suffering,death) | v13-16(hopeful,humble,grateful,peaceful,waiting,new_beginning)
[2026-03-11T00:29:36.131Z] [45/1025] 创世记 3:1-7 (7v) → 2 passages (10.6s)
[2026-03-11T00:29:36.132Z]   拆分: v1-5(doubtful,temptation,fearful,confused,insecure,bitter) | v6-7(ashamed,guilty,regretful,heartbroken,overwhelmed)
[2026-03-11T00:29:51.025Z] [46/1025] 创世记 9:8-17 (10v) → 2 passages (12.4s)
[2026-03-11T00:29:51.025Z]   拆分: v8-11(hopeful,peaceful,grateful,trust,humble) | v12-17(peaceful,joyful,grateful,worship,tender,yearning)
[2026-03-11T00:30:19.288Z] [47/1025] 创世记 18:9-15 (7v) → 2 passages (25.6s)
[2026-03-11T00:30:19.289Z]   拆分: v9-12(hopeful,doubtful,yearning,humble,confused,fearful) | v13-15(fearful,ashamed,humble,hopeful,doubtful,peaceful)
[2026-03-11T00:30:30.652Z] [48/1025] 创世记 22:1-10 (10v) → 2 passages (8.8s)
[2026-03-11T00:30:30.653Z]   拆分: v1-5(fearful,humble,obedience,trust,yearning) | v6-10(sorrowful,hopeful,tender,desperate,humble)
[2026-03-11T00:30:37.352Z]   ⚠ 创世记 32:22-32: auto-filled missing verses [26,27,28,29,30,31,32]
[2026-03-11T00:30:40.653Z] [49/1025] 创世记 32:22-32 (11v) → 3 passages (6.7s)
[2026-03-11T00:30:40.653Z]   拆分: v22-25(lonely,fearful,exhausted,desperate) | v26-31(suffering,sorrowful,hopeful,faith) | v32(suffering,sorrowful,hopeful,faith)
[2026-03-11T00:30:50.505Z] [50/1025] 创世记 45:1-8 (8v) → 2 passages (7.3s)
[2026-03-11T00:30:50.505Z]   拆分: v1-4(overwhelmed,tender,heartbroken,fearful,sorrowful,yearning) | v5-8(peaceful,hopeful,grateful,humble,content)
[2026-03-11T00:30:59.889Z] [51/1025] 撒母耳记上 17:41-47 (7v) → 2 passages (6.7s)
[2026-03-11T00:30:59.890Z]   拆分: v41-44(fearful,proud,angry,insecure,overwhelmed,bitter) | v45-47(hopeful,humble,yearning,joyful)
[2026-03-11T00:31:08.323Z] [52/1025] 箴言 8:22-31 (10v) → 2 passages (5.9s)
[2026-03-11T00:31:08.323Z]   拆分: v22-26(peaceful,humble,yearning,grateful,hopeful) | v27-31(joyful,grateful,content,tender,worship)
[2026-03-11T00:31:18.292Z] [53/1025] 诗篇 146:1-10 (10v) → 2 passages (7.3s)
[2026-03-11T00:31:18.293Z]   拆分: v1-5(joyful,grateful,worship,hopeful,peaceful,humble) | v6-10(grateful,hopeful,peaceful,joyful,yearning,content)
[2026-03-11T00:31:28.074Z] [54/1025] 诗篇 102:1-11 (11v) → 2 passages (6.3s)
[2026-03-11T00:31:28.074Z]   拆分: v1-5(desperate,sorrowful,exhausted,lonely,anxious,grieving) | v6-11(lonely,sorrowful,bitter,fearful,exhausted,overwhelmed)
[2026-03-11T00:31:35.853Z]   ⚠ 马可福音 5:1-20: auto-filled missing verses [6,7,8,9,10,11,12,13]
[2026-03-11T00:31:40.288Z] [55/1025] 马可福音 5:1-20 (20v) → 5 passages (7.8s)
[2026-03-11T00:31:40.289Z]   拆分: v1-5(fearful,desperate,sorrowful,lonely,exhausted,suffering) | v6-11(suffering,sorrowful,hopeful,faith) | v12-13(suffering,sorrowful,hopeful,faith) | v14-17(fearful,confused,doubtful,anxious) | v18-20(grateful,joyful,hopeful,humble,yearning)
[2026-03-11T00:31:49.274Z] [56/1025] 马可福音 6:34-44 (11v) → 2 passages (6.3s)
[2026-03-11T00:31:49.275Z]   拆分: v34-38(humble,confused,yearning,tender,hopeful) | v39-44(grateful,joyful,peaceful,hopeful,content,worship)
[2026-03-11T00:31:59.432Z] [57/1025] 马可福音 6:37-44 (8v) → 2 passages (7.6s)
[2026-03-11T00:31:59.432Z]   拆分: v37-42(confused,hopeful,grateful,humble,trust,joyful) | v43-44(grateful,joyful,content,humble)
[2026-03-11T00:32:08.823Z] [58/1025] 申命记 8:11-20 (10v) → 2 passages (6.7s)
[2026-03-11T00:32:08.823Z]   拆分: v11-16(grateful,fearful,humble,proud,yearning,overwhelmed) | v17-20(proud,fearful,humble,regretful,doubtful,sorrowful)
[2026-03-11T00:32:16.163Z]   ⚠ 诗篇 25:1-22: auto-filled missing verses [16,17,18,19,20,21,22]
[2026-03-11T00:32:20.598Z] [59/1025] 诗篇 25:1-22 (22v) → 5 passages (7.3s)
[2026-03-11T00:32:20.598Z]   拆分: v1-5(yearning,hopeful,trust,humble,waiting,faith) | v6-11(guilty,hopeful,humble,grateful,repentance,mercy) | v12-15(peaceful,hopeful,grateful,yearning,trust,content) | v16-21(suffering,sorrowful,hopeful,faith) | v22(suffering,sorrowful,hopeful,faith)
[2026-03-11T00:32:29.843Z] [60/1025] 诗篇 107:10-16 (7v) → 2 passages (6.6s)
[2026-03-11T00:32:29.844Z]   拆分: v10-13(sorrowful,desperate,guilty,hopeful,humble,suffering,persecution) | v14-16(grateful,joyful,peaceful,hopeful,worship,freedom)
[2026-03-11T00:32:38.814Z] [61/1025] 诗篇 112:1-10 (10v) → 2 passages (6.4s)
[2026-03-11T00:32:38.815Z]   拆分: v1-5(joyful,grateful,hopeful,peaceful,content,humble) | v6-10(hopeful,fearful,peaceful,sorrowful,angry)
[2026-03-11T00:32:49.387Z] [62/1025] 诗篇 119:9-16 (8v) → 2 passages (7.9s)
[2026-03-11T00:32:49.387Z]   拆分: v9-11(yearning,humble,fearful,hopeful,obedience) | v12-16(grateful,joyful,worship,peaceful,content,humble)
[2026-03-11T00:32:58.683Z] [63/1025] 诗篇 119:65-72 (8v) → 2 passages (6.7s)
[2026-03-11T00:32:58.683Z]   拆分: v65-68(grateful,humble,peaceful,yearning,content,hopeful) | v69-72(joyful,grateful,peaceful,content,hopeful)
[2026-03-11T00:33:08.118Z] [64/1025] 诗篇 119:89-96 (8v) → 2 passages (6.8s)
[2026-03-11T00:33:08.119Z]   拆分: v89-91(peaceful,grateful,content,hopeful,humble) | v92-96(hopeful,grateful,fearful,yearning,peaceful)
[2026-03-11T00:33:18.427Z] [65/1025] 诗篇 119:97-104 (8v) → 2 passages (7.8s)
[2026-03-11T00:33:18.428Z]   拆分: v97-102(yearning,grateful,humble,peaceful,content,obedience) | v103-104(joyful,grateful,content,peaceful)
[2026-03-11T00:33:27.164Z] [66/1025] 诗篇 119:161-168 (8v) → 2 passages (6.1s)
[2026-03-11T00:33:27.164Z]   拆分: v161-164(fearful,joyful,grateful,peaceful,worship,persecution) | v165-168(peaceful,hopeful,humble,content,yearning)
[2026-03-11T00:33:36.168Z] [67/1025] 路加福音 1:26-33 (8v) → 2 passages (6.5s)
[2026-03-11T00:33:36.169Z]   拆分: v26-29(fearful,confused,humble,overwhelmed,yearning,tender) | v30-33(hopeful,peaceful,joyful,grateful,humble,fearful,yearning)
[2026-03-11T00:33:44.922Z] [68/1025] 路加福音 1:67-75 (9v) → 2 passages (6.1s)
[2026-03-11T00:33:44.923Z]   拆分: v67-71(grateful,joyful,hopeful,worship,peaceful,humble) | v72-75(grateful,hopeful,peaceful,content,tender,yearning)
[2026-03-11T00:33:59.798Z] [69/1025] 路加福音 2:25-32 (8v) → 2 passages (12.2s)
[2026-03-11T00:33:59.799Z]   拆分: v25-28(hopeful,peaceful,yearning,humble,grateful) | v29-32(peaceful,grateful,joyful,content,worship,tender)
[2026-03-11T00:34:08.188Z] [70/1025] 路加福音 5:1-11 (11v) → 2 passages (5.9s)
[2026-03-11T00:34:08.188Z]   拆分: v1-5(exhausted,doubtful,hopeful,humble,trust,obedience) | v6-11(overwhelmed,fearful,ashamed,humble,grateful,yearning)
[2026-03-11T00:34:17.423Z] [71/1025] 路加福音 5:4-11 (8v) → 2 passages (6.6s)
[2026-03-11T00:34:17.424Z]   拆分: v4-7(exhausted,doubtful,hopeful,humble,trust,grateful,overwhelmed) | v8-11(fearful,ashamed,humble,sorrowful,hopeful,yearning,peaceful)
[2026-03-11T00:34:26.502Z] [72/1025] 路加福音 5:17-26 (10v) → 2 passages (6.5s)
[2026-03-11T00:34:26.502Z]   拆分: v17-20(hopeful,humble,yearning,trust) | v21-26(doubtful,grateful,fearful,joyful,worship)
[2026-03-11T00:34:35.034Z] [73/1025] 路加福音 7:1-10 (10v) → 2 passages (5.9s)
[2026-03-11T00:34:35.034Z]   拆分: v1-5(hopeful,humble,yearning,grateful,tender) | v6-10(humble,hopeful,peaceful,grateful,joyful)
[2026-03-11T00:34:39.997Z]   ✗ No valid passages after cleaning for 路加福音 7:11-17
[2026-03-11T00:34:49.647Z] [75/1025] 路加福音 8:9-15 (7v) → 2 passages (7.0s)
[2026-03-11T00:34:49.648Z]   拆分: v9-11(humble,yearning,confused,hopeful,peaceful) | v12-15(fearful,hopeful,exhausted,content)
[2026-03-11T00:34:59.306Z] [76/1025] 路加福音 9:28-36 (9v) → 2 passages (7.1s)
[2026-03-11T00:34:59.307Z]   拆分: v28-31(yearning,peaceful,humble,hopeful,worship,tender) | v32-36(fearful,overwhelmed,humble,joyful,peaceful,doubtful)
[2026-03-11T00:35:08.173Z] [77/1025] 路加福音 11:5-13 (9v) → 2 passages (6.2s)
[2026-03-11T00:35:08.173Z]   拆分: v5-8(desperate,hopeful,humble,yearning,trust) | v9-13(hopeful,grateful,peaceful,trust,joyful,humble)
[2026-03-11T00:35:13.560Z]   ✗ No valid passages after cleaning for 路加福音 12:15-21
[2026-03-11T00:35:23.322Z] [79/1025] 路加福音 13:23-30 (8v) → 2 passages (7.1s)
[2026-03-11T00:35:23.323Z]   拆分: v23-27(anxious,fearful,desperate,humble,sorrowful,doubtful) | v28-30(hopeful,fearful,sorrowful,yearning,humility)
[2026-03-11T00:35:31.851Z] [80/1025] 路加福音 14:15-24 (10v) → 2 passages (6.0s)
[2026-03-11T00:35:31.851Z]   拆分: v15-20(hopeful,joyful,frustrated,disappointed,proud,content) | v21-24(angry,humble,grateful,yearning,sorrowful,hopeful)
[2026-03-11T00:35:47.918Z] [81/1025] 路加福音 15:1-7 (7v) → 2 passages (13.4s)
[2026-03-11T00:35:47.918Z]   拆分: v1-3(humble,yearning,resentful,lonely,grateful,tender) | v4-7(hopeful,joyful,grateful,yearning,peaceful,content)
[2026-03-11T00:35:57.432Z] [82/1025] 路加福音 15:25-32 (8v) → 2 passages (7.0s)
[2026-03-11T00:35:57.432Z]   拆分: v25-28(angry,bitter,resentful,frustrated,lonely,confused) | v29-32(bitter,jealous,resentful,humble,joyful,hopeful)
[2026-03-11T00:36:22.626Z] [83/1025] 路加福音 16:19-25 (7v) → 2 passages (22.6s)
[2026-03-11T00:36:22.626Z]   拆分: v19-21(sorrowful,desperate,lonely,exhausted,bitter,injustice,suffering) | v22-25(hopeful,sorrowful,fearful,peaceful,death,suffering)
[2026-03-11T00:36:28.722Z]   ⚠ 路加福音 20:9-18: auto-filled missing verses [9,10,11,12,13,14,15]
[2026-03-11T00:36:32.857Z] [84/1025] 路加福音 20:9-18 (10v) → 3 passages (6.1s)
[2026-03-11T00:36:32.857Z]   拆分: v9-14(suffering,sorrowful,hopeful,faith) | v15(suffering,sorrowful,hopeful,faith) | v16-18(fearful,humble,doubtful,overwhelmed,hopeful)
[2026-03-11T00:36:41.917Z] [85/1025] 路加福音 17:11-19 (9v) → 2 passages (6.5s)
[2026-03-11T00:36:41.918Z]   拆分: v11-14(desperate,hopeful,humble,fearful,yearning,peaceful) | v15-19(grateful,humble,joyful,ashamed,worship,tender)
[2026-03-11T00:36:58.850Z] [86/1025] 路加福音 18:35-43 (9v) → 2 passages (14.3s)
[2026-03-11T00:36:58.850Z]   拆分: v35-39(desperate,yearning,hopeful,fearful,frustrated) | v40-43(humble,hopeful,grateful,joyful,peaceful,tender)
[2026-03-11T00:37:05.717Z]   ⚠ 路加福音 22:54-62: auto-filled missing verses [54,55,56,57,58,59,60]
[2026-03-11T00:37:08.881Z] [87/1025] 路加福音 22:54-62 (9v) → 3 passages (6.9s)
[2026-03-11T00:37:08.881Z]   拆分: v54-59(suffering,sorrowful,hopeful,faith) | v60(suffering,sorrowful,hopeful,faith) | v61-62(sorrowful,regretful,heartbroken,humble,grieving)
[2026-03-11T00:37:17.253Z] [88/1025] 路加福音 24:1-8 (8v) → 2 passages (5.7s)
[2026-03-11T00:37:17.254Z]   拆分: v1-4(confused,fearful,anxious,hopeful,overwhelmed) | v5-8(fearful,hopeful,joyful,humble,yearning,grateful)
[2026-03-11T00:37:22.731Z]   ✗ No valid passages after cleaning for 马可福音 2:6-12
[2026-03-11T00:37:58.162Z] [90/1025] 马可福音 4:13-20 (8v) → 3 passages (32.0s)
[2026-03-11T00:37:58.168Z]   拆分: v13-15(confused,doubtful,fearful,loss,temptation) | v16-17(joyful,hopeful,sorrowful,persecution,suffering,failure) | v18-20(temptation,yearning,joyful,grateful,success)
[2026-03-11T00:38:03.845Z]   ⚠ 马可福音 7:14-23: auto-filled missing verses [17,18,19,20,21,22,23]
[2026-03-11T00:38:06.996Z] [91/1025] 马可福音 7:14-23 (10v) → 3 passages (5.7s)
[2026-03-11T00:38:06.996Z]   拆分: v14-16(confused,humble,yearning,doubtful) | v17-22(suffering,sorrowful,hopeful,faith) | v23(suffering,sorrowful,hopeful,faith)
[2026-03-11T00:38:13.858Z]   ✗ No valid passages after cleaning for 马可福音 7:24-30
[2026-03-11T00:38:19.259Z]   ✗ No valid passages after cleaning for 马可福音 9:2-8
[2026-03-11T00:38:24.386Z]   ✗ No valid passages after cleaning for 马可福音 10:46-52
[2026-03-11T00:38:31.891Z]   ✗ No valid passages after cleaning for 马可福音 14:3-9
[2026-03-11T00:38:38.145Z]   ✗ No valid passages after cleaning for 马可福音 14:66-72
[2026-03-11T00:38:48.785Z] [97/1025] 马可福音 15:6-15 (10v) → 2 passages (8.0s)
[2026-03-11T00:38:48.785Z]   拆分: v6-11(injustice,sorrowful,bitter,angry,heartbroken,resentful) | v12-15(sorrowful,heartbroken,desperate,grieving,overwhelmed,suffering,persecution)
[2026-03-11T00:38:59.794Z] [98/1025] 马太福音 9:1-8 (8v) → 3 passages (7.9s)
[2026-03-11T00:38:59.795Z]   拆分: v1-2(hopeful,peaceful,grateful,tender) | v3-6(doubtful,confused,angry,humble,fearful) | v7-8(joyful,grateful,peaceful,humble,hopeful)
[2026-03-11T00:39:07.892Z] [99/1025] 马太福音 9:18-26 (9v) → 2 passages (5.5s)
[2026-03-11T00:39:07.892Z]   拆分: v18-22(desperate,hopeful,fearful,humble,grateful) | v23-26(hopeful,sorrowful,joyful,doubtful,grateful)
[2026-03-11T00:39:16.529Z] [100/1025] 马太福音 12:15-21 (7v) → 2 passages (6.1s)
[2026-03-11T00:39:16.529Z]   拆分: v15-16(grateful,hopeful,peaceful,humble) | v17-21(hopeful,peaceful,tender,yearning,humble)
[2026-03-11T00:39:24.966Z] [101/1025] 马太福音 15:21-28 (8v) → 2 passages (5.8s)
[2026-03-11T00:39:24.966Z]   拆分: v21-24(desperate,hopeful,lonely,sorrowful,yearning,confused) | v25-28(humble,hopeful,grateful,tender,joyful)
[2026-03-11T00:39:33.846Z] [102/1025] 马太福音 16:13-20 (8v) → 2 passages (6.4s)
[2026-03-11T00:39:33.846Z]   拆分: v13-16(doubtful,confused,humble,yearning,faith,identity) | v17-20(grateful,humble,peaceful,joyful,trust,obedience)
[2026-03-11T00:39:42.203Z] [103/1025] 马太福音 17:1-8 (8v) → 2 passages (5.7s)
[2026-03-11T00:39:42.203Z]   拆分: v1-4(yearning,humble,joyful,peaceful,overwhelmed,grateful) | v5-8(fearful,humble,peaceful,trust,joyful,tender)
[2026-03-11T00:39:51.125Z] [104/1025] 马太福音 17:14-21 (8v) → 2 passages (6.4s)
[2026-03-11T00:39:51.125Z]   拆分: v14-18(desperate,sorrowful,hopeful,fearful,grateful,humble) | v19-21(confused,humble,doubtful,yearning,peaceful)
[2026-03-11T00:39:57.816Z]   ✗ No valid passages after cleaning for 马太福音 19:16-22
[2026-03-11T00:40:04.423Z]   ⚠ 马太福音 20:1-16: auto-filled missing verses [1,2,3,4,5,6,7]
[2026-03-11T00:40:08.226Z] [106/1025] 马太福音 20:1-16 (16v) → 4 passages (6.6s)
[2026-03-11T00:40:08.226Z]   拆分: v1-6(suffering,sorrowful,hopeful,faith) | v7(suffering,sorrowful,hopeful,faith) | v8-12(angry,frustrated,resentful,bitter,disappointed,jealous) | v13-16(humble,doubtful,peaceful,yearning)
[2026-03-11T00:40:16.837Z] [107/1025] 诗篇 47:1-9 (9v) → 2 passages (6.0s)
[2026-03-11T00:40:16.838Z]   拆分: v1-4(joyful,grateful,hopeful,worship,proud,peaceful) | v5-9(joyful,worship,hopeful,peaceful,yearning,humble)
[2026-03-11T00:40:22.283Z]   ✗ No valid passages after cleaning for 马太福音 26:69-75
[2026-03-11T00:40:30.611Z] [109/1025] 约翰福音 3:1-8 (8v) → 2 passages (5.7s)
[2026-03-11T00:40:30.611Z]   拆分: v1-3(yearning,humble,doubtful,hopeful,fearful) | v4-8(confused,doubtful,hopeful,peaceful,yearning,humble)
[2026-03-11T00:40:39.322Z] [110/1025] 约翰福音 4:4-10 (7v) → 2 passages (6.2s)
[2026-03-11T00:40:39.322Z]   拆分: v4-6(exhausted,lonely,humble,yearning) | v7-10(confused,hopeful,insecure,tender,yearning)
[2026-03-11T00:40:49.919Z] [111/1025] 约翰福音 4:19-26 (8v) → 2 passages (7.9s)
[2026-03-11T00:40:49.920Z]   拆分: v19-24(confused,yearning,humble,hopeful,peaceful,worship) | v25-26(hopeful,yearning,joyful,faith,humble)
[2026-03-11T00:40:59.778Z] [112/1025] 约翰福音 4:46-53 (8v) → 2 passages (7.3s)
[2026-03-11T00:40:59.779Z]   拆分: v46-50(desperate,fearful,hopeful,humble,trust,sorrowful) | v51-53(joyful,grateful,hopeful,peaceful,humble)
[2026-03-11T00:41:08.527Z] [113/1025] 约翰福音 5:1-9 (9v) → 2 passages (6.1s)
[2026-03-11T00:41:08.528Z]   拆分: v1-4(hopeful,waiting,suffering,yearning) | v5-9(hopeful,exhausted,lonely,joyful,grateful,peaceful)
[2026-03-11T00:41:17.102Z] [114/1025] 约翰福音 6:5-13 (9v) → 2 passages (6.0s)
[2026-03-11T00:41:17.103Z]   拆分: v5-9(confused,doubtful,humble,fearful,exhausted) | v10-13(grateful,joyful,peaceful,hopeful,content,overwhelmed)
[2026-03-11T00:41:25.722Z] [115/1025] 约翰福音 6:51-58 (8v) → 2 passages (6.0s)
[2026-03-11T00:41:25.722Z]   拆分: v51-53(confused,doubtful,yearning,fearful,humble,hopeful) | v54-58(hopeful,peaceful,grateful,joyful,yearning,trust)
[2026-03-11T00:41:35.860Z] [116/1025] 约翰福音 11:28-35 (8v) → 2 passages (6.7s)
[2026-03-11T00:41:35.861Z]   拆分: v28-32(yearning,sorrowful,hopeful,humble,grieving) | v33-35(sorrowful,tender,grieving,heartbroken,humble)
[2026-03-11T00:41:44.205Z] [117/1025] 约翰福音 11:38-44 (7v) → 2 passages (5.8s)
[2026-03-11T00:41:44.205Z]   拆分: v38-40(sorrowful,hopeful,fearful,doubtful,tender,trust) | v41-44(grateful,worship,joyful,hopeful,peaceful,humble)
[2026-03-11T00:41:53.613Z] [118/1025] 约翰福音 12:1-8 (8v) → 2 passages (6.7s)
[2026-03-11T00:41:53.614Z]   拆分: v1-3(grateful,tender,humble,worship,yearning,peaceful) | v4-8(sorrowful,disappointed,bitter,hopeful,humble)
[2026-03-11T00:42:02.857Z] [119/1025] 约翰福音 12:44-50 (7v) → 2 passages (6.7s)
[2026-03-11T00:42:02.858Z]   拆分: v44-49(hopeful,peaceful,yearning,fearful,humble,trust) | v50(peaceful,grateful,humble,trust)
[2026-03-11T00:42:11.709Z] [120/1025] 约翰福音 16:16-22 (7v) → 2 passages (6.2s)
[2026-03-11T00:42:11.710Z]   拆分: v16-19(confused,doubtful,anxious,yearning,frustrated) | v20-22(sorrowful,hopeful,joyful,grieving,peaceful,tender)
[2026-03-11T00:42:19.873Z] [121/1025] 罗马书 4:1-8 (8v) → 2 passages (5.6s)
[2026-03-11T00:42:19.874Z]   拆分: v1-5(humble,doubtful,hopeful,peaceful,grateful,yearning) | v6-8(grateful,joyful,peaceful,hopeful,content)
[2026-03-11T00:42:27.895Z]   ✗ No valid passages after cleaning for 罗马书 6:1-7
[2026-03-11T00:42:35.411Z]   ✗ No valid passages after cleaning for 罗马书 7:14-20
[2026-03-11T00:42:45.457Z] [124/1025] 罗马书 8:5-11 (7v) → 2 passages (7.4s)
[2026-03-11T00:42:45.457Z]   拆分: v5-8(fearful,doubtful,humble,desperate,sorrowful,yearning) | v9-11(hopeful,peaceful,grateful,joyful,content,trust)
[2026-03-11T00:42:54.194Z] [125/1025] 罗马书 8:18-25 (8v) → 2 passages (6.2s)
[2026-03-11T00:42:54.194Z]   拆分: v18-22(hopeful,yearning,exhausted,suffering,grieving) | v23-25(hopeful,yearning,peaceful,waiting,humble)
[2026-03-11T00:43:04.167Z] [126/1025] 耶利米书 23:25-32 (8v) → 2 passages (7.3s)
[2026-03-11T00:43:04.167Z]   拆分: v25-29(angry,frustrated,doubtful,fearful,yearning,humble) | v30-32(angry,sorrowful,disappointed,resentful,hopeful,grieving)
[2026-03-11T00:43:13.010Z] [127/1025] 耶利米书 24:1-7 (7v) → 2 passages (6.3s)
[2026-03-11T00:43:13.011Z]   拆分: v1-3(sorrowful,confused,fearful,hopeful,loss,suffering) | v4-7(hopeful,peaceful,grateful,yearning,content,trust)
[2026-03-11T00:43:32.866Z] [128/1025] 诗篇 21:1-7 (7v) → 2 passages (17.2s)
[2026-03-11T00:43:32.866Z]   拆分: v1-4(joyful,grateful,hopeful,peaceful,content,yearning) | v5-7(joyful,grateful,peaceful,humble,content)
[2026-03-11T00:43:41.792Z] [129/1025] 诗篇 78:1-8 (8v) → 2 passages (6.4s)
[2026-03-11T00:43:41.792Z]   拆分: v1-4(humble,yearning,grateful,hopeful,tender) | v5-8(obedience,hopeful,fearful,humble,purpose)
[2026-03-11T00:43:50.540Z] [130/1025] 诗篇 88:1-9 (9v) → 2 passages (6.1s)
[2026-03-11T00:43:50.540Z]   拆分: v1-4(desperate,sorrowful,exhausted,lonely,fearful,yearning) | v5-9(grieving,bitter,overwhelmed,lonely,hopeful,sorrowful)
[2026-03-11T00:44:00.657Z] [131/1025] 诗篇 89:30-37 (8v) → 2 passages (7.1s)
[2026-03-11T00:44:00.657Z]   拆分: v30-33(fearful,guilty,hopeful,sorrowful,trust,grateful) | v34-37(hopeful,peaceful,grateful,trust,joyful,yearning)
[2026-03-11T00:44:11.600Z] [132/1025] 希伯来书 12:4-11 (8v) → 2 passages (8.3s)
[2026-03-11T00:44:11.600Z]   拆分: v4-8(exhausted,suffering,humble,fearful,hopeful,trust) | v9-11(humble,hopeful,peaceful,grateful,yearning,content)
[2026-03-11T00:44:19.906Z] [133/1025] 希伯来书 12:18-24 (7v) → 2 passages (5.8s)
[2026-03-11T00:44:19.907Z]   拆分: v18-21(fearful,overwhelmed,anxious,humble,sorrowful) | v22-24(hopeful,joyful,grateful,peaceful,yearning,worship)
[2026-03-11T00:44:28.678Z] [134/1025] 撒母耳记上 3:4-10 (7v) → 2 passages (6.1s)
[2026-03-11T00:44:28.678Z]   拆分: v4-9(confused,humble,yearning,peaceful,doubtful,tender) | v10(humble,peaceful,grateful,yearning)
[2026-03-11T00:44:38.141Z] [135/1025] 撒母耳记上 13:8-14 (7v) → 2 passages (6.9s)
[2026-03-11T00:44:38.141Z]   拆分: v8-10(anxious,fearful,desperate,frustrated,guilty) | v11-14(ashamed,regretful,sorrowful,disappointed,humble,fearful)
[2026-03-11T00:44:44.499Z]   ✗ No valid passages after cleaning for 撒母耳记上 14:1-7
[2026-03-11T00:44:52.011Z]   ✗ No valid passages after cleaning for 撒母耳记上 17:31-37
[2026-03-11T00:44:59.153Z]   ⚠ 撒母耳记上 20:11-23: auto-filled missing verses [11,12,13,14,15,16,17]
[2026-03-11T00:45:02.445Z] [138/1025] 撒母耳记上 20:11-23 (13v) → 3 passages (7.1s)
[2026-03-11T00:45:02.445Z]   拆分: v11-16(suffering,sorrowful,hopeful,faith) | v17(suffering,sorrowful,hopeful,faith) | v18-23(anxious,hopeful,fearful,peaceful,trust,sorrowful)
[2026-03-11T00:45:11.377Z] [139/1025] 撒母耳记上 20:35-42 (8v) → 2 passages (6.4s)
[2026-03-11T00:45:11.378Z]   拆分: v35-40(anxious,fearful,lonely,sorrowful,trust,yearning) | v41-42(heartbroken,sorrowful,tender,grateful,hopeful,peaceful)
[2026-03-11T00:45:20.221Z] [140/1025] 撒母耳记上 23:6-13 (8v) → 2 passages (6.2s)
[2026-03-11T00:45:20.221Z]   拆分: v6-9(fearful,desperate,trust,hopeful,anxious) | v10-13(fearful,hopeful,peaceful,grateful,trust)
[2026-03-11T00:45:55.781Z] [141/1025] 撒母耳记上 25:23-31 (9v) → 2 passages (32.8s)
[2026-03-11T00:45:55.781Z]   拆分: v23-27(humble,fearful,hopeful,tender,peaceful,grateful) | v28-31(hopeful,peaceful,humble,yearning,grateful)
[2026-03-11T00:46:01.413Z]   ✗ No valid passages after cleaning for 撒母耳记上 26:6-12
[2026-03-11T00:46:07.669Z]   ✗ No valid passages after cleaning for 撒母耳记下 9:1-7
[2026-03-11T00:46:17.961Z] [144/1025] 撒母耳记下 17:1-14 (14v) → 3 passages (7.0s)
[2026-03-11T00:46:17.961Z]   拆分: v1-4(fearful,desperate,overwhelmed,bitter,conflict,suffering) | v5-10(anxious,doubtful,hopeful,wisdom,trust) | v11-14(hopeful,proud,fearful,humble,peaceful)
[2026-03-11T00:46:27.659Z] [145/1025] 撒母耳记下 22:1-7 (7v) → 2 passages (7.2s)
[2026-03-11T00:46:27.660Z]   拆分: v1-4(grateful,peaceful,hopeful,humble,worship,trust,joyful) | v5-7(fearful,desperate,sorrowful,anxious,hopeful,prayer,yearning)
[2026-03-11T00:46:36.599Z] [146/1025] 民数记 9:15-23 (9v) → 2 passages (5.3s)
[2026-03-11T00:46:36.599Z]   拆分: v15-18(peaceful,hopeful,grateful,humble,trust,obedience) | v19-23(peaceful,humble,content,trust,yearning)
[2026-03-11T00:46:46.507Z] [147/1025] 民数记 14:13-19 (7v) → 2 passages (7.3s)
[2026-03-11T00:46:46.508Z]   拆分: v13-16(anxious,fearful,desperate,humble,frustrated,hopeful) | v17-19(hopeful,humble,grateful,peaceful,yearning,desperate)
[2026-03-11T00:46:57.258Z] [148/1025] 民数记 16:41-50 (10v) → 2 passages (8.1s)
[2026-03-11T00:46:57.258Z]   拆分: v41-45(angry,fearful,overwhelmed,guilty,desperate,humble) | v46-50(desperate,hopeful,fearful,grateful,peaceful,sorrowful)
[2026-03-11T00:47:04.378Z]   ⚠ 民数记 23:13-26: auto-filled missing verses [18,19,20,21,22,23,24]
[2026-03-11T00:47:08.157Z] [149/1025] 民数记 23:13-26 (14v) → 4 passages (7.1s)
[2026-03-11T00:47:08.157Z]   拆分: v13-17(hopeful,anxious,frustrated,waiting,fearful) | v18-23(suffering,sorrowful,hopeful,faith) | v24(suffering,sorrowful,hopeful,faith) | v25-26(frustrated,humble,obedience,peaceful)
[2026-03-11T00:47:18.419Z] [150/1025] 申命记 1:26-33 (8v) → 2 passages (7.6s)
[2026-03-11T00:47:18.419Z]   拆分: v26-28(angry,fearful,bitter,resentful,doubtful,overwhelmed) | v29-33(fearful,hopeful,peaceful,grateful,doubtful,trust)
[2026-03-11T00:47:29.252Z] [151/1025] 申命记 26:1-11 (11v) → 3 passages (7.7s)
[2026-03-11T00:47:29.252Z]   拆分: v1-4(grateful,worship,humble,obedience,joyful,peaceful) | v5-9(sorrowful,hopeful,grateful,trust,redemption) | v10-11(joyful,grateful,worship,content,humble)
[2026-03-11T00:47:38.659Z] [152/1025] 箴言 1:1-7 (7v) → 2 passages (6.8s)
[2026-03-11T00:47:38.659Z]   拆分: v1-6(yearning,humble,hopeful,peaceful,wisdom,discipleship) | v7(humble,fearful,hopeful,faith,worship)
[2026-03-11T00:47:48.606Z] [153/1025] 箴言 8:1-11 (11v) → 2 passages (7.4s)
[2026-03-11T00:47:48.606Z]   拆分: v1-5(hopeful,yearning,humble,confused,peaceful) | v6-11(joyful,grateful,content,trust,worship)
[2026-03-11T00:48:00.571Z] [154/1025] 箴言 31:10-31 (22v) → 4 passages (8.1s)
[2026-03-11T00:48:00.572Z]   拆分: v10-15(humble,grateful,content,trust,tender) | v16-21(content,hopeful,peaceful,grateful) | v22-27(joyful,humble,content,peaceful,grateful,tender) | v28-31(joyful,grateful,humble,yearning,peaceful,hopeful)
[2026-03-11T00:48:09.529Z] [155/1025] 约书亚记 14:6-12 (7v) → 2 passages (6.4s)
[2026-03-11T00:48:09.529Z]   拆分: v6-9(humble,grateful,hopeful,trust) | v10-12(hopeful,grateful,yearning,trust,content)
[2026-03-11T00:48:30.232Z] [156/1025] 约伯记 30:16-23 (8v) → 2 passages (18.1s)
[2026-03-11T00:48:30.232Z]   拆分: v16-19(sorrowful,exhausted,overwhelmed,desperate,grieving,fearful) | v20-23(desperate,lonely,bitter,heartbroken,confused,anxious)
[2026-03-11T00:48:37.467Z]   ⚠ 约伯记 41:1-11: auto-filled missing verses [1,2,3,4,5,6,7,8,9]
[2026-03-11T00:48:40.625Z] [157/1025] 约伯记 41:1-11 (11v) → 3 passages (7.2s)
[2026-03-11T00:48:40.626Z]   拆分: v1-6(suffering,sorrowful,hopeful,faith) | v7-9(suffering,sorrowful,hopeful,faith) | v10-11(humble,peaceful,grateful,yearning)
[2026-03-11T00:48:50.239Z] [158/1025] 创世记 21:1-7 (7v) → 2 passages (7.0s)
[2026-03-11T00:48:50.240Z]   拆分: v1-5(hopeful,grateful,joyful,trust,peaceful,humble) | v6-7(joyful,grateful,content,yearning,tender)
[2026-03-11T00:48:58.695Z] [159/1025] 创世记 24:42-48 (7v) → 2 passages (5.9s)
[2026-03-11T00:48:58.695Z]   拆分: v42-45(hopeful,yearning,peaceful,humble,trust) | v46-48(grateful,joyful,humble,peaceful,content,worship)
[2026-03-11T00:49:09.596Z] [160/1025] 创世记 44:18-34 (17v) → 3 passages (7.6s)
[2026-03-11T00:49:09.596Z]   拆分: v18-23(humble,fearful,desperate,tender,anxious) | v24-29(sorrowful,grieving,heartbroken,fearful) | v30-34(desperate,humble,heartbroken)
[2026-03-11T00:49:18.794Z] [161/1025] 利未记 8:22-30 (9v) → 2 passages (6.7s)
[2026-03-11T00:49:18.794Z]   拆分: v22-27(humble,worship,obedience) | v28-30(grateful,worship,humble,peaceful)
[2026-03-11T00:49:25.215Z]   ✗ No valid passages after cleaning for 利未记 23:26-32
[2026-03-11T00:49:34.866Z] [163/1025] 利未记 26:3-13 (11v) → 2 passages (7.1s)
[2026-03-11T00:49:34.866Z]   拆分: v3-8(hopeful,grateful,peaceful,content,fearful) | v9-13(grateful,joyful,peaceful,humble,yearning,hopeful)
[2026-03-11T00:49:52.308Z] [164/1025] 加拉太书 4:1-7 (7v) → 2 passages (14.8s)
[2026-03-11T00:49:52.309Z]   拆分: v1-3(humble,waiting,exhausted,confused,yearning) | v4-7(grateful,joyful,hopeful,peaceful,tender,content)
[2026-03-11T00:49:58.899Z]   ✗ No valid passages after cleaning for 历代志下 1:7-13
[2026-03-11T00:50:07.700Z] [166/1025] 历代志下 6:12-21 (10v) → 2 passages (6.1s)
[2026-03-11T00:50:07.700Z]   拆分: v12-17(humble,grateful,worship,hopeful,peaceful,trust) | v18-21(humble,yearning,peaceful,prayer,trust,fearful)
[2026-03-11T00:50:13.702Z]   ✗ No valid passages after cleaning for 历代志下 15:1-7
