[2026-03-09T21:30:13.057Z] === tag-passages started ===
[2026-03-09T21:30:13.058Z]   Dry run: false
[2026-03-09T21:30:13.058Z]   Resume: true
[2026-03-09T21:30:13.058Z]   Log file: /Users/benson/dev/fun/easybible/seedlight-backend/logs/tag-passages.log
[2026-03-09T21:30:15.668Z]   Already processed: 0 chapters
[2026-03-09T21:31:11.606Z] === tag-passages started ===
[2026-03-09T21:31:11.607Z]   Dry run: true
[2026-03-09T21:31:11.607Z]   Resume: false
[2026-03-09T21:31:11.607Z]   Log file: /Users/benson/dev/fun/easybible/seedlight-backend/logs/tag-passages.log
[2026-03-09T21:31:11.607Z]   Book filter: 诗篇
[2026-03-09T21:32:05.366Z] [1/150] 诗篇 1章 → 2 passages (51.3s)
[2026-03-09T21:32:51.613Z] [2/150] 诗篇 2章 → 4 passages (45.5s)
[2026-03-09T21:33:18.463Z] [3/150] 诗篇 3章 → 4 passages (26.1s)
[2026-03-09T21:34:18.121Z] [4/150] 诗篇 4章 → 5 passages (58.9s)
[2026-03-09T21:35:42.839Z] [5/150] 诗篇 5章 → 6 passages (83.9s)
[2026-03-09T21:36:31.138Z] [6/150] 诗篇 6章 → 3 passages (47.5s)
[2026-03-09T21:41:52.905Z] === tag-passages started (batch mode) ===
[2026-03-09T21:41:52.906Z]   Dry run: false
[2026-03-09T21:41:52.906Z]   Resume: true
[2026-03-09T21:41:52.906Z]   Batch target: ~100 verses/call
[2026-03-09T21:41:52.906Z]   Log file: /Users/benson/dev/fun/easybible/seedlight-backend/logs/tag-passages.log
[2026-03-09T21:41:55.478Z]   Resume: 0 chapters done, 1189/1189 remaining
[2026-03-09T21:41:55.479Z]   Total: 1189 chapters → 402 batches
[2026-03-09T21:43:01.861Z] [1/402] 以弗所书 ch1,2,3,4 (98v) → 17 passages (55.5s)
[2026-03-09T21:43:47.940Z] [2/402] 以弗所书 ch5,6 (57v) → 12 passages (38.3s)
[2026-03-09T21:44:42.678Z] [3/402] 以斯帖记 ch1,2,3,4,5 (91v) → 12 passages (47.0s)
[2026-03-09T21:45:47.141Z] [4/402] 以斯帖记 ch6,7,8,9,10 (76v) → 13 passages (56.1s)
[2026-03-09T21:46:28.466Z] [5/402] 以斯拉记 ch1 (11v) → 4 passages (38.7s)
[2026-03-09T21:47:20.925Z] [6/402] 以斯拉记 ch2 (70v) → 3 passages (49.6s)
[2026-03-09T21:48:19.502Z] [7/402] 以斯拉记 ch3,4,5,6 (76v) → 14 passages (49.6s)
[2026-03-09T21:49:06.646Z] [8/402] 以斯拉记 ch7,8,9 (79v) → 11 passages (40.1s)
[2026-03-09T21:50:14.818Z] [9/402] 以斯拉记 ch10 (44v) → 5 passages (64.9s)
[2026-03-09T21:51:16.785Z] [10/402] 以西结书 ch1,2,3,4,5 (99v) → 15 passages (52.4s)
[2026-03-09T21:52:10.443Z] [11/402] 以西结书 ch6,7,8,9,10 (92v) → 15 passages (44.0s)
[2026-03-09T21:52:58.069Z] [12/402] 以西结书 ch11,12,13,14 (99v) → 11 passages (39.6s)
[2026-03-09T21:53:29.263Z] [13/402] 以西结书 ch15 (8v) → 1 passages (30.4s)
[2026-03-09T21:54:13.441Z] [14/402] 以西结书 ch16 (63v) → 8 passages (39.0s)
[2026-03-09T21:55:04.727Z] === tag-passages started (batch mode) ===
[2026-03-09T21:55:04.728Z]   Dry run: false
[2026-03-09T21:55:04.728Z]   Resume: true
[2026-03-09T21:55:04.728Z]   Batch target: ~100 verses/call
[2026-03-09T21:55:04.728Z]   Log file: /Users/benson/dev/fun/easybible/seedlight-backend/logs/tag-passages.log
[2026-03-09T21:55:07.178Z]   Resume: 42 chapters done, 1147/1189 remaining
[2026-03-09T21:55:07.179Z]   Total: 1147 chapters → 388 batches
[2026-03-09T21:55:33.256Z] [1/388] 以西结书 ch17,18,19 (70v) → 14 passages (17.0s)
[2026-03-09T21:56:09.144Z] [2/388] 以西结书 ch20,21 (81v) → 21 passages (22.4s)
[2026-03-09T21:57:33.152Z] [3/388] 以西结书 ch22,23 (80v) → 16 passages (73.7s)
[2026-03-09T21:57:59.798Z] [4/388] 以西结书 ch24,25,26 (65v) → 15 passages (17.0s)
[2026-03-09T22:00:01.310Z] [5/388] 以西结书 ch27,28,29 (83v) → 10 passages (115.1s)
[2026-03-09T22:00:33.369Z] [6/388] 以西结书 ch30,31,32 (76v) → 18 passages (19.7s)
[2026-03-09T22:02:49.902Z] [7/388] 以西结书 ch33,34,35 (79v) → 16 passages (126.2s)
[2026-03-09T22:04:14.784Z] [8/388] 以西结书 ch36,37,38 (89v) → 14 passages (75.9s)
[2026-03-09T22:05:47.053Z] [9/388] 以西结书 ch39,40 (78v) → 9 passages (85.5s)
[2026-03-09T22:06:08.704Z] [10/388] 以西结书 ch41,42,43 (73v) → 11 passages (14.6s)
[2026-03-09T22:07:58.776Z] [11/388] 以西结书 ch44,45,46 (80v) → 20 passages (97.3s)
[2026-03-09T22:08:16.181Z] [12/388] 以西结书 ch47,48 (58v) → 8 passages (12.2s)
[2026-03-09T22:10:32.326Z] [13/388] 以赛亚书 ch1,2,3,4 (85v) → 23 passages (121.2s)
[2026-03-09T22:11:13.374Z] [14/388] 以赛亚书 ch5,6,7,8 (90v) → 24 passages (24.9s)
[2026-03-09T22:14:14.465Z] [15/388] 以赛亚书 ch9,10,11,12,13 (99v) → 25 passages (158.9s)
[2026-03-09T22:17:03.556Z] [16/388] 以赛亚书 ch14,15,16,17,18 (76v) → 21 passages (154.8s)
[2026-03-09T22:18:42.475Z] [17/388] 以赛亚书 ch19,20,21,22,23 (91v) → 18 passages (87.4s)
[2026-03-09T22:21:22.474Z] [18/388] 以赛亚书 ch24,25,26,27,28 (98v) → 28 passages (142.1s)
[2026-03-09T22:23:57.093Z] [19/388] 以赛亚书 ch29,30,31,32 (86v) → 23 passages (139.0s)
[2026-03-09T22:26:27.314Z] [20/388] 以赛亚书 ch33,34,35,36 (73v) → 22 passages (136.0s)
[2026-03-09T22:27:05.582Z] [21/388] 以赛亚书 ch37,38,39,40 (99v) → 23 passages (23.5s)
[2026-03-09T22:27:43.744Z] [22/388] 以赛亚书 ch41,42,43 (82v) → 23 passages (23.4s)
[2026-03-09T22:28:19.589Z] [23/388] 以赛亚书 ch44,45,46,47 (81v) → 21 passages (22.4s)
[2026-03-09T22:31:02.540Z] [24/388] 以赛亚书 ch48,49,50,51,52 ✗ Empty CLI response
[2026-03-09T22:31:35.525Z] [25/388] 以赛亚书 ch53,54,55,56,57,58 ✗ Empty CLI response
[2026-03-09T22:32:13.264Z] [26/388] 以赛亚书 ch59,60,61,62,63,64 ✗ Empty CLI response
[2026-03-09T22:32:48.522Z] [27/388] 以赛亚书 ch65,66 (49v) → 18 passages (18.1s)
[2026-03-09T22:33:36.795Z] [28/388] 传道书 ch1,2,3,4 (82v) → 23 passages (25.6s)
[2026-03-09T22:34:34.166Z] [29/388] 传道书 ch5,6,7,8,9 (96v) → 29 passages (29.6s)
[2026-03-09T22:35:10.451Z] [30/388] 传道书 ch10,11,12 (44v) → 18 passages (19.7s)
[2026-03-09T22:35:41.717Z] [31/388] 但以理书 ch1,2,3 (100v) → 14 passages (19.1s)
[2026-03-09T22:36:26.582Z] [32/388] 但以理书 ch4,5,6 (96v) → 23 passages (22.3s)
[2026-03-09T22:37:10.508Z] [33/388] 但以理书 ch7,8,9 (82v) → 22 passages (23.8s)
[2026-03-09T22:41:20.793Z] [34/388] 但以理书 ch10,11,12 (79v) → 19 passages (230.5s)
[2026-03-09T22:41:57.883Z] [35/388] 何西阿书 ch1,2,3,4,5,6,7 ✗ Empty CLI response
[2026-03-09T22:42:30.818Z] [36/388] 何西阿书 ch8,9,10,11,12,13,14 ✗ Empty CLI response
[2026-03-09T22:43:04.142Z] [37/388] 使徒行传 ch1,2,3 (99v) → 20 passages (20.6s)
[2026-03-09T22:44:47.145Z] [38/388] 使徒行传 ch4,5,6 (94v) → 13 passages (94.7s)
[2026-03-09T22:45:24.945Z] [39/388] 使徒行传 ch7,8 (99v) → 22 passages (23.7s)
[2026-03-09T22:46:01.230Z] [40/388] 使徒行传 ch9,10 (91v) → 22 passages (22.3s)
[2026-03-09T22:46:29.090Z] [41/388] 使徒行传 ch11,12 (55v) → 16 passages (16.7s)
[2026-03-09T22:48:01.702Z] [42/388] 使徒行传 ch13,14 (80v) → 14 passages (83.6s)
[2026-03-09T22:48:30.387Z] [43/388] 使徒行传 ch15,16 (80v) → 17 passages (17.8s)
[2026-03-09T22:49:06.414Z] [44/388] 使徒行传 ch17,18 (62v) → 23 passages (21.4s)
[2026-03-09T22:49:38.205Z] [45/388] 使徒行传 ch19,20 (79v) → 18 passages (20.2s)
[2026-03-09T22:50:05.119Z] [46/388] 使徒行传 ch21,22 (70v) → 15 passages (17.3s)
[2026-03-09T22:52:13.087Z] [47/388] 使徒行传 ch23,24,25 (88v) → 16 passages (116.8s)
[2026-03-09T22:52:43.783Z] [48/388] 使徒行传 ch26,27 (76v) → 18 passages (19.2s)
[2026-03-09T22:53:01.389Z] [49/388] 使徒行传 ch28 (31v) → 9 passages (11.8s)
[2026-03-09T22:53:18.235Z] [50/388] 俄巴底亚书 ch1 (21v) → 9 passages (11.0s)
[2026-03-09T22:53:52.333Z] [51/388] 出埃及记 ch1,2,3,4 (100v) → 19 passages (21.9s)
[2026-03-09T22:56:09.912Z] [52/388] 出埃及记 ch5,6,7 (78v) → 11 passages (130.5s)
[2026-03-09T22:58:11.499Z] [53/388] 出埃及记 ch8,9,10 (96v) → 19 passages (108.4s)
[2026-03-09T22:58:48.983Z] [54/388] 出埃及记 ch11,12,13 (83v) → 21 passages (24.1s)
[2026-03-09T23:00:47.259Z] [55/388] 出埃及记 ch14,15,16 (94v) → 20 passages (105.5s)
[2026-03-09T23:03:17.817Z] [56/388] 出埃及记 ch17,18,19,20 (94v) → 15 passages (139.9s)
[2026-03-09T23:06:09.784Z] [57/388] 出埃及记 ch21,22,23 (100v) → 24 passages (156.7s)
[2026-03-09T23:08:02.064Z] [58/388] 出埃及记 ch24,25,26 (95v) → 11 passages (105.1s)
[2026-03-09T23:08:21.913Z] [59/388] 出埃及记 ch27,28 (64v) → 10 passages (12.5s)
[2026-03-09T23:09:50.871Z] [60/388] 出埃及记 ch29,30 (84v) → 18 passages (77.5s)
[2026-03-09T23:11:45.016Z] [61/388] 出埃及记 ch31,32,33 (76v) → 13 passages (105.8s)
[2026-03-09T23:12:09.532Z] [62/388] 出埃及记 ch34,35 (70v) → 12 passages (16.8s)
[2026-03-09T23:14:28.474Z] [63/388] 出埃及记 ch36,37,38 (98v) → 10 passages (131.7s)
[2026-03-09T23:16:40.675Z] [64/388] 出埃及记 ch39,40 (81v) → 12 passages (124.5s)
[2026-03-09T23:19:57.211Z] [65/388] 列王纪上 ch1,2 (99v) → 18 passages (183.9s)
[2026-03-09T23:20:19.352Z] [66/388] 列王纪上 ch3,4,5 (80v) → 11 passages (14.9s)
[2026-03-09T23:20:38.596Z] [67/388] 列王纪上 ch6,7 (89v) → 8 passages (14.1s)
[2026-03-09T23:21:07.001Z] [68/388] 列王纪上 ch8 (66v) → 17 passages (17.6s)
[2026-03-09T23:22:33.956Z] [69/388] 列王纪上 ch9,10,11 (100v) → 8 passages (81.8s)
[2026-03-09T23:25:26.155Z] [70/388] 列王纪上 ch12,13,14 (98v) → 20 passages (158.6s)
[2026-03-09T23:26:03.070Z] [71/388] 列王纪上 ch15,16,17 (92v) → 22 passages (22.9s)
[2026-03-09T23:26:34.021Z] [72/388] 列王纪上 ch18,19 (67v) → 18 passages (19.5s)
[2026-03-09T23:27:02.905Z] [73/388] 列王纪上 ch20,21 (72v) → 17 passages (18.0s)
[2026-03-09T23:27:21.545Z] [74/388] 列王纪上 ch22 (53v) → 10 passages (12.2s)
[2026-03-09T23:29:50.963Z] [75/388] 列王纪下 ch1,2,3 (70v) → 12 passages (141.7s)
[2026-03-09T23:30:16.212Z] [76/388] 列王纪下 ch4,5 (71v) → 13 passages (15.8s)
[2026-03-09T23:30:52.310Z] [77/388] 列王纪下 ch6,7,8 (82v) → 22 passages (21.8s)
[2026-03-09T23:31:25.601Z] [78/388] 列王纪下 ch9,10,11 (94v) → 21 passages (19.7s)
[2026-03-09T23:31:56.492Z] [79/388] 列王纪下 ch12,13,14 (75v) → 16 passages (18.5s)
[2026-03-09T23:33:59.846Z] [80/388] 列王纪下 ch15,16,17 (99v) → 17 passages (112.5s)
[2026-03-09T23:35:50.691Z] [81/388] 列王纪下 ch18,19,20 (95v) → 14 passages (101.0s)
[2026-03-09T23:38:12.302Z] [82/388] 列王纪下 ch21,22,23 (83v) → 17 passages (130.8s)
[2026-03-09T23:38:31.441Z] [83/388] 列王纪下 ch24,25 (50v) → 10 passages (12.7s)
[2026-03-09T23:39:02.279Z] [84/388] 创世记 ch1,2,3 (80v) → 18 passages (19.4s)
[2026-03-09T23:39:31.848Z] [85/388] 创世记 ch4,5,6 (80v) → 17 passages (18.8s)
[2026-03-09T23:39:56.903Z] [86/388] 创世记 ch7,8,9 (75v) → 13 passages (16.7s)
[2026-03-09T23:40:19.618Z] [87/388] 创世记 ch10,11,12 (84v) → 12 passages (15.0s)
[2026-03-09T23:43:04.688Z] [88/388] 创世记 ch13,14,15,16 (79v) → 16 passages (154.0s)
[2026-03-09T23:43:34.633Z] [89/388] 创世记 ch17,18,19 (98v) → 18 passages (18.4s)
[2026-03-09T23:43:59.565Z] [90/388] 创世记 ch20,21,22,23 (96v) → 13 passages (16.6s)
[2026-03-09T23:44:18.487Z] [91/388] 创世记 ch24 (67v) → 10 passages (12.5s)
[2026-03-09T23:44:44.681Z] [92/388] 创世记 ch25,26 (69v) → 14 passages (17.2s)
[2026-03-09T23:46:45.115Z] [93/388] 创世记 ch27,28 (68v) → 11 passages (113.2s)
[2026-03-09T23:47:05.540Z] [94/388] 创世记 ch29,30 (78v) → 10 passages (14.0s)
[2026-03-09T23:49:53.596Z] [95/388] 创世记 ch31,32 (87v) → 12 passages (159.5s)
[2026-03-09T23:50:17.615Z] [96/388] 创世记 ch33,34,35 (80v) → 12 passages (16.4s)
[2026-03-09T23:50:35.129Z] [97/388] 创世记 ch36,37 (79v) → 8 passages (12.4s)
[2026-03-09T23:52:07.312Z] [98/388] 创世记 ch38,39,40 (76v) → 12 passages (84.4s)
[2026-03-09T23:52:37.466Z] [99/388] 创世记 ch41,42 (95v) → 18 passages (18.7s)
[2026-03-09T23:54:20.988Z] [100/388] 创世记 ch43,44,45 (96v) → 12 passages (95.8s)
[2026-03-09T23:54:47.937Z] [101/388] 创世记 ch46,47,48 (87v) → 14 passages (17.0s)
[2026-03-09T23:55:12.822Z] [102/388] 创世记 ch49,50 (59v) → 14 passages (16.0s)
[2026-03-09T23:55:42.401Z] [103/388] 利未记 ch1,2,3,4 (85v) → 16 passages (19.1s)
[2026-03-09T23:57:51.466Z] [104/388] 利未记 ch5,6,7 (87v) → 13 passages (120.7s)
[2026-03-09T23:59:44.220Z] [105/388] 利未记 ch8,9,10 (80v) → 13 passages (104.4s)
[2026-03-10T00:01:55.559Z] [106/388] 利未记 ch11,12 (55v) → 6 passages (126.5s)
[2026-03-10T00:02:08.148Z] [107/388] 利未记 ch13 (59v) → 4 passages (9.9s)
[2026-03-10T00:03:56.990Z] [108/388] 利未记 ch14,15 (90v) → 11 passages (101.8s)
[2026-03-10T00:04:24.018Z] [109/388] 利未记 ch16,17,18 (80v) → 16 passages (16.8s)
[2026-03-10T00:06:47.759Z] [110/388] 利未记 ch19,20,21 (88v) → 17 passages (132.9s)
[2026-03-10T00:07:18.798Z] [111/388] 利未记 ch22,23,24 (100v) → 18 passages (18.7s)
[2026-03-10T00:07:41.113Z] [112/388] 利未记 ch25 (55v) → 12 passages (14.6s)
[2026-03-10T00:08:05.831Z] [113/388] 利未记 ch26,27 (80v) → 14 passages (15.8s)
[2026-03-10T00:08:37.991Z] [114/388] 加拉太书 ch1,2,3 (74v) → 20 passages (19.4s)
[2026-03-10T00:09:15.282Z] [115/388] 加拉太书 ch4,5,6 (75v) → 22 passages (23.3s)
[2026-03-10T00:10:23.773Z] [116/388] 历代志上 ch1 (54v) → 4 passages (65.8s)
[2026-03-10T00:10:39.100Z] [117/388] 历代志上 ch2,3 (79v) → 7 passages (10.8s)
[2026-03-10T00:10:56.489Z] [118/388] 历代志上 ch4,5 (69v) → 8 passages (12.2s)
[2026-03-10T00:11:09.912Z] [119/388] 历代志上 ch6 (81v) → 6 passages (9.5s)
[2026-03-10T00:11:20.612Z] [120/388] 历代志上 ch7,8 (80v) → 4 passages (8.2s)
[2026-03-10T00:11:39.659Z] [121/388] 历代志上 ch9,10 (58v) → 9 passages (13.2s)
[2026-03-10T00:12:04.665Z] [122/388] 历代志上 ch11,12 (87v) → 14 passages (16.0s)
[2026-03-10T00:12:28.933Z] [123/388] 历代志上 ch13,14,15 (60v) → 13 passages (15.1s)
[2026-03-10T00:14:24.486Z] [124/388] 历代志上 ch16,17,18 (87v) → 17 passages (104.6s)
[2026-03-10T00:14:59.005Z] [125/388] 历代志上 ch19,20,21,22 (76v) → 20 passages (21.6s)
[2026-03-10T00:15:25.640Z] [126/388] 历代志上 ch23,24,25 (94v) → 14 passages (17.7s)
[2026-03-10T00:15:53.530Z] [127/388] 历代志上 ch26,27,28 (87v) → 16 passages (17.7s)
[2026-03-10T00:16:08.331Z] [128/388] 历代志上 ch29 (30v) → 8 passages (9.6s)
[2026-03-10T00:19:06.783Z] [129/388] 历代志下 ch1,2,3,4,5 (88v) → 18 passages (166.1s)
[2026-03-10T00:21:57.820Z] [130/388] 历代志下 ch6,7,8 (82v) → 17 passages (160.2s)
[2026-03-10T00:23:53.657Z] [131/388] 历代志下 ch9,10,11,12 (89v) → 12 passages (108.1s)
[2026-03-10T00:27:08.991Z] [132/388] 历代志下 ch13,14,15,16,17 (89v) → 17 passages (184.5s)
[2026-03-10T00:27:53.618Z] [133/388] 历代志下 ch18,19,20 (82v) → 28 passages (26.7s)
[2026-03-10T00:28:26.218Z] [134/388] 历代志下 ch21,22,23,24 (80v) → 19 passages (20.5s)
[2026-03-10T00:28:59.342Z] [135/388] 历代志下 ch25,26,27,28 (87v) → 19 passages (20.1s)
[2026-03-10T00:29:31.843Z] [136/388] 历代志下 ch29,30,31 (84v) → 20 passages (19.7s)
[2026-03-10T00:30:07.774Z] [137/388] 历代志下 ch32,33,34 (91v) → 21 passages (22.5s)
[2026-03-10T00:31:46.795Z] [138/388] 历代志下 ch35,36 (50v) → 13 passages (90.6s)
[2026-03-10T00:32:29.090Z] [139/388] 启示录 ch1,2,3,4,5 (96v) → 22 passages (28.2s)
[2026-03-10T00:35:06.322Z] [140/388] 启示录 ch6,7,8,9,10,11 (98v) → 21 passages (143.1s)
[2026-03-10T00:35:44.705Z] [141/388] 启示录 ch12,13,14,15,16 (84v) → 21 passages (25.0s)
[2026-03-10T00:36:19.680Z] [142/388] 启示录 ch17,18,19,20 (78v) → 20 passages (22.3s)
[2026-03-10T00:36:55.575Z] [143/388] 启示录 ch21,22 (48v) → 21 passages (22.6s)
[2026-03-10T00:37:27.159Z] [144/388] 哈巴谷书 ch1,2,3 (56v) → 19 passages (19.5s)
[2026-03-10T00:37:55.667Z] [145/388] 哈该书 ch1,2 (38v) → 16 passages (18.3s)
[2026-03-10T00:38:37.910Z] [146/388] 哥林多前书 ch1,2,3,4 (91v) → 26 passages (25.5s)
[2026-03-10T00:39:09.391Z] [147/388] 哥林多前书 ch5,6,7,8 (86v) → 17 passages (20.6s)
[2026-03-10T00:39:44.736Z] [148/388] 哥林多前书 ch9,10,11 (94v) → 22 passages (21.4s)
[2026-03-10T00:40:16.595Z] [149/388] 哥林多前书 ch12,13,14 (84v) → 19 passages (18.9s)
[2026-03-10T00:40:47.593Z] [150/388] 哥林多前书 ch15,16 (82v) → 18 passages (19.5s)
[2026-03-10T00:42:27.997Z] [151/388] 哥林多后书 ch1,2,3,4,5 (98v) → 24 passages (85.0s)
[2026-03-10T00:44:49.064Z] [152/388] 哥林多后书 ch6,7,8,9,10 (91v) → 23 passages (126.3s)
[2026-03-10T00:45:16.558Z] [153/388] 哥林多后书 ch11,12,13 (68v) → 13 passages (18.3s)
[2026-03-10T00:48:06.134Z] [154/388] 士师记 ch1,2,3 (90v) → 15 passages (160.0s)
[2026-03-10T00:50:17.521Z] [155/388] 士师记 ch4,5,6 (95v) → 21 passages (117.1s)
[2026-03-10T00:50:38.065Z] [156/388] 士师记 ch7,8 (60v) → 10 passages (14.1s)
[2026-03-10T00:52:20.051Z] [157/388] 士师记 ch9,10 (75v) → 12 passages (94.3s)
[2026-03-10T00:55:37.565Z] [158/388] 士师记 ch11,12,13,14 (100v) → 18 passages (184.9s)
[2026-03-10T00:56:12.083Z] [159/388] 士师记 ch15,16,17,18 (95v) → 19 passages (22.4s)
[2026-03-10T00:56:34.919Z] [160/388] 士师记 ch19,20 (78v) → 12 passages (15.1s)
[2026-03-10T00:56:47.984Z] [161/388] 士师记 ch21 (25v) → 6 passages (9.2s)
[2026-03-10T00:59:24.706Z] [162/388] 尼希米记 ch1,2,3,4 (86v) → 18 passages (145.3s)
[2026-03-10T00:59:57.670Z] [163/388] 尼希米记 ch5,6 (38v) → 19 passages (20.9s)
[2026-03-10T01:01:18.916Z] [164/388] 尼希米记 ch7 (73v) → 6 passages (76.5s)
[2026-03-10T01:01:58.324Z] [165/388] 尼希米记 ch8,9,10 (95v) → 24 passages (24.0s)
[2026-03-10T01:02:17.993Z] [166/388] 尼希米记 ch11,12 (83v) → 10 passages (13.2s)
[2026-03-10T01:02:36.990Z] [167/388] 尼希米记 ch13 (31v) → 10 passages (12.4s)
[2026-03-10T01:03:14.745Z] [168/388] 希伯来书 ch1,2,3,4,5 (81v) → 20 passages (24.9s)
[2026-03-10T01:05:24.546Z] [169/388] 希伯来书 ch6,7,8,9 (89v) → 21 passages (116.4s)
[2026-03-10T01:06:04.408Z] [170/388] 希伯来书 ch10,11 (79v) → 24 passages (24.6s)
[2026-03-10T01:06:29.294Z] [171/388] 希伯来书 ch12,13 (54v) → 14 passages (15.1s)
[2026-03-10T01:07:13.891Z] [172/388] 帖撒罗尼迦前书 ch1,2,3,4,5 (89v) → 27 passages (27.3s)
[2026-03-10T01:07:43.244Z] [173/388] 帖撒罗尼迦后书 ch1,2,3 (47v) → 17 passages (18.5s)
[2026-03-10T01:10:56.947Z] [174/388] 弥迦书 ch1,2,3,4,5,6 ✗ Empty CLI response
[2026-03-10T01:11:16.281Z] [175/388] 弥迦书 ch7 (20v) → 10 passages (12.9s)
[2026-03-10T01:11:55.332Z] [176/388] 彼得前书 ch1,2,3,4 (91v) → 23 passages (23.6s)
[2026-03-10T01:12:11.187Z] [177/388] 彼得前书 ch5 (14v) → 8 passages (10.7s)
[2026-03-10T01:12:43.696Z] [178/388] 彼得后书 ch1,2,3 (61v) → 19 passages (20.3s)
[2026-03-10T01:13:11.286Z] [179/388] 提多书 ch1,2,3 (46v) → 15 passages (17.7s)
[2026-03-10T01:13:40.492Z] [180/388] 提摩太前书 ch1,2,3,4,5 ✗ Empty CLI response
[2026-03-10T01:13:57.689Z] [181/388] 提摩太前书 ch6 (21v) → 9 passages (11.4s)
[2026-03-10T01:14:35.303Z] [182/388] 提摩太后书 ch1,2,3,4 (83v) → 23 passages (23.0s)
[2026-03-10T01:15:09.370Z] [183/388] 撒母耳记上 ch1,2,3 (85v) → 20 passages (21.3s)
[2026-03-10T01:18:00.190Z] [184/388] 撒母耳记上 ch4,5,6,7,8 (94v) → 18 passages (158.3s)
[2026-03-10T01:20:24.100Z] [185/388] 撒母耳记上 ch9,10,11,12 (94v) → 23 passages (129.2s)
[2026-03-10T01:20:49.619Z] [186/388] 撒母耳记上 ch13,14 (75v) → 15 passages (16.0s)
[2026-03-10T01:21:18.304Z] [187/388] 撒母耳记上 ch15,16 (58v) → 16 passages (18.5s)
[2026-03-10T01:22:53.695Z] [188/388] 撒母耳记上 ch17,18 (88v) → 15 passages (84.8s)
[2026-03-10T01:24:36.992Z] [189/388] 撒母耳记上 ch19,20,21 (81v) → 11 passages (96.1s)
[2026-03-10T01:25:12.077Z] [190/388] 撒母耳记上 ch22,23,24 (74v) → 20 passages (22.3s)
[2026-03-10T01:27:29.030Z] [191/388] 撒母耳记上 ch25,26,27 (81v) → 16 passages (126.7s)
[2026-03-10T01:29:44.592Z] [192/388] 撒母耳记上 ch28,29,30,31 (80v) → 16 passages (124.5s)
[2026-03-10T01:34:32.766Z] [193/388] 撒母耳记下 ch1,2,3 (98v) → 14 passages (279.2s)
[2026-03-10T01:35:04.654Z] [194/388] 撒母耳记下 ch4,5,6,7 (89v) → 17 passages (21.0s)
[2026-03-10T01:35:30.863Z] [195/388] 撒母耳记下 ch8,9,10,11 (77v) → 14 passages (17.3s)
[2026-03-10T01:35:56.189Z] [196/388] 撒母耳记下 ch12,13 (70v) → 15 passages (15.5s)
[2026-03-10T01:36:32.470Z] [197/388] 撒母耳记下 ch14,15,16 (93v) → 21 passages (22.9s)
[2026-03-10T01:36:54.201Z] [198/388] 撒母耳记下 ch17,18 (62v) → 12 passages (14.0s)
[2026-03-10T01:39:13.923Z] [199/388] 撒母耳记下 ch19,20,21 (91v) → 14 passages (130.8s)
[2026-03-10T01:39:47.031Z] [200/388] 撒母耳记下 ch22,23 (90v) → 20 passages (19.4s)
[2026-03-10T01:40:04.109Z] [201/388] 撒母耳记下 ch24 (25v) → 9 passages (11.3s)
[2026-03-10T01:40:45.950Z] [202/388] 撒迦利亚书 ch1,2,3,4,5,6,7 (98v) → 23 passages (27.3s)
[2026-03-10T01:43:34.212Z] [203/388] 撒迦利亚书 ch8,9,10,11,12,13 (92v) → 25 passages (152.3s)
[2026-03-10T01:43:48.589Z] [204/388] 撒迦利亚书 ch14 (21v) → 7 passages (10.0s)
[2026-03-10T01:44:17.593Z] [205/388] 歌罗西书 ch1,2,3,4 ✗ Empty CLI response
[2026-03-10T01:44:31.555Z] [206/388] 民数记 ch1,2 (88v) → 6 passages (10.2s)
[2026-03-10T01:44:54.212Z] [207/388] 民数记 ch3,4 (100v) → 12 passages (14.1s)
[2026-03-10T01:45:12.003Z] [208/388] 民数记 ch5,6 (58v) → 8 passages (12.6s)
[2026-03-10T01:45:23.631Z] [209/388] 民数记 ch7 (89v) → 5 passages (8.3s)
[2026-03-10T01:47:11.510Z] [210/388] 民数记 ch8,9,10 (85v) → 13 passages (99.4s)
[2026-03-10T01:49:41.110Z] [211/388] 民数记 ch11,12,13 (84v) → 19 passages (137.5s)
[2026-03-10T01:50:16.011Z] [212/388] 民数记 ch14,15 (86v) → 22 passages (20.1s)
[2026-03-10T01:52:46.944Z] [213/388] 民数记 ch16,17,18 (95v) → 16 passages (140.6s)
[2026-03-10T01:53:11.775Z] [214/388] 民数记 ch19,20,21 (86v) → 12 passages (16.9s)
[2026-03-10T01:55:14.854Z] [215/388] 民数记 ch22,23,24 (96v) → 12 passages (114.5s)
[2026-03-10T01:55:28.233Z] [216/388] 民数记 ch25 (18v) → 5 passages (10.1s)
[2026-03-10T01:55:39.101Z] [217/388] 民数记 ch26 (65v) → 4 passages (8.3s)
[2026-03-10T01:56:04.036Z] [218/388] 民数记 ch27,28,29 (94v) → 14 passages (16.0s)
[2026-03-10T01:56:19.746Z] [219/388] 民数记 ch30,31 (70v) → 7 passages (11.2s)
[2026-03-10T01:56:48.159Z] [220/388] 民数记 ch32,33 (98v) → 16 passages (18.2s)
[2026-03-10T01:57:12.352Z] [221/388] 民数记 ch34,35,36 (76v) → 13 passages (15.9s)
[2026-03-10T01:57:31.173Z] [222/388] 犹大书 ch1 (25v) → 10 passages (12.4s)
[2026-03-10T01:59:38.863Z] [223/388] 玛拉基书 ch1,2,3,4 (55v) → 21 passages (114.3s)
[2026-03-10T02:02:45.721Z] [224/388] 申命记 ch1,2 (83v) → 17 passages (175.1s)
[2026-03-10T02:03:18.259Z] [225/388] 申命记 ch3,4 (78v) → 18 passages (21.1s)
[2026-03-10T02:03:52.640Z] [226/388] 申命记 ch5,6,7 (84v) → 20 passages (21.7s)
[2026-03-10T02:04:22.617Z] [227/388] 申命记 ch8,9,10 ✗ Empty CLI response
[2026-03-10T02:07:46.219Z] [228/388] 申命记 ch11,12,13 (82v) → 19 passages (190.5s)
[2026-03-10T02:08:22.221Z] [229/388] 申命记 ch14,15,16,17 (94v) → 21 passages (22.6s)
[2026-03-10T02:10:02.979Z] [230/388] 申命记 ch18,19,20,21 (86v) → 17 passages (89.9s)
[2026-03-10T02:10:41.411Z] [231/388] 申命记 ch22,23,24,25 (96v) → 23 passages (23.8s)
[2026-03-10T02:11:51.343Z] [232/388] 申命记 ch26,27 (45v) → 7 passages (65.4s)
[2026-03-10T02:12:26.687Z] [233/388] 申命记 ch28 (68v) → 22 passages (21.4s)
[2026-03-10T02:15:28.000Z] [234/388] 申命记 ch29,30,31 (79v) → 18 passages (168.8s)
[2026-03-10T02:16:05.292Z] [235/388] 申命记 ch32,33,34 (93v) → 23 passages (22.5s)
[2026-03-10T02:16:46.802Z] [236/388] 箴言 ch1,2,3 (90v) → 25 passages (25.5s)
[2026-03-10T02:17:22.813Z] [237/388] 箴言 ch4,5,6 (85v) → 19 passages (23.9s)
[2026-03-10T02:17:48.050Z] [238/388] 箴言 ch7,8,9 (81v) → 13 passages (16.9s)
[2026-03-10T02:18:20.141Z] [239/388] 箴言 ch10,11,12 ✗ Empty CLI response
[2026-03-10T02:18:58.063Z] [240/388] 箴言 ch13,14,15 ✗ Empty CLI response
[2026-03-10T02:19:46.273Z] [241/388] 箴言 ch16,17,18 (85v) → 33 passages (27.1s)
[2026-03-10T02:20:33.799Z] [242/388] 箴言 ch19,20,21 ✗ Empty CLI response
[2026-03-10T02:24:06.242Z] [243/388] 箴言 ch22,23,24 ✗ Empty CLI response
[2026-03-10T02:24:47.012Z] [244/388] 箴言 ch25,26,27 ✗ Empty CLI response
[2026-03-10T02:25:22.777Z] [245/388] 箴言 ch28,29,30 ✗ Empty CLI response
[2026-03-10T02:25:42.459Z] [246/388] 箴言 ch31 (31v) → 10 passages (12.4s)
[2026-03-10T02:28:15.317Z] [247/388] 约书亚记 ch1,2,3,4,5 (98v) → 19 passages (140.8s)
[2026-03-10T02:28:50.304Z] [248/388] 约书亚记 ch6,7,8 (88v) → 21 passages (21.6s)
[2026-03-10T02:31:06.738Z] [249/388] 约书亚记 ch9,10,11 (93v) → 11 passages (128.5s)
[2026-03-10T02:32:47.097Z] [250/388] 约书亚记 ch12,13,14 (72v) → 9 passages (94.6s)
[2026-03-10T02:32:55.614Z] [251/388] 约书亚记 ch15 (63v) → 2 passages (7.3s)
[2026-03-10T02:34:30.672Z] [252/388] 约书亚记 ch16,17,18 (56v) → 8 passages (89.7s)
[2026-03-10T02:34:40.895Z] [253/388] 约书亚记 ch19,20 (60v) → 3 passages (8.3s)
[2026-03-10T02:36:24.373Z] [254/388] 约书亚记 ch21,22,23 (95v) → 13 passages (94.3s)
[2026-03-10T02:36:50.032Z] [255/388] 约书亚记 ch24 (33v) → 15 passages (16.1s)
[2026-03-10T02:37:16.821Z] [256/388] 约伯记 ch1,2,3,4 (82v) → 14 passages (17.5s)
[2026-03-10T02:37:47.238Z] [257/388] 约伯记 ch5,6,7,8 (100v) → 16 passages (20.2s)
[2026-03-10T02:38:19.021Z] [258/388] 约伯记 ch9,10,11 (77v) → 20 passages (19.1s)
[2026-03-10T02:38:45.964Z] [259/388] 约伯记 ch12,13,14 (75v) → 15 passages (17.4s)
[2026-03-10T02:39:15.156Z] [260/388] 约伯记 ch15,16,17,18 (94v) → 16 passages (19.0s)
[2026-03-10T02:39:42.754Z] [261/388] 约伯记 ch19,20,21 (92v) → 15 passages (18.0s)
[2026-03-10T02:40:21.478Z] [262/388] 约伯记 ch22,23,24,25,26 (92v) → 23 passages (24.1s)
[2026-03-10T02:40:43.952Z] [263/388] 约伯记 ch27,28,29 (76v) → 12 passages (14.8s)
[2026-03-10T02:43:07.132Z] [264/388] 约伯记 ch30,31,32 (93v) → 16 passages (131.9s)
[2026-03-10T02:43:42.454Z] [265/388] 约伯记 ch33,34,35 (86v) → 22 passages (21.3s)
[2026-03-10T02:46:04.889Z] [266/388] 约伯记 ch36,37,38 (98v) → 20 passages (129.7s)
[2026-03-10T02:46:26.644Z] [267/388] 约伯记 ch39,40,41 (88v) → 13 passages (13.4s)
[2026-03-10T02:46:39.329Z] [268/388] 约伯记 ch42 (17v) → 6 passages (8.7s)
[2026-03-10T02:47:05.314Z] [269/388] 约拿书 ch1,2,3,4 (48v) → 14 passages (17.0s)
[2026-03-10T02:47:48.191Z] [270/388] 约珥书 ch1,2,3 (73v) → 27 passages (25.6s)
[2026-03-10T02:48:34.059Z] [271/388] 约翰一书 ch1,2,3,4 (84v) → 28 passages (27.2s)
[2026-03-10T02:48:55.211Z] [272/388] 约翰一书 ch5 (21v) → 10 passages (14.7s)
[2026-03-10T02:49:09.172Z] [273/388] 约翰三书 ch1 (14v) → 7 passages (9.4s)
[2026-03-10T02:49:23.904Z] [274/388] 约翰二书 ch1 (13v) → 7 passages (10.2s)
[2026-03-10T02:51:06.900Z] [275/388] 约翰福音 ch1,2 (76v) → 12 passages (95.3s)
[2026-03-10T02:51:51.246Z] [276/388] 约翰福音 ch3,4 (90v) → 28 passages (26.5s)
[2026-03-10T02:52:17.700Z] [277/388] 约翰福音 ch5 (47v) → 15 passages (16.9s)
[2026-03-10T02:52:52.031Z] [278/388] 约翰福音 ch6 (71v) → 21 passages (20.9s)
[2026-03-10T02:53:29.711Z] [279/388] 约翰福音 ch7 (52v) → 18 passages (25.4s)
[2026-03-10T02:54:05.704Z] [280/388] 约翰福音 ch8,9 (100v) → 22 passages (22.0s)
[2026-03-10T02:54:40.765Z] [281/388] 约翰福音 ch10,11 (99v) → 21 passages (21.7s)
[2026-03-10T02:55:08.984Z] [282/388] 约翰福音 ch12,13 (88v) → 16 passages (18.0s)
[2026-03-10T02:55:51.305Z] [283/388] 约翰福音 ch14,15,16 (91v) → 25 passages (26.3s)
[2026-03-10T02:56:33.843Z] [284/388] 约翰福音 ch17,18 (66v) → 26 passages (25.8s)
[2026-03-10T02:57:09.723Z] [285/388] 约翰福音 ch19,20,21 (98v) → 22 passages (21.9s)
[2026-03-10T02:57:41.673Z] [286/388] 罗马书 ch1,2,3 (92v) → 19 passages (19.8s)
[2026-03-10T02:58:17.538Z] [287/388] 罗马书 ch4,5,6,7 (94v) → 19 passages (23.7s)
[2026-03-10T02:58:53.230Z] [288/388] 罗马书 ch8,9,10 (93v) → 20 passages (22.9s)
[2026-03-10T02:59:28.756Z] [289/388] 罗马书 ch11,12,13,14 (94v) → 22 passages (21.5s)
[2026-03-10T02:59:58.732Z] [290/388] 罗马书 ch15,16 (57v) → 19 passages (17.9s)
[2026-03-10T03:00:35.900Z] [291/388] 耶利米书 ch1,2,3 (81v) → 22 passages (23.2s)
[2026-03-10T03:01:20.695Z] [292/388] 耶利米书 ch4,5,6 (92v) → 27 passages (27.5s)
[2026-03-10T03:01:55.105Z] [293/388] 耶利米书 ch7,8,9 (82v) → 20 passages (21.7s)
[2026-03-10T03:02:39.169Z] [294/388] 耶利米书 ch10,11,12,13 (92v) → 27 passages (26.7s)
[2026-03-10T03:03:28.227Z] [295/388] 耶利米书 ch14,15,16,17 (91v) → 30 passages (29.0s)
[2026-03-10T03:05:58.037Z] [296/388] 耶利米书 ch18,19,20,21,22 (100v) → 23 passages (135.1s)
[2026-03-10T03:07:36.380Z] [297/388] 耶利米书 ch23,24,25 (88v) → 15 passages (88.7s)
[2026-03-10T03:09:38.968Z] [298/388] 耶利米书 ch26,27,28,29 (95v) → 14 passages (112.8s)
[2026-03-10T03:10:16.662Z] [299/388] 耶利米书 ch30,31 (64v) → 24 passages (22.4s)
[2026-03-10T03:12:10.290Z] [300/388] 耶利米书 ch32,33,34 (92v) → 17 passages (102.8s)
[2026-03-10T03:12:39.099Z] [301/388] 耶利米书 ch35,36,37,38 (100v) → 15 passages (19.2s)
[2026-03-10T03:14:57.604Z] [302/388] 耶利米书 ch39,40,41,42,43 (87v) → 14 passages (128.6s)
[2026-03-10T03:16:55.152Z] [303/388] 耶利米书 ch44,45,46,47 (70v) → 13 passages (109.2s)
[2026-03-10T03:21:50.751Z] [304/388] 耶利米书 ch48,49 (86v) → 22 passages (280.6s)
[2026-03-10T03:22:12.795Z] [305/388] 耶利米书 ch50 (46v) → 12 passages (14.2s)
[2026-03-10T03:22:46.276Z] [306/388] 耶利米书 ch51 (64v) → 21 passages (20.0s)
[2026-03-10T03:23:56.273Z] [307/388] 耶利米书 ch52 (34v) → 6 passages (66.1s)
[2026-03-10T03:24:30.982Z] [308/388] 耶利米哀歌 ch1,2 (44v) → 21 passages (21.4s)
[2026-03-10T03:25:04.332Z] [309/388] 耶利米哀歌 ch3 (66v) → 21 passages (20.0s)
[2026-03-10T03:25:33.279Z] [310/388] 耶利米哀歌 ch4,5 (44v) → 17 passages (18.1s)
[2026-03-10T03:25:47.446Z] [311/388] 腓利门书 ch1 (25v) → 7 passages (9.6s)
[2026-03-10T03:26:26.609Z] [312/388] 腓立比书 ch1,2,3 (81v) → 25 passages (23.2s)
[2026-03-10T03:26:50.880Z] [313/388] 腓立比书 ch4 (23v) → 13 passages (14.9s)
[2026-03-10T03:27:24.716Z] [314/388] 西番雅书 ch1,2,3 (53v) → 21 passages (20.2s)
[2026-03-10T03:30:14.251Z] [315/388] 诗篇 ch1,2,3,4,5,6,7,8 (82v) → 28 passages (151.5s)
[2026-03-10T03:30:48.648Z] [316/388] 诗篇 ch9,10,11,12,13,14,15,16,17 ✗ Empty CLI response
[2026-03-10T03:31:21.255Z] [317/388] 诗篇 ch18,19,20,21 (86v) → 20 passages (19.8s)
[2026-03-10T03:31:53.617Z] [318/388] 诗篇 ch22,23,24,25,26,27 ✗ Empty CLI response
[2026-03-10T03:32:32.733Z] [319/388] 诗篇 ch28,29,30,31,32,33 ✗ Empty CLI response
[2026-03-10T03:33:03.749Z] [320/388] 诗篇 ch34,35,36 (62v) → 18 passages (19.5s)
[2026-03-10T03:33:34.762Z] [321/388] 诗篇 ch37,38,39,40 ✗ Empty CLI response
[2026-03-10T03:34:07.487Z] [322/388] 诗篇 ch41,42,43,44,45,46,47 ✗ Empty CLI response
[2026-03-10T03:34:56.522Z] [323/388] 诗篇 ch48,49,50,51,52,53,54 (98v) → 30 passages (29.9s)
[2026-03-10T03:37:27.263Z] [324/388] 诗篇 ch55,56,57,58,59,60,61 (95v) → 25 passages (133.8s)
[2026-03-10T03:38:12.167Z] [325/388] 诗篇 ch62,63,64,65,66,67 (73v) → 27 passages (27.5s)
[2026-03-10T03:40:16.543Z] [326/388] 诗篇 ch68,69,70,71 (100v) → 27 passages (107.0s)
[2026-03-10T03:42:19.053Z] [327/388] 诗篇 ch72,73,74,75,76 (93v) → 25 passages (105.5s)
[2026-03-10T03:42:32.732Z] [328/388] 诗篇 ch77 (20v) → 6 passages (9.8s)
[2026-03-10T03:42:57.471Z] [329/388] 诗篇 ch78 (72v) → 13 passages (16.4s)
[2026-03-10T03:43:28.979Z] [330/388] 诗篇 ch79,80,81,82,83,84,85 ✗ Empty CLI response
[2026-03-10T03:44:11.507Z] [331/388] 诗篇 ch86,87,88,89 (94v) → 25 passages (26.5s)
[2026-03-10T03:46:09.926Z] [332/388] 诗篇 ch90,91,92,93,94,95,96 (100v) → 26 passages (101.8s)
[2026-03-10T03:46:40.918Z] [333/388] 诗篇 ch97,98,99,100,101,102,103 ✗ Empty CLI response
[2026-03-10T03:47:12.074Z] [334/388] 诗篇 ch104,105 (80v) → 20 passages (18.4s)
[2026-03-10T03:47:40.594Z] [335/388] 诗篇 ch106,107 (91v) → 16 passages (17.4s)
[2026-03-10T03:48:25.643Z] [336/388] 诗篇 ch108,109,110,111,112,113,114 (88v) → 26 passages (28.4s)
[2026-03-10T03:49:05.575Z] [337/388] 诗篇 ch115,116,117,118 (68v) → 25 passages (23.9s)
[2026-03-10T03:51:23.959Z] [338/388] 诗篇 ch119 (176v) → 22 passages (124.3s)
[2026-03-10T03:52:05.173Z] [339/388] 诗篇 ch120,121,122,123,124,125,126,127,128,129,130,131,132,133 ✗ Empty CLI response
[2026-03-10T03:52:53.952Z] [340/388] 诗篇 ch134,135,136,137,138,139 (91v) → 29 passages (29.4s)
[2026-03-10T03:53:24.910Z] [341/388] 诗篇 ch140,141,142,143,144,145,146 ✗ Empty CLI response
[2026-03-10T03:53:56.453Z] [342/388] 诗篇 ch147,148,149,150 (49v) → 19 passages (19.5s)
[2026-03-10T03:54:27.946Z] [343/388] 路加福音 ch1 (80v) → 20 passages (18.8s)
[2026-03-10T03:54:55.050Z] [344/388] 路加福音 ch2,3 (90v) → 16 passages (16.9s)
[2026-03-10T03:55:33.003Z] [345/388] 路加福音 ch4,5 (83v) → 22 passages (24.0s)
[2026-03-10T03:56:02.550Z] [346/388] 路加福音 ch6,7 (99v) → 18 passages (18.1s)
[2026-03-10T03:56:24.550Z] [347/388] 路加福音 ch8 (56v) → 12 passages (14.3s)
[2026-03-10T03:56:49.410Z] [348/388] 路加福音 ch9 (62v) → 14 passages (15.9s)
[2026-03-10T03:57:21.269Z] [349/388] 路加福音 ch10,11 (96v) → 19 passages (19.8s)
[2026-03-10T03:57:55.952Z] [350/388] 路加福音 ch12,13 (94v) → 20 passages (21.1s)
[2026-03-10T03:58:27.664Z] [351/388] 路加福音 ch14,15,16 (98v) → 19 passages (19.6s)
[2026-03-10T03:58:57.202Z] [352/388] 路加福音 ch17,18 (79v) → 17 passages (18.6s)
[2026-03-10T03:59:30.488Z] [353/388] 路加福音 ch19,20 (95v) → 20 passages (20.5s)
[2026-03-10T03:59:48.622Z] [354/388] 路加福音 ch21 (38v) → 8 passages (12.9s)
[2026-03-10T04:00:18.809Z] [355/388] 路加福音 ch22 (71v) → 18 passages (18.7s)
[2026-03-10T04:00:39.726Z] [356/388] 路加福音 ch23 (56v) → 11 passages (13.8s)
[2026-03-10T04:01:08.766Z] [357/388] 路加福音 ch24 (53v) → 19 passages (16.9s)
[2026-03-10T04:01:53.027Z] [358/388] 路得记 ch1,2,3,4 (85v) → 28 passages (26.4s)
[2026-03-10T04:02:25.835Z] [359/388] 那鸿书 ch1,2,3 (47v) → 21 passages (19.3s)
[2026-03-10T04:02:56.387Z] [360/388] 阿摩司书 ch1,2,3,4,5,6 ✗ Empty CLI response
[2026-03-10T04:03:23.989Z] [361/388] 阿摩司书 ch7,8,9 (46v) → 16 passages (17.4s)
[2026-03-10T04:04:11.881Z] [362/388] 雅各书 ch1,2,3,4 (88v) → 27 passages (30.6s)
[2026-03-10T04:04:34.881Z] [363/388] 雅各书 ch5 (20v) → 13 passages (14.7s)
[2026-03-10T04:07:33.785Z] [364/388] 雅歌 ch1,2,3,4,5,6 (90v) → 30 passages (159.7s)
[2026-03-10T04:07:52.660Z] [365/388] 雅歌 ch7,8 (27v) → 10 passages (12.4s)
[2026-03-10T04:08:20.720Z] [366/388] 马可福音 ch1,2 (73v) → 16 passages (17.0s)
[2026-03-10T04:08:53.010Z] [367/388] 马可福音 ch3,4 (76v) → 19 passages (20.2s)
[2026-03-10T04:09:23.542Z] [368/388] 马可福音 ch5,6 ✗ Empty CLI response
[2026-03-10T04:09:56.843Z] [369/388] 马可福音 ch7,8 (75v) → 17 passages (22.3s)
[2026-03-10T04:10:19.480Z] [370/388] 马可福音 ch9 (50v) → 13 passages (14.3s)
[2026-03-10T04:10:43.609Z] [371/388] 马可福音 ch10,11 (85v) → 13 passages (15.8s)
[2026-03-10T04:11:26.782Z] [372/388] 马可福音 ch12,13 (81v) → 26 passages (26.5s)
[2026-03-10T04:11:54.254Z] [373/388] 马可福音 ch14 (72v) → 16 passages (17.2s)
[2026-03-10T04:12:25.397Z] [374/388] 马可福音 ch15,16 (67v) → 19 passages (19.0s)
[2026-03-10T04:12:59.330Z] [375/388] 马太福音 ch1,2,3,4 (90v) → 20 passages (21.2s)
[2026-03-10T04:13:31.244Z] [376/388] 马太福音 ch5,6 (82v) → 18 passages (19.4s)
[2026-03-10T04:13:58.806Z] [377/388] 马太福音 ch7,8 (63v) → 16 passages (17.2s)
[2026-03-10T04:14:33.861Z] [378/388] 马太福音 ch9,10 (80v) → 21 passages (21.6s)
[2026-03-10T04:15:02.998Z] [379/388] 马太福音 ch11,12 (80v) → 17 passages (18.1s)
[2026-03-10T04:15:32.658Z] [380/388] 马太福音 ch13,14 (94v) → 16 passages (19.4s)
[2026-03-10T04:16:00.987Z] [381/388] 马太福音 ch15,16,17 (94v) → 16 passages (18.1s)
[2026-03-10T04:16:33.091Z] [382/388] 马太福音 ch18,19,20 (99v) → 17 passages (21.2s)
[2026-03-10T04:16:58.188Z] [383/388] 马太福音 ch21,22 (92v) → 14 passages (16.0s)
[2026-03-10T04:17:30.625Z] [384/388] 马太福音 ch23,24 (90v) → 20 passages (19.6s)
[2026-03-10T04:17:58.520Z] [385/388] 马太福音 ch25 (46v) → 17 passages (17.0s)
[2026-03-10T04:18:32.793Z] [386/388] 马太福音 ch26 (75v) → 17 passages (22.6s)
[2026-03-10T04:18:59.963Z] [387/388] 马太福音 ch27 (66v) → 16 passages (16.9s)
[2026-03-10T04:19:15.773Z] [388/388] 马太福音 ch28 (20v) → 8 passages (10.6s)
[2026-03-10T04:19:15.773Z] === tag-passages done (384.1 min) ===
[2026-03-10T04:19:15.773Z]   Batches: 362 ok, 26 errors
[2026-03-10T04:19:15.773Z]   Total passages: 6071
[2026-03-10T04:19:16.455Z]   DB total: 6184
[2026-03-10T04:19:48.570Z] === tag-passages started (batch mode) ===
[2026-03-10T04:19:48.570Z]   Dry run: false
[2026-03-10T04:19:48.570Z]   Resume: true
[2026-03-10T04:19:48.571Z]   Batch target: ~100 verses/call
[2026-03-10T04:19:48.571Z]   Log file: /Users/benson/dev/fun/easybible/seedlight-backend/logs/tag-passages.log
[2026-03-10T04:19:48.570Z] === tag-passages started (batch mode) ===
[2026-03-10T04:19:48.570Z]   Dry run: false
[2026-03-10T04:19:48.570Z]   Resume: true
[2026-03-10T04:19:48.571Z]   Batch target: ~100 verses/call
[2026-03-10T04:19:48.571Z]   Log file: /Users/benson/dev/fun/easybible/seedlight-backend/logs/tag-passages.log
[2026-03-10T04:19:51.369Z]   Resume: 1046 chapters done, 143/1189 remaining
[2026-03-10T04:19:51.369Z]   Resume: 1046 chapters done, 143/1189 remaining
[2026-03-10T04:19:51.370Z]   Total: 143 chapters → 27 batches
[2026-03-10T04:19:51.370Z]   Total: 143 chapters → 27 batches
[2026-03-10T04:21:47.478Z] [1/27] 以赛亚书 ch48,49,50,51,52 (97v) → 26 passages (99.4s)
[2026-03-10T04:21:47.478Z] [1/27] 以赛亚书 ch48,49,50,51,52 (97v) → 26 passages (99.4s)
[2026-03-10T04:22:32.377Z] [2/27] 以赛亚书 ch53,54,55,56,57,58 ✗ Empty CLI response
[2026-03-10T04:22:32.377Z] [2/27] 以赛亚书 ch53,54,55,56,57,58 ✗ Empty CLI response
[2026-03-10T04:23:12.181Z] [3/27] 以赛亚书 ch59,60,61,62,63,64 ✗ Empty CLI response
[2026-03-10T04:23:12.181Z] [3/27] 以赛亚书 ch59,60,61,62,63,64 ✗ Empty CLI response
[2026-03-10T04:23:57.993Z] [4/27] 何西阿书 ch1,2,3,4,5,6,7 (100v) → 27 passages (28.5s)
[2026-03-10T04:23:57.993Z] [4/27] 何西阿书 ch1,2,3,4,5,6,7 (100v) → 27 passages (28.5s)
[2026-03-10T04:24:45.591Z] [5/27] 何西阿书 ch8,9,10,11,12,13,14 (97v) → 30 passages (28.3s)
[2026-03-10T04:24:45.591Z] [5/27] 何西阿书 ch8,9,10,11,12,13,14 (97v) → 30 passages (28.3s)
[2026-03-10T04:25:49.595Z] [6/27] 创世记 ch36 (43v) → 2 passages (61.7s)
[2026-03-10T04:25:49.595Z] [6/27] 创世记 ch36 (43v) → 2 passages (61.7s)
[2026-03-10T04:26:29.988Z] [7/27] 弥迦书 ch1,2,3,4,5,6 (85v) → 24 passages (25.1s)
[2026-03-10T04:26:29.988Z] [7/27] 弥迦书 ch1,2,3,4,5,6 (85v) → 24 passages (25.1s)
[2026-03-10T04:26:58.745Z] [8/27] 提摩太前书 ch1,2,3,4,5 ✗ Empty CLI response
[2026-03-10T04:26:58.745Z] [8/27] 提摩太前书 ch1,2,3,4,5 ✗ Empty CLI response
[2026-03-10T04:27:40.378Z] [9/27] 歌罗西书 ch1,2,3,4 (95v) → 25 passages (25.6s)
[2026-03-10T04:27:40.378Z] [9/27] 歌罗西书 ch1,2,3,4 (95v) → 25 passages (25.6s)
[2026-03-10T04:28:08.295Z] [10/27] 申命记 ch8,9,10 ✗ Empty CLI response
[2026-03-10T04:28:08.295Z] [10/27] 申命记 ch8,9,10 ✗ Empty CLI response
[2026-03-10T04:28:42.468Z] [11/27] 箴言 ch10,11,12 ✗ Empty CLI response
[2026-03-10T04:28:42.468Z] [11/27] 箴言 ch10,11,12 ✗ Empty CLI response
[2026-03-10T04:29:25.118Z] [12/27] 箴言 ch13,14,15 ✗ Empty CLI response
[2026-03-10T04:29:25.118Z] [12/27] 箴言 ch13,14,15 ✗ Empty CLI response
[2026-03-10T04:30:04.687Z] [13/27] 箴言 ch19,20,21 ✗ Empty CLI response
[2026-03-10T04:30:04.687Z] [13/27] 箴言 ch19,20,21 ✗ Empty CLI response
[2026-03-10T04:30:33.224Z] [14/27] 箴言 ch22,23,24 ✗ Empty CLI response
[2026-03-10T04:30:33.224Z] [14/27] 箴言 ch22,23,24 ✗ Empty CLI response
[2026-03-10T04:31:04.944Z] [15/27] 箴言 ch25,26,27 ✗ Empty CLI response
[2026-03-10T04:31:04.944Z] [15/27] 箴言 ch25,26,27 ✗ Empty CLI response
[2026-03-10T04:31:38.437Z] [16/27] 箴言 ch28,29,30 ✗ Empty CLI response
[2026-03-10T04:31:38.437Z] [16/27] 箴言 ch28,29,30 ✗ Empty CLI response
[2026-03-10T04:32:13.141Z] [17/27] 诗篇 ch9,10,11,12,13,14,15,16,17 ✗ Empty CLI response
[2026-03-10T04:32:13.141Z] [17/27] 诗篇 ch9,10,11,12,13,14,15,16,17 ✗ Empty CLI response
[2026-03-10T04:32:46.343Z] [18/27] 诗篇 ch22,23,24,25,26,27 ✗ Empty CLI response
[2026-03-10T04:32:46.343Z] [18/27] 诗篇 ch22,23,24,25,26,27 ✗ Empty CLI response
[2026-03-10T04:33:20.673Z] [19/27] 诗篇 ch28,29,30,31,32,33 ✗ Empty CLI response
[2026-03-10T04:33:20.673Z] [19/27] 诗篇 ch28,29,30,31,32,33 ✗ Empty CLI response
[2026-03-10T04:33:50.758Z] [20/27] 诗篇 ch37,38,39,40 ✗ Empty CLI response
[2026-03-10T04:33:50.758Z] [20/27] 诗篇 ch37,38,39,40 ✗ Empty CLI response
[2026-03-10T04:34:24.195Z] [21/27] 诗篇 ch41,42,43,44,45,46,47 ✗ Empty CLI response
[2026-03-10T04:34:24.195Z] [21/27] 诗篇 ch41,42,43,44,45,46,47 ✗ Empty CLI response
[2026-03-10T04:34:56.573Z] [22/27] 诗篇 ch79,80,81,82,83,84,85 ✗ Empty CLI response
[2026-03-10T04:34:56.573Z] [22/27] 诗篇 ch79,80,81,82,83,84,85 ✗ Empty CLI response
[2026-03-10T04:35:38.684Z] [23/27] 诗篇 ch97,98,99,100,101,102,103,120 (100v) → 23 passages (27.3s)
[2026-03-10T04:35:38.684Z] [23/27] 诗篇 ch97,98,99,100,101,102,103,120 (100v) → 23 passages (27.3s)
[2026-03-10T04:36:16.558Z] [24/27] 诗篇 ch121,122,123,124,125,126,127,128,129,130,131,132,133 ✗ Empty CLI response
[2026-03-10T04:36:16.558Z] [24/27] 诗篇 ch121,122,123,124,125,126,127,128,129,130,131,132,133 ✗ Empty CLI response
[2026-03-10T04:36:49.027Z] [25/27] 诗篇 ch140,141,142,143,144,145,146 ✗ Empty CLI response
[2026-03-10T04:36:49.027Z] [25/27] 诗篇 ch140,141,142,143,144,145,146 ✗ Empty CLI response
[2026-03-10T04:37:22.054Z] [26/27] 阿摩司书 ch1,2,3,4,5,6 ✗ Empty CLI response
[2026-03-10T04:37:22.054Z] [26/27] 阿摩司书 ch1,2,3,4,5,6 ✗ Empty CLI response
[2026-03-10T04:37:59.734Z] [27/27] 马可福音 ch5,6 (99v) → 24 passages (22.3s)
[2026-03-10T04:37:59.734Z] [27/27] 马可福音 ch5,6 (99v) → 24 passages (22.3s)
[2026-03-10T04:37:59.734Z] === tag-passages done (18.1 min) ===
[2026-03-10T04:37:59.734Z]   Batches: 8 ok, 19 errors
[2026-03-10T04:37:59.734Z]   Total passages: 181
[2026-03-10T04:37:59.734Z] === tag-passages done (18.1 min) ===
[2026-03-10T04:37:59.734Z]   Batches: 8 ok, 19 errors
[2026-03-10T04:37:59.734Z]   Total passages: 181
[2026-03-10T04:38:00.586Z]   DB total: 6364
[2026-03-10T04:38:00.586Z]   DB total: 6364
/Users/benson/.nvm/versions/node/v20.19.4/bin/node: bad option: --resume
[2026-03-10T04:51:17.765Z] === tag-passages started (batch mode) ===
[2026-03-10T04:51:17.766Z]   Dry run: false
[2026-03-10T04:51:17.766Z]   Resume: true
[2026-03-10T04:51:17.766Z]   Batch target: ~30 verses/call
[2026-03-10T04:51:17.766Z]   Log file: /Users/benson/dev/fun/easybible/seedlight-backend/logs/tag-passages.log
[2026-03-10T04:51:17.765Z] === tag-passages started (batch mode) ===
[2026-03-10T04:51:17.766Z]   Dry run: false
[2026-03-10T04:51:17.766Z]   Resume: true
[2026-03-10T04:51:17.766Z]   Batch target: ~30 verses/call
[2026-03-10T04:51:17.766Z]   Log file: /Users/benson/dev/fun/easybible/seedlight-backend/logs/tag-passages.log
[2026-03-10T04:51:20.887Z]   Resume: 1086 chapters done, 103/1189 remaining
[2026-03-10T04:51:20.887Z]   Resume: 1086 chapters done, 103/1189 remaining
[2026-03-10T04:51:20.888Z]   Total: 103 chapters → 71 batches
[2026-03-10T04:51:20.888Z]   Total: 103 chapters → 71 batches
[2026-03-10T04:51:48.328Z] [1/71] 以赛亚书 ch53,54 (29v) → 14 passages (18.4s)
[2026-03-10T04:51:48.328Z] [1/71] 以赛亚书 ch53,54 (29v) → 14 passages (18.4s)
[2026-03-10T04:52:10.319Z] [2/71] 以赛亚书 ch55,56 (25v) → 11 passages (14.9s)
[2026-03-10T04:52:10.319Z] [2/71] 以赛亚书 ch55,56 (25v) → 11 passages (14.9s)
[2026-03-10T04:52:29.957Z] [3/71] 以赛亚书 ch57 (21v) → 10 passages (13.2s)
[2026-03-10T04:52:29.957Z] [3/71] 以赛亚书 ch57 (21v) → 10 passages (13.2s)
[2026-03-10T04:52:46.764Z] [4/71] 以赛亚书 ch58 (14v) → 7 passages (12.2s)
[2026-03-10T04:52:46.764Z] [4/71] 以赛亚书 ch58 (14v) → 7 passages (12.2s)
[2026-03-10T04:53:04.314Z] [5/71] 以赛亚书 ch59 (21v) → 9 passages (11.7s)
[2026-03-10T04:53:04.314Z] [5/71] 以赛亚书 ch59 (21v) → 9 passages (11.7s)
[2026-03-10T04:53:29.315Z] [6/71] 以赛亚书 ch60 (22v) → 15 passages (15.1s)
[2026-03-10T04:53:29.315Z] [6/71] 以赛亚书 ch60 (22v) → 15 passages (15.1s)
[2026-03-10T04:54:05.985Z] [7/71] 以赛亚书 ch61,62 (23v) → 20 passages (23.9s)
[2026-03-10T04:54:05.985Z] [7/71] 以赛亚书 ch61,62 (23v) → 20 passages (23.9s)
[2026-03-10T04:54:24.973Z] [8/71] 以赛亚书 ch63 (19v) → 10 passages (12.5s)
[2026-03-10T04:54:24.973Z] [8/71] 以赛亚书 ch63 (19v) → 10 passages (12.5s)
[2026-03-10T04:54:46.567Z] [9/71] 以赛亚书 ch64 (12v) → 9 passages (15.8s)
[2026-03-10T04:54:46.567Z] [9/71] 以赛亚书 ch64 (12v) → 9 passages (15.8s)
[2026-03-10T04:55:03.719Z] [10/71] 提摩太前书 ch1 (20v) → 9 passages (11.3s)
[2026-03-10T04:55:03.719Z] [10/71] 提摩太前书 ch1 (20v) → 9 passages (11.3s)
[2026-03-10T04:55:25.961Z] [11/71] 提摩太前书 ch2 (15v) → 12 passages (14.5s)
[2026-03-10T04:55:25.961Z] [11/71] 提摩太前书 ch2 (15v) → 12 passages (14.5s)
[2026-03-10T04:55:47.073Z] [12/71] 提摩太前书 ch3 (16v) → 12 passages (13.4s)
[2026-03-10T04:55:47.073Z] [12/71] 提摩太前书 ch3 (16v) → 12 passages (13.4s)
[2026-03-10T04:56:02.615Z] [13/71] 提摩太前书 ch4 (16v) → 7 passages (11.0s)
[2026-03-10T04:56:02.615Z] [13/71] 提摩太前书 ch4 (16v) → 7 passages (11.0s)
[2026-03-10T04:56:27.516Z] [14/71] 提摩太前书 ch5 (25v) → 14 passages (14.9s)
[2026-03-10T04:56:27.516Z] [14/71] 提摩太前书 ch5 (25v) → 14 passages (14.9s)
[2026-03-10T04:56:50.935Z] [15/71] 申命记 ch8 (20v) → 12 passages (15.7s)
[2026-03-10T04:56:50.935Z] [15/71] 申命记 ch8 (20v) → 12 passages (15.7s)
[2026-03-10T04:57:07.441Z] [16/71] 申命记 ch9 (29v) → 8 passages (11.3s)
[2026-03-10T04:57:07.441Z] [16/71] 申命记 ch9 (29v) → 8 passages (11.3s)
[2026-03-10T04:57:24.873Z] [17/71] 申命记 ch10 (22v) → 9 passages (11.6s)
[2026-03-10T04:57:24.873Z] [17/71] 申命记 ch10 (22v) → 9 passages (11.6s)
[2026-03-10T04:57:51.129Z] [18/71] 箴言 ch10 (32v) → 16 passages (16.0s)
[2026-03-10T04:57:51.129Z] [18/71] 箴言 ch10 (32v) → 16 passages (16.0s)
[2026-03-10T04:58:23.225Z] [19/71] 箴言 ch11 (31v) → 22 passages (18.0s)
[2026-03-10T04:58:23.225Z] [19/71] 箴言 ch11 (31v) → 22 passages (18.0s)
[2026-03-10T04:58:54.390Z] [20/71] 箴言 ch12 (28v) → 20 passages (18.4s)
[2026-03-10T04:58:54.390Z] [20/71] 箴言 ch12 (28v) → 20 passages (18.4s)
[2026-03-10T04:59:23.652Z] [21/71] 箴言 ch13 (25v) → 19 passages (17.1s)
[2026-03-10T04:59:23.652Z] [21/71] 箴言 ch13 (25v) → 19 passages (17.1s)
[2026-03-10T05:00:03.492Z] [22/71] 箴言 ch14 (35v) → 27 passages (22.3s)
[2026-03-10T05:00:03.492Z] [22/71] 箴言 ch14 (35v) → 27 passages (22.3s)
[2026-03-10T05:00:46.958Z] [23/71] 箴言 ch15 (33v) → 30 passages (24.1s)
[2026-03-10T05:00:46.958Z] [23/71] 箴言 ch15 (33v) → 30 passages (24.1s)
[2026-03-10T05:01:22.660Z] [24/71] 箴言 ch19 (29v) → 24 passages (19.3s)
[2026-03-10T05:01:22.660Z] [24/71] 箴言 ch19 (29v) → 24 passages (19.3s)
[2026-03-10T05:01:56.270Z] [25/71] 箴言 ch20 (30v) → 22 passages (18.9s)
[2026-03-10T05:01:56.270Z] [25/71] 箴言 ch20 (30v) → 22 passages (18.9s)
[2026-03-10T05:02:33.454Z] [26/71] 箴言 ch21 (31v) → 24 passages (21.9s)
[2026-03-10T05:02:33.454Z] [26/71] 箴言 ch21 (31v) → 24 passages (21.9s)
[2026-03-10T05:03:06.908Z] [27/71] 箴言 ch22 (29v) → 22 passages (19.4s)
[2026-03-10T05:03:06.908Z] [27/71] 箴言 ch22 (29v) → 22 passages (19.4s)
[2026-03-10T05:03:33.389Z] [28/71] 箴言 ch23 (35v) → 16 passages (16.3s)
[2026-03-10T05:03:33.389Z] [28/71] 箴言 ch23 (35v) → 16 passages (16.3s)
[2026-03-10T05:03:55.563Z] [29/71] 箴言 ch24 (34v) → 13 passages (13.8s)
[2026-03-10T05:03:55.563Z] [29/71] 箴言 ch24 (34v) → 13 passages (13.8s)
[2026-03-10T05:04:24.304Z] [30/71] 箴言 ch25 (28v) → 18 passages (17.2s)
[2026-03-10T05:04:24.304Z] [30/71] 箴言 ch25 (28v) → 18 passages (17.2s)
[2026-03-10T05:05:37.812Z] [31/71] 箴言 ch26 (28v) → 11 passages (66.5s)
[2026-03-10T05:05:37.812Z] [31/71] 箴言 ch26 (28v) → 11 passages (66.5s)
[2026-03-10T05:06:07.724Z] [32/71] 箴言 ch27 (27v) → 18 passages (18.4s)
[2026-03-10T05:06:07.724Z] [32/71] 箴言 ch27 (27v) → 18 passages (18.4s)
[2026-03-10T05:06:49.131Z] [33/71] 箴言 ch28 (28v) → 26 passages (23.8s)
[2026-03-10T05:06:49.131Z] [33/71] 箴言 ch28 (28v) → 26 passages (23.8s)
[2026-03-10T05:07:27.132Z] [34/71] 箴言 ch29 (27v) → 24 passages (22.6s)
[2026-03-10T05:07:27.132Z] [34/71] 箴言 ch29 (27v) → 24 passages (22.6s)
[2026-03-10T05:07:50.046Z] [35/71] 箴言 ch30 (33v) → 13 passages (14.5s)
[2026-03-10T05:07:50.046Z] [35/71] 箴言 ch30 (33v) → 13 passages (14.5s)
[2026-03-10T05:08:07.342Z] [36/71] 诗篇 ch9 (20v) → 9 passages (11.5s)
[2026-03-10T05:08:07.342Z] [36/71] 诗篇 ch9 (20v) → 9 passages (11.5s)
[2026-03-10T05:09:22.025Z] [37/71] 诗篇 ch10,11 (25v) → 13 passages (66.3s)
[2026-03-10T05:09:22.025Z] [37/71] 诗篇 ch10,11 (25v) → 13 passages (66.3s)
[2026-03-10T05:09:51.424Z] [38/71] 诗篇 ch12,13,14,15 (26v) → 17 passages (18.5s)
[2026-03-10T05:09:51.424Z] [38/71] 诗篇 ch12,13,14,15 (26v) → 17 passages (18.5s)
[2026-03-10T05:10:13.662Z] [39/71] 诗篇 ch16,17 (26v) → 12 passages (14.5s)
[2026-03-10T05:10:13.662Z] [39/71] 诗篇 ch16,17 (26v) → 12 passages (14.5s)
[2026-03-10T05:10:35.044Z] [40/71] 诗篇 ch22 (31v) → 12 passages (13.6s)
[2026-03-10T05:10:35.044Z] [40/71] 诗篇 ch22 (31v) → 12 passages (13.6s)
[2026-03-10T05:10:51.934Z] [41/71] 诗篇 ch23,24 (16v) → 8 passages (11.6s)
[2026-03-10T05:10:51.934Z] [41/71] 诗篇 ch23,24 (16v) → 8 passages (11.6s)
[2026-03-10T05:11:11.665Z] [42/71] 诗篇 ch25 (22v) → 11 passages (12.6s)
[2026-03-10T05:11:11.665Z] [42/71] 诗篇 ch25 (22v) → 11 passages (12.6s)
[2026-03-10T05:11:40.913Z] [43/71] 诗篇 ch26,27 (26v) → 14 passages (19.2s)
[2026-03-10T05:11:40.913Z] [43/71] 诗篇 ch26,27 (26v) → 14 passages (19.2s)
[2026-03-10T05:11:57.578Z] [44/71] 诗篇 ch28,29 (20v) → 8 passages (11.5s)
[2026-03-10T05:11:57.578Z] [44/71] 诗篇 ch28,29 (20v) → 8 passages (11.5s)
[2026-03-10T05:12:09.418Z] [45/71] 诗篇 ch30 (12v) → 5 passages (8.5s)
[2026-03-10T05:12:09.418Z] [45/71] 诗篇 ch30 (12v) → 5 passages (8.5s)
[2026-03-10T05:12:25.668Z] [46/71] 诗篇 ch31 (24v) → 8 passages (11.0s)
[2026-03-10T05:12:25.668Z] [46/71] 诗篇 ch31 (24v) → 8 passages (11.0s)
[2026-03-10T05:12:39.193Z] [47/71] 诗篇 ch32 (11v) → 7 passages (9.1s)
[2026-03-10T05:12:39.193Z] [47/71] 诗篇 ch32 (11v) → 7 passages (9.1s)
[2026-03-10T05:12:53.815Z] [48/71] 诗篇 ch33 (22v) → 7 passages (10.2s)
[2026-03-10T05:12:53.815Z] [48/71] 诗篇 ch33 (22v) → 7 passages (10.2s)
[2026-03-10T05:13:19.860Z] [49/71] 诗篇 ch37 (40v) → 16 passages (15.7s)
[2026-03-10T05:13:19.860Z] [49/71] 诗篇 ch37 (40v) → 16 passages (15.7s)
[2026-03-10T05:13:34.841Z] [50/71] 诗篇 ch38 (22v) → 7 passages (10.3s)
[2026-03-10T05:13:34.841Z] [50/71] 诗篇 ch38 (22v) → 7 passages (10.3s)
[2026-03-10T05:13:59.404Z] [51/71] 诗篇 ch39,40 (30v) → 13 passages (16.2s)
[2026-03-10T05:13:59.404Z] [51/71] 诗篇 ch39,40 (30v) → 13 passages (16.2s)
[2026-03-10T05:14:26.850Z] [52/71] 诗篇 ch41,42,43 (29v) → 15 passages (17.8s)
[2026-03-10T05:14:26.850Z] [52/71] 诗篇 ch41,42,43 (29v) → 15 passages (17.8s)
[2026-03-10T05:14:38.476Z] [53/71] 诗篇 ch44 (26v) → 5 passages (8.3s)
[2026-03-10T05:14:38.476Z] [53/71] 诗篇 ch44 (26v) → 5 passages (8.3s)
[2026-03-10T05:15:00.535Z] [54/71] 诗篇 ch45,46 (28v) → 12 passages (14.3s)
[2026-03-10T05:15:00.535Z] [54/71] 诗篇 ch45,46 (28v) → 12 passages (14.3s)
[2026-03-10T05:15:25.341Z] [55/71] 诗篇 ch47,79 (22v) → 14 passages (15.8s)
[2026-03-10T05:15:25.341Z] [55/71] 诗篇 ch47,79 (22v) → 14 passages (15.8s)
[2026-03-10T05:15:41.685Z] [56/71] 诗篇 ch80 (19v) → 8 passages (11.1s)
[2026-03-10T05:15:41.685Z] [56/71] 诗篇 ch80 (19v) → 8 passages (11.1s)
[2026-03-10T05:15:59.839Z] [57/71] 诗篇 ch81,82 (24v) → 9 passages (12.3s)
[2026-03-10T05:15:59.839Z] [57/71] 诗篇 ch81,82 (24v) → 9 passages (12.3s)
[2026-03-10T05:16:27.636Z] [58/71] 诗篇 ch83,84 (30v) → 16 passages (17.5s)
[2026-03-10T05:16:27.636Z] [58/71] 诗篇 ch83,84 (30v) → 16 passages (17.5s)
[2026-03-10T05:16:52.902Z] [59/71] 诗篇 ch85,121,122 (30v) → 13 passages (15.8s)
[2026-03-10T05:16:52.902Z] [59/71] 诗篇 ch85,121,122 (30v) → 13 passages (15.8s)
[2026-03-10T05:17:18.303Z] [60/71] 诗篇 ch123,124,125,126,127 (28v) → 13 passages (17.0s)
[2026-03-10T05:17:18.303Z] [60/71] 诗篇 ch123,124,125,126,127 (28v) → 13 passages (17.0s)
[2026-03-10T05:17:48.372Z] [61/71] 诗篇 ch128,129,130,131 (25v) → 17 passages (19.1s)
[2026-03-10T05:17:48.372Z] [61/71] 诗篇 ch128,129,130,131 (25v) → 17 passages (19.1s)
[2026-03-10T05:18:02.287Z] [62/71] 诗篇 ch132,133 (21v) → 6 passages (10.0s)
[2026-03-10T05:18:02.287Z] [62/71] 诗篇 ch132,133 (21v) → 6 passages (10.0s)
[2026-03-10T05:18:26.805Z] [63/71] 诗篇 ch140,141,142 (30v) → 13 passages (16.2s)
[2026-03-10T05:18:26.805Z] [63/71] 诗篇 ch140,141,142 (30v) → 13 passages (16.2s)
[2026-03-10T05:18:47.452Z] [64/71] 诗篇 ch143,144 (27v) → 11 passages (13.5s)
[2026-03-10T05:18:47.452Z] [64/71] 诗篇 ch143,144 (27v) → 11 passages (13.5s)
[2026-03-10T05:19:01.680Z] [65/71] 诗篇 ch145 (21v) → 7 passages (9.7s)
[2026-03-10T05:19:01.680Z] [65/71] 诗篇 ch145 (21v) → 7 passages (9.7s)
[2026-03-10T05:19:14.425Z] [66/71] 诗篇 ch146 (10v) → 6 passages (8.8s)
[2026-03-10T05:19:14.425Z] [66/71] 诗篇 ch146 (10v) → 6 passages (8.8s)
[2026-03-10T05:19:29.182Z] [67/71] 阿摩司书 ch1 (15v) → 7 passages (10.2s)
[2026-03-10T05:19:29.182Z] [67/71] 阿摩司书 ch1 (15v) → 7 passages (10.2s)
[2026-03-10T05:19:42.456Z] [68/71] 阿摩司书 ch2 (16v) → 6 passages (9.5s)
[2026-03-10T05:19:42.456Z] [68/71] 阿摩司书 ch2 (16v) → 6 passages (9.5s)
[2026-03-10T05:20:01.778Z] [69/71] 阿摩司书 ch3,4 (28v) → 10 passages (12.9s)
[2026-03-10T05:20:01.778Z] [69/71] 阿摩司书 ch3,4 (28v) → 10 passages (12.9s)
[2026-03-10T05:20:21.364Z] [70/71] 阿摩司书 ch5 (27v) → 9 passages (13.7s)
[2026-03-10T05:20:21.364Z] [70/71] 阿摩司书 ch5 (27v) → 9 passages (13.7s)
[2026-03-10T05:20:39.312Z] [71/71] 阿摩司书 ch6 (14v) → 9 passages (12.1s)
[2026-03-10T05:20:39.312Z] [71/71] 阿摩司书 ch6 (14v) → 9 passages (12.1s)
[2026-03-10T05:20:39.313Z] === tag-passages done (29.3 min) ===
[2026-03-10T05:20:39.313Z]   Batches: 71 ok, 0 errors
[2026-03-10T05:20:39.314Z]   Total passages: 926
[2026-03-10T05:20:39.313Z] === tag-passages done (29.3 min) ===
[2026-03-10T05:20:39.313Z]   Batches: 71 ok, 0 errors
[2026-03-10T05:20:39.314Z]   Total passages: 926
[2026-03-10T05:20:39.971Z]   DB total: 7249
[2026-03-10T05:20:39.971Z]   DB total: 7249
